This file contains any messages produced by compilers while
running configure, to aid debugging if configure makes a mistake.

It was created by quilt configure 0.60, which was
generated by GNU Autoconf 2.68.  Invocation command line was

  $ ./configure CC=gcc CFLAGS=-O2 -I/home/dogi/openwrt/trunk/staging_dir/host/include CPPFLAGS=-I/home/dogi/openwrt/trunk/staging_dir/host/include LDFLAGS=-L/home/dogi/openwrt/trunk/staging_dir/host/lib SHELL=/bin/bash --target=x86_64-linux-gnu --host=x86_64-linux-gnu --build=x86_64-linux-gnu --program-prefix= --program-suffix= --prefix=/home/dogi/openwrt/trunk/staging_dir/host --exec-prefix=/home/dogi/openwrt/trunk/staging_dir/host --sysconfdir=/home/dogi/openwrt/trunk/staging_dir/host/etc --localstatedir=/home/dogi/openwrt/trunk/staging_dir/host/var --sbindir=/home/dogi/openwrt/trunk/staging_dir/host/bin --with-find=/usr/bin/find

## --------- ##
## Platform. ##
## --------- ##

hostname = Thinkbrett2
uname -m = x86_64
uname -r = 3.13.0-45-generic
uname -s = Linux
uname -v = #74-Ubuntu SMP Tue Jan 13 19:36:28 UTC 2015

/usr/bin/uname -p = unknown
/bin/uname -X     = unknown

/bin/arch              = unknown
/usr/bin/arch -k       = unknown
/usr/convex/getsysinfo = unknown
/usr/bin/hostinfo      = unknown
/bin/machine           = unknown
/usr/bin/oslevel       = unknown
/bin/universe          = unknown

PATH: /home/dogi/openwrt/trunk/staging_dir/toolchain-mipsel_24kec+dsp_gcc-4.6-linaro_uClibc-0.9.33.2/bin
PATH: /home/dogi/openwrt/trunk/staging_dir/host/bin
PATH: /home/dogi/openwrt/trunk/staging_dir/toolchain-mipsel_24kec+dsp_gcc-4.6-linaro_uClibc-0.9.33.2/bin
PATH: /home/dogi/openwrt/trunk/staging_dir/host/bin
PATH: /usr/local/sbin
PATH: /usr/local/bin
PATH: /usr/sbin
PATH: /usr/bin
PATH: /sbin
PATH: /bin
PATH: /usr/games
PATH: /usr/local/games


## ----------- ##
## Core tests. ##
## ----------- ##

configure:1796: checking for a BSD-compatible install
configure:1864: result: /usr/bin/install -c
configure:1876: checking whether #! works in shell scripts
configure:1893: result: yes
configure:1945: checking for bash
configure:1964: found /bin/bash
configure:1976: result: /bin/bash
configure:2011: checking whether /bin/bash quoting works
configure:2014: result: yes
configure:2061: checking for gcp
configure:2095: result: no
configure:2061: checking for cp
configure:2080: found /home/dogi/openwrt/trunk/staging_dir/host/bin/cp
configure:2092: result: /home/dogi/openwrt/trunk/staging_dir/host/bin/cp
configure:2153: checking for gdate
configure:2187: result: no
configure:2153: checking for date
configure:2172: found /bin/date
configure:2184: result: /bin/date
configure:2216: checking whether /bin/date --rfc-822 works
configure:2219: result: yes
configure:2266: checking for perl
configure:2285: found /usr/bin/perl
configure:2297: result: /usr/bin/perl
configure:2356: checking for grep
configure:2375: found /home/dogi/openwrt/trunk/staging_dir/host/bin/grep
configure:2387: result: /home/dogi/openwrt/trunk/staging_dir/host/bin/grep
configure:2408: checking whether /home/dogi/openwrt/trunk/staging_dir/host/bin/grep -q works
configure:2411: result: yes
configure:2423: checking whether /home/dogi/openwrt/trunk/staging_dir/host/bin/grep understands (foo|bar)
configure:2426: result: yes
configure:2472: checking for tail
configure:2491: found /usr/bin/tail
configure:2503: result: /usr/bin/tail
configure:2525: checking whether /usr/bin/tail -n works
configure:2528: result: yes
configure:2574: checking for tr
configure:2593: found /usr/bin/tr
configure:2605: result: /usr/bin/tr
configure:2626: checking whether /usr/bin/tr understands a-z 
configure:2629: result: yes
configure:2676: checking for stat
configure:2695: found /home/dogi/openwrt/trunk/staging_dir/host/bin/stat
configure:2707: result: /home/dogi/openwrt/trunk/staging_dir/host/bin/stat
configure:2728: checking whether /home/dogi/openwrt/trunk/staging_dir/host/bin/stat -c '%h' works
configure:2731: result: yes
configure:2788: checking for sed
configure:2807: found /home/dogi/openwrt/trunk/staging_dir/host/bin/sed
configure:2819: result: /home/dogi/openwrt/trunk/staging_dir/host/bin/sed
configure:2840: checking whether /home/dogi/openwrt/trunk/staging_dir/host/bin/sed understands (foo|bar)
configure:2843: result: yes
configure:2891: checking for gawk
configure:2910: found /usr/bin/gawk
configure:2922: result: /usr/bin/gawk
configure:2949: checking whether /usr/bin/gawk supports sub
configure:2952: result: yes
configure:2979: checking for pod2man
configure:2997: found /usr/bin/pod2man
configure:3009: result: /usr/bin/pod2man
configure:3056: checking for column
configure:3075: found /usr/bin/column
configure:3087: result: /usr/bin/column
configure:3144: checking for getopt
configure:3163: found /home/dogi/openwrt/trunk/staging_dir/host/bin/getopt
configure:3175: result: /home/dogi/openwrt/trunk/staging_dir/host/bin/getopt
configure:3201: checking for getopt --long syntax
configure:3208: result: yes
configure:3255: checking for mktemp
configure:3274: found /bin/mktemp
configure:3286: result: /bin/mktemp
configure:3311: checking whether /bin/mktemp -d works
configure:3315: result: yes
configure:3362: checking for diff
configure:3381: found /home/dogi/openwrt/trunk/staging_dir/host/bin/diff
configure:3393: result: /home/dogi/openwrt/trunk/staging_dir/host/bin/diff
configure:3446: checking for patch
configure:3465: found /home/dogi/openwrt/trunk/staging_dir/host/bin/patch
configure:3477: result: /home/dogi/openwrt/trunk/staging_dir/host/bin/patch
configure:3499: checking the version of /home/dogi/openwrt/trunk/staging_dir/host/bin/diff
configure:3504: result: 3.3
configure:3527: checking the version of /home/dogi/openwrt/trunk/staging_dir/host/bin/patch
configure:3536: result: 2.7.1
configure:3568: checking for find
configure:3576: result: /usr/bin/find
configure:3642: checking whether /usr/bin/find -path works
configure:3645: result: yes
configure:3658: checking whether /usr/bin/find -print0 works
configure:3661: result: yes
configure:3707: checking for xargs
configure:3726: found /home/dogi/openwrt/trunk/staging_dir/host/bin/xargs
configure:3738: result: /home/dogi/openwrt/trunk/staging_dir/host/bin/xargs
configure:3759: checking whether /home/dogi/openwrt/trunk/staging_dir/host/bin/xargs -0 works
configure:3762: result: yes
configure:3803: checking for diffstat
configure:3822: found /usr/bin/diffstat
configure:3834: result: /usr/bin/diffstat
configure:3862: checking for diffstat version
configure:3881: result: 1.58
configure:3930: checking for sendmail
configure:3949: found /usr/sbin/sendmail
configure:3961: result: /usr/sbin/sendmail
configure:3999: checking for msgmerge
configure:4017: found /usr/bin/msgmerge
configure:4029: result: /usr/bin/msgmerge
configure:4039: checking for msgfmt
configure:4057: found /usr/bin/msgfmt
configure:4069: result: /usr/bin/msgfmt
configure:4079: checking for xgettext
configure:4097: found /usr/bin/xgettext
configure:4109: result: /usr/bin/xgettext
configure:4119: checking for msguniq
configure:4137: found /usr/bin/msguniq
configure:4149: result: /usr/bin/msguniq
configure:4159: checking for msgcat
configure:4177: found /usr/bin/msgcat
configure:4189: result: /usr/bin/msgcat
configure:4267: checking for rpmbuild
configure:4301: result: no
configure:4267: checking for rpm
configure:4301: result: no
configure:4315: WARNING: rpmbuild not found, some optional functionalities will be missing
configure:4482: creating ./config.status

## ---------------------- ##
## Running config.status. ##
## ---------------------- ##

This file was extended by quilt config.status 0.60, which was
generated by GNU Autoconf 2.68.  Invocation command line was

  CONFIG_FILES    = 
  CONFIG_HEADERS  = 
  CONFIG_LINKS    = 
  CONFIG_COMMANDS = 
  $ ./config.status 

on Thinkbrett2

config.status:760: creating Makefile
configure:5506: result: 
configure:5508: result: quilt version 0.60 configured.
configure:5510: result: 
configure:5512: result: Using '/home/dogi/openwrt/trunk/staging_dir/host' for installation prefix.
configure:5515: result: 
configure:5517: result: Report bugs to quilt-dev@nongnu.org

## ---------------- ##
## Cache variables. ##
## ---------------- ##

ac_cv_env_build_alias_set=set
ac_cv_env_build_alias_value=x86_64-linux-gnu
ac_cv_env_host_alias_set=set
ac_cv_env_host_alias_value=x86_64-linux-gnu
ac_cv_env_target_alias_set=set
ac_cv_env_target_alias_value=x86_64-linux-gnu
ac_cv_path_AWK=/usr/bin/gawk
ac_cv_path_BASH=/bin/bash
ac_cv_path_COLUMN=/usr/bin/column
ac_cv_path_CP=/home/dogi/openwrt/trunk/staging_dir/host/bin/cp
ac_cv_path_DATE=/bin/date
ac_cv_path_DIFF=/home/dogi/openwrt/trunk/staging_dir/host/bin/diff
ac_cv_path_DIFFSTAT=/usr/bin/diffstat
ac_cv_path_GETOPT=/home/dogi/openwrt/trunk/staging_dir/host/bin/getopt
ac_cv_path_GREP=/home/dogi/openwrt/trunk/staging_dir/host/bin/grep
ac_cv_path_MKTEMP=/bin/mktemp
ac_cv_path_MSGCAT=/usr/bin/msgcat
ac_cv_path_MSGFMT=/usr/bin/msgfmt
ac_cv_path_MSGMERGE=/usr/bin/msgmerge
ac_cv_path_MSGUNIQ=/usr/bin/msguniq
ac_cv_path_PATCH=/home/dogi/openwrt/trunk/staging_dir/host/bin/patch
ac_cv_path_PERL=/usr/bin/perl
ac_cv_path_POD2MAN=/usr/bin/pod2man
ac_cv_path_SED=/home/dogi/openwrt/trunk/staging_dir/host/bin/sed
ac_cv_path_SENDMAIL=/usr/sbin/sendmail
ac_cv_path_STAT=/home/dogi/openwrt/trunk/staging_dir/host/bin/stat
ac_cv_path_TAIL=/usr/bin/tail
ac_cv_path_TR=/usr/bin/tr
ac_cv_path_XARGS=/home/dogi/openwrt/trunk/staging_dir/host/bin/xargs
ac_cv_path_XGETTEXT=/usr/bin/xgettext
ac_cv_path_install='/usr/bin/install -c'
ac_cv_sys_interpreter=yes

## ----------------- ##
## Output variables. ##
## ----------------- ##

AWK='/usr/bin/gawk'
BASH='/bin/bash'
COLUMN='/usr/bin/column'
COMPAT_PROGRAMS=''
COMPAT_SYMLINKS=' awk find sendmail'
CP='/home/dogi/openwrt/trunk/staging_dir/host/bin/cp'
DATE='/bin/date'
DEFS='-DPACKAGE_NAME=\"quilt\" -DPACKAGE_TARNAME=\"quilt\" -DPACKAGE_VERSION=\"0.60\" -DPACKAGE_STRING=\"quilt\ 0.60\" -DPACKAGE_BUGREPORT=\"quilt-dev@nongnu.org\" -DPACKAGE_URL=\"\"'
DIFF='/home/dogi/openwrt/trunk/staging_dir/host/bin/diff'
DIFFSTAT='/usr/bin/diffstat'
ECHO_C=''
ECHO_N='-n'
ECHO_T=''
FIND='/usr/bin/find'
GETOPT='/home/dogi/openwrt/trunk/staging_dir/host/bin/getopt'
GREP='/home/dogi/openwrt/trunk/staging_dir/host/bin/grep'
INSTALL_DATA='${INSTALL} -m 644'
INSTALL_PROGRAM='${INSTALL}'
INSTALL_SCRIPT='${INSTALL}'
LIBOBJS=''
LIBS=''
LTLIBOBJS=''
MKTEMP='/bin/mktemp'
MSGCAT='/usr/bin/msgcat'
MSGFMT='/usr/bin/msgfmt'
MSGMERGE='/usr/bin/msgmerge'
MSGUNIQ='/usr/bin/msguniq'
PACKAGE_BUGREPORT='quilt-dev@nongnu.org'
PACKAGE_NAME='quilt'
PACKAGE_RELEASE='1'
PACKAGE_STRING='quilt 0.60'
PACKAGE_TARNAME='quilt'
PACKAGE_URL=''
PACKAGE_VERSION='0.60'
PATCH='/home/dogi/openwrt/trunk/staging_dir/host/bin/patch'
PATCH_WRAPPER='/usr/bin/find'
PATH_SEPARATOR=':'
PERL='/usr/bin/perl'
POD2MAN='/usr/bin/pod2man'
RPMBUILD='rpmbuild'
SED='/home/dogi/openwrt/trunk/staging_dir/host/bin/sed'
SENDMAIL='/usr/sbin/sendmail'
SHELL='/bin/bash'
STAT='/home/dogi/openwrt/trunk/staging_dir/host/bin/stat'
STAT_HARDLINK='-c '\''%h'\'''
TAIL='/usr/bin/tail'
TR='/usr/bin/tr'
USE_NLS='yes'
XARGS='/home/dogi/openwrt/trunk/staging_dir/host/bin/xargs'
XGETTEXT='/usr/bin/xgettext'
bindir='${exec_prefix}/bin'
build_alias='x86_64-linux-gnu'
datadir='${datarootdir}'
datarootdir='${prefix}/share'
docdir='${datarootdir}/doc/${PACKAGE_TARNAME}'
dvidir='${docdir}'
exec_prefix='/home/dogi/openwrt/trunk/staging_dir/host'
host_alias='x86_64-linux-gnu'
htmldir='${docdir}'
includedir='${prefix}/include'
infodir='${datarootdir}/info'
libdir='${exec_prefix}/lib'
libexecdir='${exec_prefix}/libexec'
localedir='${datarootdir}/locale'
localstatedir='/home/dogi/openwrt/trunk/staging_dir/host/var'
mandir='${datarootdir}/man'
oldincludedir='/usr/include'
pdfdir='${docdir}'
prefix='/home/dogi/openwrt/trunk/staging_dir/host'
program_transform_name='s,x,x,'
psdir='${docdir}'
sbindir='/home/dogi/openwrt/trunk/staging_dir/host/bin'
sharedstatedir='${prefix}/com'
sysconfdir='/home/dogi/openwrt/trunk/staging_dir/host/etc'
target_alias='x86_64-linux-gnu'

## ----------- ##
## confdefs.h. ##
## ----------- ##

/* confdefs.h */
#define PACKAGE_NAME "quilt"
#define PACKAGE_TARNAME "quilt"
#define PACKAGE_VERSION "0.60"
#define PACKAGE_STRING "quilt 0.60"
#define PACKAGE_BUGREPORT "quilt-dev@nongnu.org"
#define PACKAGE_URL ""

configure: exit 0
