This file contains any messages produced by compilers while
running configure, to aid debugging if configure makes a mistake.

It was created by configure, which was
generated by GNU Autoconf 2.64.  Invocation command line was

  $ /home/dogi/openwrt/trunk/build_dir/toolchain-mipsel_24kec+dsp_gcc-4.6-linaro_uClibc-0.9.33.2/gdb-linaro-7.6-2013.05/sim/configure --cache-file=./config.cache --with-system-zlib --prefix=/home/dogi/openwrt/trunk/staging_dir/toolchain-mipsel_24kec+dsp_gcc-4.6-linaro_uClibc-0.9.33.2 --disable-werror --disable-nls --without-uiout --disable-tui --disable-gdbtk --without-x --without-included-gettext --enable-threads --program-transform-name=s&^&mipsel-openwrt-linux-uclibc-& --disable-option-checking --build=x86_64-linux-gnu --host=x86_64-linux-gnu --target=mipsel-openwrt-linux-uclibc --srcdir=.././sim

## --------- ##
## Platform. ##
## --------- ##

hostname = Thinkbrett2
uname -m = x86_64
uname -r = 3.13.0-45-generic
uname -s = Linux
uname -v = #74-Ubuntu SMP Tue Jan 13 19:36:28 UTC 2015

/usr/bin/uname -p = unknown
/bin/uname -X     = unknown

/bin/arch              = unknown
/usr/bin/arch -k       = unknown
/usr/convex/getsysinfo = unknown
/usr/bin/hostinfo      = unknown
/bin/machine           = unknown
/usr/bin/oslevel       = unknown
/bin/universe          = unknown

PATH: /home/dogi/openwrt/trunk/staging_dir/toolchain-mipsel_24kec+dsp_gcc-4.6-linaro_uClibc-0.9.33.2/bin
PATH: /home/dogi/openwrt/trunk/staging_dir/host/bin
PATH: /home/dogi/openwrt/trunk/staging_dir/toolchain-mipsel_24kec+dsp_gcc-4.6-linaro_uClibc-0.9.33.2/bin
PATH: /home/dogi/openwrt/trunk/staging_dir/host/bin
PATH: /home/dogi/openwrt/trunk/staging_dir/toolchain-mipsel_24kec+dsp_gcc-4.6-linaro_uClibc-0.9.33.2/bin
PATH: /home/dogi/openwrt/trunk/staging_dir/host/bin
PATH: /usr/local/sbin
PATH: /usr/local/bin
PATH: /usr/sbin
PATH: /usr/bin
PATH: /sbin
PATH: /bin
PATH: /usr/games
PATH: /usr/local/games


## ----------- ##
## Core tests. ##
## ----------- ##

configure:1688: creating cache ./config.cache
configure:1773: checking for x86_64-linux-gnu-gcc
configure:1800: result: x86_64-linux-gnu-gcc
configure:2069: checking for C compiler version
configure:2078: x86_64-linux-gnu-gcc --version >&5
x86_64-linux-gnu-gcc (Ubuntu 4.8.2-19ubuntu1) 4.8.2
Copyright (C) 2013 Free Software Foundation, Inc.
This is free software; see the source for copying conditions.  There is NO
warranty; not even for MERCHANTABILITY or FITNESS FOR A PARTICULAR PURPOSE.

configure:2089: $? = 0
configure:2078: x86_64-linux-gnu-gcc -v >&5
Using built-in specs.
COLLECT_GCC=x86_64-linux-gnu-gcc
COLLECT_LTO_WRAPPER=/usr/lib/gcc/x86_64-linux-gnu/4.8/lto-wrapper
Target: x86_64-linux-gnu
Configured with: ../src/configure -v --with-pkgversion='Ubuntu 4.8.2-19ubuntu1' --with-bugurl=file:///usr/share/doc/gcc-4.8/README.Bugs --enable-languages=c,c++,java,go,d,fortran,objc,obj-c++ --prefix=/usr --program-suffix=-4.8 --enable-shared --enable-linker-build-id --libexecdir=/usr/lib --without-included-gettext --enable-threads=posix --with-gxx-include-dir=/usr/include/c++/4.8 --libdir=/usr/lib --enable-nls --with-sysroot=/ --enable-clocale=gnu --enable-libstdcxx-debug --enable-libstdcxx-time=yes --enable-gnu-unique-object --disable-libmudflap --enable-plugin --with-system-zlib --disable-browser-plugin --enable-java-awt=gtk --enable-gtk-cairo --with-java-home=/usr/lib/jvm/java-1.5.0-gcj-4.8-amd64/jre --enable-java-home --with-jvm-root-dir=/usr/lib/jvm/java-1.5.0-gcj-4.8-amd64 --with-jvm-jar-dir=/usr/lib/jvm-exports/java-1.5.0-gcj-4.8-amd64 --with-arch-directory=amd64 --with-ecj-jar=/usr/share/java/eclipse-ecj.jar --enable-objc-gc --enable-multiarch --disable-werror --with-arch-32=i686 --with-abi=m64 --with-multilib-list=m32,m64,mx32 --with-tune=generic --enable-checking=release --build=x86_64-linux-gnu --host=x86_64-linux-gnu --target=x86_64-linux-gnu
Thread model: posix
gcc version 4.8.2 (Ubuntu 4.8.2-19ubuntu1) 
configure:2089: $? = 0
configure:2078: x86_64-linux-gnu-gcc -V >&5
x86_64-linux-gnu-gcc: error: unrecognized command line option '-V'
x86_64-linux-gnu-gcc: fatal error: no input files
compilation terminated.
configure:2089: $? = 4
configure:2078: x86_64-linux-gnu-gcc -qversion >&5
x86_64-linux-gnu-gcc: error: unrecognized command line option '-qversion'
x86_64-linux-gnu-gcc: fatal error: no input files
compilation terminated.
configure:2089: $? = 4
configure:2109: checking for C compiler default output file name
configure:2131: x86_64-linux-gnu-gcc -O2  -static-libstdc++ -static-libgcc  conftest.c  >&5
configure:2135: $? = 0
configure:2172: result: a.out
configure:2188: checking whether the C compiler works
configure:2197: ./a.out
configure:2201: $? = 0
configure:2216: result: yes
configure:2223: checking whether we are cross compiling
configure:2225: result: no
configure:2228: checking for suffix of executables
configure:2235: x86_64-linux-gnu-gcc -o conftest -O2  -static-libstdc++ -static-libgcc  conftest.c  >&5
configure:2239: $? = 0
configure:2261: result: 
configure:2267: checking for suffix of object files
configure:2289: x86_64-linux-gnu-gcc -c -O2  conftest.c >&5
configure:2293: $? = 0
configure:2314: result: o
configure:2318: checking whether we are using the GNU C compiler
configure:2337: x86_64-linux-gnu-gcc -c -O2  conftest.c >&5
configure:2337: $? = 0
configure:2346: result: yes
configure:2355: checking whether x86_64-linux-gnu-gcc accepts -g
configure:2375: x86_64-linux-gnu-gcc -c -g  conftest.c >&5
configure:2375: $? = 0
configure:2416: result: yes
configure:2433: checking for x86_64-linux-gnu-gcc option to accept ISO C89
configure:2497: x86_64-linux-gnu-gcc  -c -O2  conftest.c >&5
configure:2497: $? = 0
configure:2510: result: none needed
configure:2567: checking for a BSD-compatible install
configure:2635: result: /usr/bin/install -c
configure:2649: checking for x86_64-linux-gnu-ar
configure:2676: result: x86_64-linux-gnu-ar
configure:2741: checking for x86_64-linux-gnu-ranlib
configure:2768: result: x86_64-linux-gnu-ranlib
configure:2835: checking build system type
configure:2849: result: x86_64-pc-linux-gnu
configure:2869: checking host system type
configure:2882: result: x86_64-pc-linux-gnu
configure:2902: checking target system type
configure:2915: result: mipsel-openwrt-linux-uclibc
configure:2960: checking for x86_64-linux-gnu-gcc
configure:2987: result: x86_64-linux-gnu-gcc
configure:3256: checking for C compiler version
configure:3265: x86_64-linux-gnu-gcc --version >&5
x86_64-linux-gnu-gcc (Ubuntu 4.8.2-19ubuntu1) 4.8.2
Copyright (C) 2013 Free Software Foundation, Inc.
This is free software; see the source for copying conditions.  There is NO
warranty; not even for MERCHANTABILITY or FITNESS FOR A PARTICULAR PURPOSE.

configure:3276: $? = 0
configure:3265: x86_64-linux-gnu-gcc -v >&5
Using built-in specs.
COLLECT_GCC=x86_64-linux-gnu-gcc
COLLECT_LTO_WRAPPER=/usr/lib/gcc/x86_64-linux-gnu/4.8/lto-wrapper
Target: x86_64-linux-gnu
Configured with: ../src/configure -v --with-pkgversion='Ubuntu 4.8.2-19ubuntu1' --with-bugurl=file:///usr/share/doc/gcc-4.8/README.Bugs --enable-languages=c,c++,java,go,d,fortran,objc,obj-c++ --prefix=/usr --program-suffix=-4.8 --enable-shared --enable-linker-build-id --libexecdir=/usr/lib --without-included-gettext --enable-threads=posix --with-gxx-include-dir=/usr/include/c++/4.8 --libdir=/usr/lib --enable-nls --with-sysroot=/ --enable-clocale=gnu --enable-libstdcxx-debug --enable-libstdcxx-time=yes --enable-gnu-unique-object --disable-libmudflap --enable-plugin --with-system-zlib --disable-browser-plugin --enable-java-awt=gtk --enable-gtk-cairo --with-java-home=/usr/lib/jvm/java-1.5.0-gcj-4.8-amd64/jre --enable-java-home --with-jvm-root-dir=/usr/lib/jvm/java-1.5.0-gcj-4.8-amd64 --with-jvm-jar-dir=/usr/lib/jvm-exports/java-1.5.0-gcj-4.8-amd64 --with-arch-directory=amd64 --with-ecj-jar=/usr/share/java/eclipse-ecj.jar --enable-objc-gc --enable-multiarch --disable-werror --with-arch-32=i686 --with-abi=m64 --with-multilib-list=m32,m64,mx32 --with-tune=generic --enable-checking=release --build=x86_64-linux-gnu --host=x86_64-linux-gnu --target=x86_64-linux-gnu
Thread model: posix
gcc version 4.8.2 (Ubuntu 4.8.2-19ubuntu1) 
configure:3276: $? = 0
configure:3265: x86_64-linux-gnu-gcc -V >&5
x86_64-linux-gnu-gcc: error: unrecognized command line option '-V'
x86_64-linux-gnu-gcc: fatal error: no input files
compilation terminated.
configure:3276: $? = 4
configure:3265: x86_64-linux-gnu-gcc -qversion >&5
x86_64-linux-gnu-gcc: error: unrecognized command line option '-qversion'
x86_64-linux-gnu-gcc: fatal error: no input files
compilation terminated.
configure:3276: $? = 4
configure:3280: checking whether we are using the GNU C compiler
configure:3308: result: yes
configure:3317: checking whether x86_64-linux-gnu-gcc accepts -g
configure:3378: result: yes
configure:3395: checking for x86_64-linux-gnu-gcc option to accept ISO C89
configure:3472: result: none needed
configure:3499: checking for x86_64-linux-gnu-ranlib
configure:3526: result: x86_64-linux-gnu-ranlib
configure:3913: updating cache ./config.cache
configure:3986: creating ./config.status

## ---------------------- ##
## Running config.status. ##
## ---------------------- ##

This file was extended by config.status, which was
generated by GNU Autoconf 2.64.  Invocation command line was

  CONFIG_FILES    = 
  CONFIG_HEADERS  = 
  CONFIG_LINKS    = 
  CONFIG_COMMANDS = 
  $ ./config.status 

on Thinkbrett2

config.status:740: creating Makefile
configure:5053: === configuring in mips (/home/dogi/openwrt/trunk/build_dir/toolchain-mipsel_24kec+dsp_gcc-4.6-linaro_uClibc-0.9.33.2/gdb-linaro-7.6-2013.05/sim/mips)
configure:5116: running /bin/bash ./configure --disable-option-checking '--prefix=/home/dogi/openwrt/trunk/staging_dir/toolchain-mipsel_24kec+dsp_gcc-4.6-linaro_uClibc-0.9.33.2'  '--with-system-zlib' '--disable-werror' '--disable-nls' '--without-uiout' '--disable-tui' '--disable-gdbtk' '--without-x' '--without-included-gettext' '--enable-threads' '--program-transform-name=s&^&mipsel-openwrt-linux-uclibc-&' '--build=x86_64-linux-gnu' '--host=x86_64-linux-gnu' '--target=mipsel-openwrt-linux-uclibc' 'build_alias=x86_64-linux-gnu' 'host_alias=x86_64-linux-gnu' 'target_alias=mipsel-openwrt-linux-uclibc' 'CC=x86_64-linux-gnu-gcc' 'CFLAGS=-O2' 'LDFLAGS=-static-libstdc++ -static-libgcc ' --cache-file=.././config.cache --srcdir=.
configure:5053: === configuring in testsuite (/home/dogi/openwrt/trunk/build_dir/toolchain-mipsel_24kec+dsp_gcc-4.6-linaro_uClibc-0.9.33.2/gdb-linaro-7.6-2013.05/sim/testsuite)
configure:5116: running /bin/bash ./configure --disable-option-checking '--prefix=/home/dogi/openwrt/trunk/staging_dir/toolchain-mipsel_24kec+dsp_gcc-4.6-linaro_uClibc-0.9.33.2'  '--with-system-zlib' '--disable-werror' '--disable-nls' '--without-uiout' '--disable-tui' '--disable-gdbtk' '--without-x' '--without-included-gettext' '--enable-threads' '--program-transform-name=s&^&mipsel-openwrt-linux-uclibc-&' '--build=x86_64-linux-gnu' '--host=x86_64-linux-gnu' '--target=mipsel-openwrt-linux-uclibc' 'build_alias=x86_64-linux-gnu' 'host_alias=x86_64-linux-gnu' 'target_alias=mipsel-openwrt-linux-uclibc' 'CC=x86_64-linux-gnu-gcc' 'CFLAGS=-O2' 'LDFLAGS=-static-libstdc++ -static-libgcc ' --cache-file=.././config.cache --srcdir=.
configure:5053: === configuring in common (/home/dogi/openwrt/trunk/build_dir/toolchain-mipsel_24kec+dsp_gcc-4.6-linaro_uClibc-0.9.33.2/gdb-linaro-7.6-2013.05/sim/common)
configure:5116: running /bin/bash ./configure --disable-option-checking '--prefix=/home/dogi/openwrt/trunk/staging_dir/toolchain-mipsel_24kec+dsp_gcc-4.6-linaro_uClibc-0.9.33.2'  '--with-system-zlib' '--disable-werror' '--disable-nls' '--without-uiout' '--disable-tui' '--disable-gdbtk' '--without-x' '--without-included-gettext' '--enable-threads' '--program-transform-name=s&^&mipsel-openwrt-linux-uclibc-&' '--build=x86_64-linux-gnu' '--host=x86_64-linux-gnu' '--target=mipsel-openwrt-linux-uclibc' 'build_alias=x86_64-linux-gnu' 'host_alias=x86_64-linux-gnu' 'target_alias=mipsel-openwrt-linux-uclibc' 'CC=x86_64-linux-gnu-gcc' 'CFLAGS=-O2' 'LDFLAGS=-static-libstdc++ -static-libgcc ' --cache-file=.././config.cache --srcdir=.
configure:5053: === configuring in igen (/home/dogi/openwrt/trunk/build_dir/toolchain-mipsel_24kec+dsp_gcc-4.6-linaro_uClibc-0.9.33.2/gdb-linaro-7.6-2013.05/sim/igen)
configure:5116: running /bin/bash ./configure --disable-option-checking '--prefix=/home/dogi/openwrt/trunk/staging_dir/toolchain-mipsel_24kec+dsp_gcc-4.6-linaro_uClibc-0.9.33.2'  '--with-system-zlib' '--disable-werror' '--disable-nls' '--without-uiout' '--disable-tui' '--disable-gdbtk' '--without-x' '--without-included-gettext' '--enable-threads' '--program-transform-name=s&^&mipsel-openwrt-linux-uclibc-&' '--build=x86_64-linux-gnu' '--host=x86_64-linux-gnu' '--target=mipsel-openwrt-linux-uclibc' 'build_alias=x86_64-linux-gnu' 'host_alias=x86_64-linux-gnu' 'target_alias=mipsel-openwrt-linux-uclibc' 'CC=x86_64-linux-gnu-gcc' 'CFLAGS=-O2' 'LDFLAGS=-static-libstdc++ -static-libgcc ' --cache-file=.././config.cache --srcdir=.

## ---------------- ##
## Cache variables. ##
## ---------------- ##

ac_cv_build=x86_64-pc-linux-gnu
ac_cv_c_compiler_gnu=yes
ac_cv_env_CC_set=set
ac_cv_env_CC_value=x86_64-linux-gnu-gcc
ac_cv_env_CFLAGS_set=set
ac_cv_env_CFLAGS_value=-O2
ac_cv_env_CPPFLAGS_set=
ac_cv_env_CPPFLAGS_value=
ac_cv_env_LDFLAGS_set=set
ac_cv_env_LDFLAGS_value='-static-libstdc++ -static-libgcc '
ac_cv_env_LIBS_set=
ac_cv_env_LIBS_value=
ac_cv_env_build_alias_set=set
ac_cv_env_build_alias_value=x86_64-linux-gnu
ac_cv_env_host_alias_set=set
ac_cv_env_host_alias_value=x86_64-linux-gnu
ac_cv_env_target_alias_set=set
ac_cv_env_target_alias_value=mipsel-openwrt-linux-uclibc
ac_cv_host=x86_64-pc-linux-gnu
ac_cv_objext=o
ac_cv_prog_AR=x86_64-linux-gnu-ar
ac_cv_prog_CC=x86_64-linux-gnu-gcc
ac_cv_prog_RANLIB=x86_64-linux-gnu-ranlib
ac_cv_prog_cc_c89=
ac_cv_prog_cc_g=yes
ac_cv_target=mipsel-openwrt-linux-uclibc

## ----------------- ##
## Output variables. ##
## ----------------- ##

AR='x86_64-linux-gnu-ar'
CC='x86_64-linux-gnu-gcc'
CC_FOR_BUILD='$(CC)'
CFLAGS='-O2'
CFLAGS_FOR_BUILD='-O2'
CPPFLAGS=''
DEFS='-DPACKAGE_NAME=\"\" -DPACKAGE_TARNAME=\"\" -DPACKAGE_VERSION=\"\" -DPACKAGE_STRING=\"\" -DPACKAGE_BUGREPORT=\"\" -DPACKAGE_URL=\"\"'
ECHO_C=''
ECHO_N='-n'
ECHO_T=''
EXEEXT=''
HDEFINES=''
INSTALL_DATA='/usr/bin/install -c -m 644'
INSTALL_PROGRAM='/usr/bin/install -c'
INSTALL_SCRIPT='/usr/bin/install -c'
LDFLAGS='-static-libstdc++ -static-libgcc '
LIBOBJS=''
LIBS=''
LTLIBOBJS=''
OBJEXT='o'
PACKAGE_BUGREPORT=''
PACKAGE_NAME=''
PACKAGE_STRING=''
PACKAGE_TARNAME=''
PACKAGE_URL=''
PACKAGE_VERSION=''
PATH_SEPARATOR=':'
RANLIB='x86_64-linux-gnu-ranlib'
SHELL='/bin/bash'
ac_ct_CC=''
bindir='${exec_prefix}/bin'
build='x86_64-pc-linux-gnu'
build_alias='x86_64-linux-gnu'
build_cpu='x86_64'
build_os='linux-gnu'
build_vendor='pc'
datadir='${datarootdir}'
datarootdir='${prefix}/share'
docdir='${datarootdir}/doc/${PACKAGE}'
dvidir='${docdir}'
exec_prefix='${prefix}'
host='x86_64-pc-linux-gnu'
host_alias='x86_64-linux-gnu'
host_cpu='x86_64'
host_os='linux-gnu'
host_vendor='pc'
htmldir='${docdir}'
includedir='${prefix}/include'
infodir='${datarootdir}/info'
libdir='${exec_prefix}/lib'
libexecdir='${exec_prefix}/libexec'
localedir='${datarootdir}/locale'
localstatedir='${prefix}/var'
mandir='${datarootdir}/man'
oldincludedir='/usr/include'
pdfdir='${docdir}'
prefix='/home/dogi/openwrt/trunk/staging_dir/toolchain-mipsel_24kec+dsp_gcc-4.6-linaro_uClibc-0.9.33.2'
program_transform_name='s&^&mipsel-openwrt-linux-uclibc-&'
psdir='${docdir}'
sbindir='${exec_prefix}/sbin'
sharedstatedir='${prefix}/com'
sim_arch='mips'
subdirs=' mips testsuite common igen'
sysconfdir='${prefix}/etc'
target='mipsel-openwrt-linux-uclibc'
target_alias='mipsel-openwrt-linux-uclibc'
target_cpu='mipsel'
target_os='linux-uclibc'
target_vendor='openwrt'

## ----------- ##
## confdefs.h. ##
## ----------- ##

/* confdefs.h */
#define PACKAGE_NAME ""
#define PACKAGE_TARNAME ""
#define PACKAGE_VERSION ""
#define PACKAGE_STRING ""
#define PACKAGE_BUGREPORT ""
#define PACKAGE_URL ""

configure: exit 0
