This file contains any messages produced by compilers while
running configure, to aid debugging if configure makes a mistake.

It was created by configure, which was
generated by GNU Autoconf 2.64.  Invocation command line was

  $ /home/dogi/openwrt/trunk/build_dir/toolchain-mipsel_24kec+dsp_gcc-4.6-linaro_uClibc-0.9.33.2/gdb-linaro-7.6-2013.05/configure --prefix=/home/dogi/openwrt/trunk/staging_dir/toolchain-mipsel_24kec+dsp_gcc-4.6-linaro_uClibc-0.9.33.2 --build=x86_64-linux-gnu --host=x86_64-linux-gnu --target=mipsel-openwrt-linux-uclibc --disable-werror --disable-nls --without-uiout --disable-tui --disable-gdbtk --without-x --without-included-gettext --enable-threads

## --------- ##
## Platform. ##
## --------- ##

hostname = Thinkbrett2
uname -m = x86_64
uname -r = 3.13.0-45-generic
uname -s = Linux
uname -v = #74-Ubuntu SMP Tue Jan 13 19:36:28 UTC 2015

/usr/bin/uname -p = unknown
/bin/uname -X     = unknown

/bin/arch              = unknown
/usr/bin/arch -k       = unknown
/usr/convex/getsysinfo = unknown
/usr/bin/hostinfo      = unknown
/bin/machine           = unknown
/usr/bin/oslevel       = unknown
/bin/universe          = unknown

PATH: /home/dogi/openwrt/trunk/staging_dir/toolchain-mipsel_24kec+dsp_gcc-4.6-linaro_uClibc-0.9.33.2/bin
PATH: /home/dogi/openwrt/trunk/staging_dir/host/bin
PATH: /home/dogi/openwrt/trunk/staging_dir/toolchain-mipsel_24kec+dsp_gcc-4.6-linaro_uClibc-0.9.33.2/bin
PATH: /home/dogi/openwrt/trunk/staging_dir/host/bin
PATH: /home/dogi/openwrt/trunk/staging_dir/toolchain-mipsel_24kec+dsp_gcc-4.6-linaro_uClibc-0.9.33.2/bin
PATH: /home/dogi/openwrt/trunk/staging_dir/host/bin
PATH: /usr/local/sbin
PATH: /usr/local/bin
PATH: /usr/sbin
PATH: /usr/bin
PATH: /sbin
PATH: /bin
PATH: /usr/games
PATH: /usr/local/games


## ----------- ##
## Core tests. ##
## ----------- ##

configure:2317: checking build system type
configure:2331: result: x86_64-pc-linux-gnu
configure:2378: checking host system type
configure:2391: result: x86_64-pc-linux-gnu
configure:2411: checking target system type
configure:2424: result: mipsel-openwrt-linux-uclibc
configure:2478: checking for a BSD-compatible install
configure:2546: result: /usr/bin/install -c
configure:2557: checking whether ln works
configure:2579: result: yes
configure:2583: checking whether ln -s works
configure:2587: result: yes
configure:2594: checking for a sed that does not truncate output
configure:2658: result: /home/dogi/openwrt/trunk/staging_dir/host/bin/sed
configure:2667: checking for gawk
configure:2683: found /usr/bin/gawk
configure:2694: result: gawk
configure:3896: checking for x86_64-linux-gnu-gcc
configure:3912: found /usr/bin/x86_64-linux-gnu-gcc
configure:3923: result: x86_64-linux-gnu-gcc
configure:4192: checking for C compiler version
configure:4201: x86_64-linux-gnu-gcc --version >&5
x86_64-linux-gnu-gcc (Ubuntu 4.8.2-19ubuntu1) 4.8.2
Copyright (C) 2013 Free Software Foundation, Inc.
This is free software; see the source for copying conditions.  There is NO
warranty; not even for MERCHANTABILITY or FITNESS FOR A PARTICULAR PURPOSE.

configure:4212: $? = 0
configure:4201: x86_64-linux-gnu-gcc -v >&5
Using built-in specs.
COLLECT_GCC=x86_64-linux-gnu-gcc
COLLECT_LTO_WRAPPER=/usr/lib/gcc/x86_64-linux-gnu/4.8/lto-wrapper
Target: x86_64-linux-gnu
Configured with: ../src/configure -v --with-pkgversion='Ubuntu 4.8.2-19ubuntu1' --with-bugurl=file:///usr/share/doc/gcc-4.8/README.Bugs --enable-languages=c,c++,java,go,d,fortran,objc,obj-c++ --prefix=/usr --program-suffix=-4.8 --enable-shared --enable-linker-build-id --libexecdir=/usr/lib --without-included-gettext --enable-threads=posix --with-gxx-include-dir=/usr/include/c++/4.8 --libdir=/usr/lib --enable-nls --with-sysroot=/ --enable-clocale=gnu --enable-libstdcxx-debug --enable-libstdcxx-time=yes --enable-gnu-unique-object --disable-libmudflap --enable-plugin --with-system-zlib --disable-browser-plugin --enable-java-awt=gtk --enable-gtk-cairo --with-java-home=/usr/lib/jvm/java-1.5.0-gcj-4.8-amd64/jre --enable-java-home --with-jvm-root-dir=/usr/lib/jvm/java-1.5.0-gcj-4.8-amd64 --with-jvm-jar-dir=/usr/lib/jvm-exports/java-1.5.0-gcj-4.8-amd64 --with-arch-directory=amd64 --with-ecj-jar=/usr/share/java/eclipse-ecj.jar --enable-objc-gc --enable-multiarch --disable-werror --with-arch-32=i686 --with-abi=m64 --with-multilib-list=m32,m64,mx32 --with-tune=generic --enable-checking=release --build=x86_64-linux-gnu --host=x86_64-linux-gnu --target=x86_64-linux-gnu
Thread model: posix
gcc version 4.8.2 (Ubuntu 4.8.2-19ubuntu1) 
configure:4212: $? = 0
configure:4201: x86_64-linux-gnu-gcc -V >&5
x86_64-linux-gnu-gcc: error: unrecognized command line option '-V'
x86_64-linux-gnu-gcc: fatal error: no input files
compilation terminated.
configure:4212: $? = 4
configure:4201: x86_64-linux-gnu-gcc -qversion >&5
x86_64-linux-gnu-gcc: error: unrecognized command line option '-qversion'
x86_64-linux-gnu-gcc: fatal error: no input files
compilation terminated.
configure:4212: $? = 4
configure:4232: checking for C compiler default output file name
configure:4254: x86_64-linux-gnu-gcc -O2   conftest.c  >&5
configure:4258: $? = 0
configure:4295: result: a.out
configure:4311: checking whether the C compiler works
configure:4320: ./a.out
configure:4324: $? = 0
configure:4339: result: yes
configure:4346: checking whether we are cross compiling
configure:4348: result: no
configure:4351: checking for suffix of executables
configure:4358: x86_64-linux-gnu-gcc -o conftest -O2   conftest.c  >&5
configure:4362: $? = 0
configure:4384: result: 
configure:4390: checking for suffix of object files
configure:4412: x86_64-linux-gnu-gcc -c -O2  conftest.c >&5
configure:4416: $? = 0
configure:4437: result: o
configure:4441: checking whether we are using the GNU C compiler
configure:4460: x86_64-linux-gnu-gcc -c -O2  conftest.c >&5
configure:4460: $? = 0
configure:4469: result: yes
configure:4478: checking whether x86_64-linux-gnu-gcc accepts -g
configure:4498: x86_64-linux-gnu-gcc -c -g  conftest.c >&5
configure:4498: $? = 0
configure:4539: result: yes
configure:4556: checking for x86_64-linux-gnu-gcc option to accept ISO C89
configure:4620: x86_64-linux-gnu-gcc  -c -O2  conftest.c >&5
configure:4620: $? = 0
configure:4633: result: none needed
configure:4667: checking for x86_64-linux-gnu-g++
configure:4683: found /usr/bin/x86_64-linux-gnu-g++
configure:4694: result: x86_64-linux-gnu-g++
configure:4765: checking for C++ compiler version
configure:4774: x86_64-linux-gnu-g++ --version >&5
x86_64-linux-gnu-g++ (Ubuntu 4.8.2-19ubuntu1) 4.8.2
Copyright (C) 2013 Free Software Foundation, Inc.
This is free software; see the source for copying conditions.  There is NO
warranty; not even for MERCHANTABILITY or FITNESS FOR A PARTICULAR PURPOSE.

configure:4785: $? = 0
configure:4774: x86_64-linux-gnu-g++ -v >&5
Using built-in specs.
COLLECT_GCC=x86_64-linux-gnu-g++
COLLECT_LTO_WRAPPER=/usr/lib/gcc/x86_64-linux-gnu/4.8/lto-wrapper
Target: x86_64-linux-gnu
Configured with: ../src/configure -v --with-pkgversion='Ubuntu 4.8.2-19ubuntu1' --with-bugurl=file:///usr/share/doc/gcc-4.8/README.Bugs --enable-languages=c,c++,java,go,d,fortran,objc,obj-c++ --prefix=/usr --program-suffix=-4.8 --enable-shared --enable-linker-build-id --libexecdir=/usr/lib --without-included-gettext --enable-threads=posix --with-gxx-include-dir=/usr/include/c++/4.8 --libdir=/usr/lib --enable-nls --with-sysroot=/ --enable-clocale=gnu --enable-libstdcxx-debug --enable-libstdcxx-time=yes --enable-gnu-unique-object --disable-libmudflap --enable-plugin --with-system-zlib --disable-browser-plugin --enable-java-awt=gtk --enable-gtk-cairo --with-java-home=/usr/lib/jvm/java-1.5.0-gcj-4.8-amd64/jre --enable-java-home --with-jvm-root-dir=/usr/lib/jvm/java-1.5.0-gcj-4.8-amd64 --with-jvm-jar-dir=/usr/lib/jvm-exports/java-1.5.0-gcj-4.8-amd64 --with-arch-directory=amd64 --with-ecj-jar=/usr/share/java/eclipse-ecj.jar --enable-objc-gc --enable-multiarch --disable-werror --with-arch-32=i686 --with-abi=m64 --with-multilib-list=m32,m64,mx32 --with-tune=generic --enable-checking=release --build=x86_64-linux-gnu --host=x86_64-linux-gnu --target=x86_64-linux-gnu
Thread model: posix
gcc version 4.8.2 (Ubuntu 4.8.2-19ubuntu1) 
configure:4785: $? = 0
configure:4774: x86_64-linux-gnu-g++ -V >&5
x86_64-linux-gnu-g++: error: unrecognized command line option '-V'
x86_64-linux-gnu-g++: fatal error: no input files
compilation terminated.
configure:4785: $? = 4
configure:4774: x86_64-linux-gnu-g++ -qversion >&5
x86_64-linux-gnu-g++: error: unrecognized command line option '-qversion'
x86_64-linux-gnu-g++: fatal error: no input files
compilation terminated.
configure:4785: $? = 4
configure:4789: checking whether we are using the GNU C++ compiler
configure:4808: x86_64-linux-gnu-g++ -c   conftest.cpp >&5
configure:4808: $? = 0
configure:4817: result: yes
configure:4826: checking whether x86_64-linux-gnu-g++ accepts -g
configure:4846: x86_64-linux-gnu-g++ -c -g  conftest.cpp >&5
configure:4846: $? = 0
configure:4887: result: yes
configure:4936: checking whether g++ accepts -static-libstdc++ -static-libgcc
configure:4953: x86_64-linux-gnu-g++ -o conftest -g -O2   -static-libstdc++ -static-libgcc conftest.cpp  >&5
configure:4953: $? = 0
configure:4954: result: yes
configure:4978: checking for x86_64-linux-gnu-gnatbind
configure:5008: result: no
configure:5018: checking for gnatbind
configure:5048: result: no
configure:5070: checking for x86_64-linux-gnu-gnatmake
configure:5100: result: no
configure:5110: checking for gnatmake
configure:5140: result: no
configure:5159: checking whether compiler driver understands Ada
configure:5182: result: no
configure:5191: checking how to compare bootstrapped objects
configure:5216: result: cmp --ignore-initial=16 $$f1 $$f2
configure:5270: checking for objdir
configure:5285: result: .libs
configure:5857: checking for version 0.10 of ISL
configure:5876: x86_64-linux-gnu-gcc -o conftest -O2      conftest.c  -lisl >&5
conftest.c:10:25: fatal error: isl/version.h: No such file or directory
 #include <isl/version.h>
                         ^
compilation terminated.
configure:5876: $? = 1
configure: program exited with status 1
configure: failed program was:
| /* confdefs.h */
| #define PACKAGE_NAME ""
| #define PACKAGE_TARNAME ""
| #define PACKAGE_VERSION ""
| #define PACKAGE_STRING ""
| #define PACKAGE_BUGREPORT ""
| #define PACKAGE_URL ""
| #define LT_OBJDIR ".libs/"
| /* end confdefs.h.  */
| #include <isl/version.h>
|    #include <string.h>
| int
| main ()
| {
| if (strncmp (isl_version (), "isl-0.10", strlen ("isl-0.10")) != 0)
|      return 1;
| 
|   ;
|   return 0;
| }
configure:5885: result: no
configure:5905: checking for version 0.11 of ISL
configure:5924: x86_64-linux-gnu-gcc -o conftest -O2      conftest.c  -lisl >&5
conftest.c:10:25: fatal error: isl/version.h: No such file or directory
 #include <isl/version.h>
                         ^
compilation terminated.
configure:5924: $? = 1
configure: program exited with status 1
configure: failed program was:
| /* confdefs.h */
| #define PACKAGE_NAME ""
| #define PACKAGE_TARNAME ""
| #define PACKAGE_VERSION ""
| #define PACKAGE_STRING ""
| #define PACKAGE_BUGREPORT ""
| #define PACKAGE_URL ""
| #define LT_OBJDIR ".libs/"
| /* end confdefs.h.  */
| #include <isl/version.h>
|    #include <string.h>
| int
| main ()
| {
| if (strncmp (isl_version (), "isl-0.11", strlen ("isl-0.11")) != 0)
|      return 1;
| 
|   ;
|   return 0;
| }
configure:5933: result: no
configure:7090: checking for default BUILD_CONFIG
configure:7122: result: 
configure:7611: checking for bison
configure:7627: found /home/dogi/openwrt/trunk/staging_dir/host/bin/bison
configure:7638: result: bison -y
configure:7658: checking for bison
configure:7674: found /home/dogi/openwrt/trunk/staging_dir/host/bin/bison
configure:7685: result: bison
configure:7705: checking for gm4
configure:7735: result: no
configure:7705: checking for gnum4
configure:7735: result: no
configure:7705: checking for m4
configure:7721: found /home/dogi/openwrt/trunk/staging_dir/host/bin/m4
configure:7732: result: m4
configure:7752: checking for flex
configure:7768: found /home/dogi/openwrt/trunk/staging_dir/host/bin/flex
configure:7779: result: flex
configure:7800: checking for flex
configure:7816: found /home/dogi/openwrt/trunk/staging_dir/host/bin/flex
configure:7827: result: flex
configure:7847: checking for makeinfo
configure:7863: found /usr/bin/makeinfo
configure:7874: result: makeinfo
configure:7908: checking for expect
configure:7938: result: no
configure:7957: checking for runtest
configure:7987: result: no
configure:8063: checking for x86_64-linux-gnu-ar
configure:8079: found /usr/bin/x86_64-linux-gnu-ar
configure:8090: result: x86_64-linux-gnu-ar
configure:8204: checking for x86_64-linux-gnu-as
configure:8220: found /usr/bin/x86_64-linux-gnu-as
configure:8231: result: x86_64-linux-gnu-as
configure:8345: checking for x86_64-linux-gnu-dlltool
configure:8375: result: no
configure:8384: checking for dlltool
configure:8414: result: no
configure:8486: checking for x86_64-linux-gnu-ld
configure:8502: found /usr/bin/x86_64-linux-gnu-ld
configure:8513: result: x86_64-linux-gnu-ld
configure:8627: checking for x86_64-linux-gnu-lipo
configure:8657: result: no
configure:8666: checking for lipo
configure:8696: result: no
configure:8768: checking for x86_64-linux-gnu-nm
configure:8784: found /usr/bin/x86_64-linux-gnu-nm
configure:8795: result: x86_64-linux-gnu-nm
configure:8909: checking for x86_64-linux-gnu-ranlib
configure:8925: found /usr/bin/x86_64-linux-gnu-ranlib
configure:8936: result: x86_64-linux-gnu-ranlib
configure:9045: checking for x86_64-linux-gnu-strip
configure:9061: found /usr/bin/x86_64-linux-gnu-strip
configure:9072: result: x86_64-linux-gnu-strip
configure:9181: checking for x86_64-linux-gnu-windres
configure:9211: result: no
configure:9220: checking for windres
configure:9250: result: no
configure:9322: checking for x86_64-linux-gnu-windmc
configure:9352: result: no
configure:9361: checking for windmc
configure:9391: result: no
configure:9463: checking for x86_64-linux-gnu-objcopy
configure:9479: found /usr/bin/x86_64-linux-gnu-objcopy
configure:9490: result: x86_64-linux-gnu-objcopy
configure:9604: checking for x86_64-linux-gnu-objdump
configure:9620: found /usr/bin/x86_64-linux-gnu-objdump
configure:9631: result: x86_64-linux-gnu-objdump
configure:9745: checking for x86_64-linux-gnu-readelf
configure:9761: found /usr/bin/x86_64-linux-gnu-readelf
configure:9772: result: x86_64-linux-gnu-readelf
configure:9925: checking for mipsel-openwrt-linux-uclibc-cc
configure:9955: result: no
configure:9925: checking for mipsel-openwrt-linux-uclibc-gcc
configure:9955: result: no
configure:10086: checking for mipsel-openwrt-linux-uclibc-c++
configure:10116: result: no
configure:10086: checking for mipsel-openwrt-linux-uclibc-g++
configure:10116: result: no
configure:10086: checking for mipsel-openwrt-linux-uclibc-cxx
configure:10116: result: no
configure:10086: checking for mipsel-openwrt-linux-uclibc-gxx
configure:10116: result: no
configure:10247: checking for mipsel-openwrt-linux-uclibc-gcc
configure:10277: result: no
configure:10403: checking for mipsel-openwrt-linux-uclibc-gcj
configure:10433: result: no
configure:10564: checking for mipsel-openwrt-linux-uclibc-gfortran
configure:10594: result: no
configure:10725: checking for mipsel-openwrt-linux-uclibc-gccgo
configure:10755: result: no
configure:10966: checking for mipsel-openwrt-linux-uclibc-ar
configure:10996: result: no
configure:11196: checking for mipsel-openwrt-linux-uclibc-as
configure:11226: result: no
configure:11426: checking for mipsel-openwrt-linux-uclibc-dlltool
configure:11456: result: no
configure:11656: checking for mipsel-openwrt-linux-uclibc-ld
configure:11686: result: no
configure:11886: checking for mipsel-openwrt-linux-uclibc-lipo
configure:11916: result: no
configure:12116: checking for mipsel-openwrt-linux-uclibc-nm
configure:12146: result: no
configure:12346: checking for mipsel-openwrt-linux-uclibc-objdump
configure:12376: result: no
configure:12576: checking for mipsel-openwrt-linux-uclibc-ranlib
configure:12606: result: no
configure:12806: checking for mipsel-openwrt-linux-uclibc-readelf
configure:12836: result: no
configure:13036: checking for mipsel-openwrt-linux-uclibc-strip
configure:13066: result: no
configure:13266: checking for mipsel-openwrt-linux-uclibc-windres
configure:13296: result: no
configure:13496: checking for mipsel-openwrt-linux-uclibc-windmc
configure:13526: result: no
configure:13593: checking where to find the target ar
configure:13630: result: pre-installed
configure:13635: checking where to find the target as
configure:13672: result: pre-installed
configure:13677: checking where to find the target cc
configure:13714: result: pre-installed
configure:13719: checking where to find the target c++
configure:13759: result: pre-installed
configure:13764: checking where to find the target c++ for libstdc++
configure:13804: result: pre-installed
configure:13809: checking where to find the target dlltool
configure:13846: result: pre-installed
configure:13851: checking where to find the target gcc
configure:13888: result: pre-installed
configure:13893: checking where to find the target gcj
configure:13933: result: pre-installed
configure:13938: checking where to find the target gfortran
configure:13978: result: pre-installed
configure:13983: checking where to find the target gccgo
configure:14023: result: pre-installed
configure:14028: checking where to find the target ld
configure:14065: result: pre-installed
configure:14070: checking where to find the target lipo
configure:14096: result: pre-installed
configure:14101: checking where to find the target nm
configure:14138: result: pre-installed
configure:14143: checking where to find the target objdump
configure:14180: result: pre-installed
configure:14185: checking where to find the target ranlib
configure:14222: result: pre-installed
configure:14227: checking where to find the target readelf
configure:14264: result: pre-installed
configure:14269: checking where to find the target strip
configure:14306: result: pre-installed
configure:14311: checking where to find the target windres
configure:14348: result: pre-installed
configure:14353: checking where to find the target windmc
configure:14390: result: pre-installed
configure:14423: checking whether to enable maintainer-specific portions of Makefiles
configure:14432: result: no
configure:14643: creating ./config.status

## ---------------------- ##
## Running config.status. ##
## ---------------------- ##

This file was extended by config.status, which was
generated by GNU Autoconf 2.64.  Invocation command line was

  CONFIG_FILES    = 
  CONFIG_HEADERS  = 
  CONFIG_LINKS    = 
  CONFIG_COMMANDS = 
  $ ./config.status 

on Thinkbrett2

config.status:942: creating Makefile

## ---------------- ##
## Cache variables. ##
## ---------------- ##

ac_cv_build=x86_64-pc-linux-gnu
ac_cv_c_compiler_gnu=yes
ac_cv_cxx_compiler_gnu=yes
ac_cv_env_AR_FOR_TARGET_set=
ac_cv_env_AR_FOR_TARGET_value=
ac_cv_env_AR_set=
ac_cv_env_AR_value=
ac_cv_env_AS_FOR_TARGET_set=
ac_cv_env_AS_FOR_TARGET_value=
ac_cv_env_AS_set=
ac_cv_env_AS_value=
ac_cv_env_CCC_set=
ac_cv_env_CCC_value=
ac_cv_env_CC_FOR_TARGET_set=
ac_cv_env_CC_FOR_TARGET_value=
ac_cv_env_CC_set=
ac_cv_env_CC_value=
ac_cv_env_CFLAGS_set=set
ac_cv_env_CFLAGS_value=-O2
ac_cv_env_CPPFLAGS_set=
ac_cv_env_CPPFLAGS_value=
ac_cv_env_CXXFLAGS_set=
ac_cv_env_CXXFLAGS_value=
ac_cv_env_CXX_FOR_TARGET_set=
ac_cv_env_CXX_FOR_TARGET_value=
ac_cv_env_CXX_set=
ac_cv_env_CXX_value=
ac_cv_env_DLLTOOL_FOR_TARGET_set=
ac_cv_env_DLLTOOL_FOR_TARGET_value=
ac_cv_env_DLLTOOL_set=
ac_cv_env_DLLTOOL_value=
ac_cv_env_GCC_FOR_TARGET_set=
ac_cv_env_GCC_FOR_TARGET_value=
ac_cv_env_GCJ_FOR_TARGET_set=
ac_cv_env_GCJ_FOR_TARGET_value=
ac_cv_env_GFORTRAN_FOR_TARGET_set=
ac_cv_env_GFORTRAN_FOR_TARGET_value=
ac_cv_env_GOC_FOR_TARGET_set=
ac_cv_env_GOC_FOR_TARGET_value=
ac_cv_env_LDFLAGS_set=
ac_cv_env_LDFLAGS_value=
ac_cv_env_LD_FOR_TARGET_set=
ac_cv_env_LD_FOR_TARGET_value=
ac_cv_env_LD_set=
ac_cv_env_LD_value=
ac_cv_env_LIBS_set=
ac_cv_env_LIBS_value=
ac_cv_env_LIPO_FOR_TARGET_set=
ac_cv_env_LIPO_FOR_TARGET_value=
ac_cv_env_LIPO_set=
ac_cv_env_LIPO_value=
ac_cv_env_NM_FOR_TARGET_set=
ac_cv_env_NM_FOR_TARGET_value=
ac_cv_env_NM_set=
ac_cv_env_NM_value=
ac_cv_env_OBJCOPY_set=
ac_cv_env_OBJCOPY_value=
ac_cv_env_OBJDUMP_FOR_TARGET_set=
ac_cv_env_OBJDUMP_FOR_TARGET_value=
ac_cv_env_OBJDUMP_set=
ac_cv_env_OBJDUMP_value=
ac_cv_env_RANLIB_FOR_TARGET_set=
ac_cv_env_RANLIB_FOR_TARGET_value=
ac_cv_env_RANLIB_set=
ac_cv_env_RANLIB_value=
ac_cv_env_READELF_FOR_TARGET_set=
ac_cv_env_READELF_FOR_TARGET_value=
ac_cv_env_READELF_set=
ac_cv_env_READELF_value=
ac_cv_env_STRIP_FOR_TARGET_set=
ac_cv_env_STRIP_FOR_TARGET_value=
ac_cv_env_STRIP_set=
ac_cv_env_STRIP_value=
ac_cv_env_WINDMC_FOR_TARGET_set=
ac_cv_env_WINDMC_FOR_TARGET_value=
ac_cv_env_WINDMC_set=
ac_cv_env_WINDMC_value=
ac_cv_env_WINDRES_FOR_TARGET_set=
ac_cv_env_WINDRES_FOR_TARGET_value=
ac_cv_env_WINDRES_set=
ac_cv_env_WINDRES_value=
ac_cv_env_build_alias_set=set
ac_cv_env_build_alias_value=x86_64-linux-gnu
ac_cv_env_build_configargs_set=
ac_cv_env_build_configargs_value=
ac_cv_env_host_alias_set=set
ac_cv_env_host_alias_value=x86_64-linux-gnu
ac_cv_env_host_configargs_set=
ac_cv_env_host_configargs_value=
ac_cv_env_target_alias_set=set
ac_cv_env_target_alias_value=mipsel-openwrt-linux-uclibc
ac_cv_env_target_configargs_set=
ac_cv_env_target_configargs_value=
ac_cv_host=x86_64-pc-linux-gnu
ac_cv_objext=o
ac_cv_path_SED=/home/dogi/openwrt/trunk/staging_dir/host/bin/sed
ac_cv_path_install='/usr/bin/install -c'
ac_cv_prog_AR=x86_64-linux-gnu-ar
ac_cv_prog_AS=x86_64-linux-gnu-as
ac_cv_prog_AWK=gawk
ac_cv_prog_BISON=bison
ac_cv_prog_CC=x86_64-linux-gnu-gcc
ac_cv_prog_CXX=x86_64-linux-gnu-g++
ac_cv_prog_FLEX=flex
ac_cv_prog_LD=x86_64-linux-gnu-ld
ac_cv_prog_LEX=flex
ac_cv_prog_M4=m4
ac_cv_prog_MAKEINFO=makeinfo
ac_cv_prog_NM=x86_64-linux-gnu-nm
ac_cv_prog_OBJCOPY=x86_64-linux-gnu-objcopy
ac_cv_prog_OBJDUMP=x86_64-linux-gnu-objdump
ac_cv_prog_RANLIB=x86_64-linux-gnu-ranlib
ac_cv_prog_READELF=x86_64-linux-gnu-readelf
ac_cv_prog_STRIP=x86_64-linux-gnu-strip
ac_cv_prog_YACC='bison -y'
ac_cv_prog_cc_c89=
ac_cv_prog_cc_g=yes
ac_cv_prog_cxx_g=yes
ac_cv_target=mipsel-openwrt-linux-uclibc
acx_cv_cc_gcc_supports_ada=no
acx_cv_prog_LN=ln
gcc_cv_isl=no
gcc_cv_prog_cmp_skip='cmp --ignore-initial=16 $$f1 $$f2'
gcc_cv_tool_dirs=
gcc_cv_tool_prefix=/home/dogi/openwrt/trunk/staging_dir/toolchain-mipsel_24kec+dsp_gcc-4.6-linaro_uClibc-0.9.33.2
gdb_cv_func_sigsetjmp=yes
lt_cv_objdir=.libs

## ----------------- ##
## Output variables. ##
## ----------------- ##

AR='x86_64-linux-gnu-ar'
AR_FOR_BUILD='$(AR)'
AR_FOR_TARGET='mipsel-openwrt-linux-uclibc-ar'
AS='x86_64-linux-gnu-as'
AS_FOR_BUILD='$(AS)'
AS_FOR_TARGET='mipsel-openwrt-linux-uclibc-as'
AWK='gawk'
BISON='bison'
BUILD_CONFIG=''
CC='x86_64-linux-gnu-gcc'
CC_FOR_BUILD='$(CC)'
CC_FOR_TARGET='mipsel-openwrt-linux-uclibc-cc'
CFLAGS='-O2'
CFLAGS_FOR_BUILD='-O2'
CFLAGS_FOR_TARGET='-g -O2'
COMPILER_AS_FOR_TARGET='$(AS_FOR_TARGET)'
COMPILER_LD_FOR_TARGET='$(LD_FOR_TARGET)'
COMPILER_NM_FOR_TARGET='$(NM_FOR_TARGET)'
CONFIGURE_GDB_TK=''
CPPFLAGS=''
CXX='x86_64-linux-gnu-g++'
CXXFLAGS='-g -O2'
CXXFLAGS_FOR_BUILD='-g -O2'
CXXFLAGS_FOR_TARGET='-g -O2'
CXX_FOR_BUILD='$(CXX)'
CXX_FOR_TARGET='mipsel-openwrt-linux-uclibc-c++'
DEBUG_PREFIX_CFLAGS_FOR_TARGET=''
DEFS='-DPACKAGE_NAME=\"\" -DPACKAGE_TARNAME=\"\" -DPACKAGE_VERSION=\"\" -DPACKAGE_STRING=\"\" -DPACKAGE_BUGREPORT=\"\" -DPACKAGE_URL=\"\" -DLT_OBJDIR=\".libs/\"'
DLLTOOL='dlltool'
DLLTOOL_FOR_BUILD='$(DLLTOOL)'
DLLTOOL_FOR_TARGET='mipsel-openwrt-linux-uclibc-dlltool'
ECHO_C=''
ECHO_N='-n'
ECHO_T=''
EXEEXT=''
EXPECT='expect'
EXTRA_CONFIGARGS_LIBJAVA='--disable-static'
FLAGS_FOR_TARGET=''
FLEX='flex'
GCC_FOR_TARGET='mipsel-openwrt-linux-uclibc-gcc'
GCC_SHLIB_SUBDIR=''
GCJ_FOR_BUILD='$(GCJ)'
GCJ_FOR_TARGET='mipsel-openwrt-linux-uclibc-gcj'
GDB_TK=''
GFORTRAN_FOR_BUILD='$(GFORTRAN)'
GFORTRAN_FOR_TARGET='mipsel-openwrt-linux-uclibc-gfortran'
GNATBIND='no'
GNATMAKE='no'
GOC_FOR_BUILD='$(GOC)'
GOC_FOR_TARGET='mipsel-openwrt-linux-uclibc-gccgo'
INSTALL_DATA='${INSTALL} -m 644'
INSTALL_GDB_TK=''
INSTALL_PROGRAM='${INSTALL}'
INSTALL_SCRIPT='${INSTALL}'
LD='x86_64-linux-gnu-ld'
LDFLAGS=''
LDFLAGS_FOR_BUILD=''
LDFLAGS_FOR_TARGET=''
LD_FOR_BUILD='$(LD)'
LD_FOR_TARGET='mipsel-openwrt-linux-uclibc-ld'
LEX='flex'
LIBOBJS=''
LIBS=''
LIPO='lipo'
LIPO_FOR_TARGET='mipsel-openwrt-linux-uclibc-lipo'
LN='ln'
LN_S='ln -s'
LTLIBOBJS=''
M4='m4'
MAINT='#'
MAINTAINER_MODE_FALSE=''
MAINTAINER_MODE_TRUE='#'
MAKEINFO='makeinfo'
NM='x86_64-linux-gnu-nm'
NM_FOR_BUILD='$(NM)'
NM_FOR_TARGET='mipsel-openwrt-linux-uclibc-nm'
OBJCOPY='x86_64-linux-gnu-objcopy'
OBJDUMP='x86_64-linux-gnu-objdump'
OBJDUMP_FOR_TARGET='mipsel-openwrt-linux-uclibc-objdump'
OBJEXT='o'
PACKAGE_BUGREPORT=''
PACKAGE_NAME=''
PACKAGE_STRING=''
PACKAGE_TARNAME=''
PACKAGE_URL=''
PACKAGE_VERSION=''
PATH_SEPARATOR=':'
RANLIB='x86_64-linux-gnu-ranlib'
RANLIB_FOR_BUILD='$(RANLIB)'
RANLIB_FOR_TARGET='mipsel-openwrt-linux-uclibc-ranlib'
RAW_CXX_FOR_TARGET='mipsel-openwrt-linux-uclibc-c++'
READELF='x86_64-linux-gnu-readelf'
READELF_FOR_TARGET='mipsel-openwrt-linux-uclibc-readelf'
RPATH_ENVVAR='LD_LIBRARY_PATH'
RUNTEST='runtest'
SED='/home/dogi/openwrt/trunk/staging_dir/host/bin/sed'
SHELL='/bin/bash'
STRIP='x86_64-linux-gnu-strip'
STRIP_FOR_TARGET='mipsel-openwrt-linux-uclibc-strip'
SYSROOT_CFLAGS_FOR_TARGET=''
TOPLEVEL_CONFIGURE_ARGUMENTS='/home/dogi/openwrt/trunk/build_dir/toolchain-mipsel_24kec+dsp_gcc-4.6-linaro_uClibc-0.9.33.2/gdb-linaro-7.6-2013.05/configure --prefix=/home/dogi/openwrt/trunk/staging_dir/toolchain-mipsel_24kec+dsp_gcc-4.6-linaro_uClibc-0.9.33.2 --build=x86_64-linux-gnu --host=x86_64-linux-gnu --target=mipsel-openwrt-linux-uclibc --disable-werror --disable-nls --without-uiout --disable-tui --disable-gdbtk --without-x --without-included-gettext --enable-threads'
WINDMC='windmc'
WINDMC_FOR_BUILD='$(WINDMC)'
WINDMC_FOR_TARGET='mipsel-openwrt-linux-uclibc-windmc'
WINDRES='windres'
WINDRES_FOR_BUILD='$(WINDRES)'
WINDRES_FOR_TARGET='mipsel-openwrt-linux-uclibc-windres'
YACC='bison -y'
ac_ct_CC=''
ac_ct_CXX=''
bindir='${exec_prefix}/bin'
build='x86_64-pc-linux-gnu'
build_alias='x86_64-linux-gnu'
build_configargs=' --cache-file=../config.cache '\''--prefix=/home/dogi/openwrt/trunk/staging_dir/toolchain-mipsel_24kec+dsp_gcc-4.6-linaro_uClibc-0.9.33.2'\'' '\''--disable-werror'\'' '\''--disable-nls'\'' '\''--without-uiout'\'' '\''--disable-tui'\'' '\''--disable-gdbtk'\'' '\''--without-x'\'' '\''--without-included-gettext'\'' '\''--enable-threads'\'' --program-transform-name='\''s&^&mipsel-openwrt-linux-uclibc-&'\'' --disable-option-checking'
build_configdirs=' libiberty'
build_cpu='x86_64'
build_libsubdir='build-x86_64-linux-gnu'
build_noncanonical='x86_64-linux-gnu'
build_os='linux-gnu'
build_subdir='build-x86_64-linux-gnu'
build_tooldir='${exec_prefix}/mipsel-openwrt-linux-uclibc'
build_vendor='pc'
clooginc=''
clooglibs=''
compare_exclusions='gcc/cc*-checksum$(objext) | gcc/ada/*tools/*'
configdirs=' intl libiberty opcodes bfd readline libdecnumber sim gdb etc'
datadir='${datarootdir}'
datarootdir='${prefix}/share'
do_compare='cmp --ignore-initial=16 $$f1 $$f2'
docdir='${datarootdir}/doc/${PACKAGE}'
dvidir='${docdir}'
exec_prefix='${prefix}'
extra_host_libiberty_configure_flags=''
extra_isl_gmp_configure_flags=''
extra_mpc_gmp_configure_flags=''
extra_mpc_mpfr_configure_flags=''
extra_mpfr_configure_flags=''
gmpinc=''
gmplibs='-lmpc -lmpfr -lgmp'
host='x86_64-pc-linux-gnu'
host_alias='x86_64-linux-gnu'
host_configargs=' --cache-file=./config.cache  --with-system-zlib '\''--prefix=/home/dogi/openwrt/trunk/staging_dir/toolchain-mipsel_24kec+dsp_gcc-4.6-linaro_uClibc-0.9.33.2'\'' '\''--disable-werror'\'' '\''--disable-nls'\'' '\''--without-uiout'\'' '\''--disable-tui'\'' '\''--disable-gdbtk'\'' '\''--without-x'\'' '\''--without-included-gettext'\'' '\''--enable-threads'\'' --program-transform-name='\''s&^&mipsel-openwrt-linux-uclibc-&'\'' --disable-option-checking'
host_cpu='x86_64'
host_noncanonical='x86_64-linux-gnu'
host_os='linux-gnu'
host_subdir='.'
host_vendor='pc'
htmldir='${docdir}'
includedir='${prefix}/include'
infodir='${datarootdir}/info'
islinc=''
libdir='${exec_prefix}/lib'
libexecdir='${exec_prefix}/libexec'
localedir='${datarootdir}/locale'
localstatedir='${prefix}/var'
mandir='${datarootdir}/man'
oldincludedir='/usr/include'
pdfdir='${docdir}'
poststage1_ldflags='-static-libstdc++ -static-libgcc'
poststage1_libs=''
prefix='/home/dogi/openwrt/trunk/staging_dir/toolchain-mipsel_24kec+dsp_gcc-4.6-linaro_uClibc-0.9.33.2'
program_transform_name='s&^&mipsel-openwrt-linux-uclibc-&'
psdir='${docdir}'
sbindir='${exec_prefix}/sbin'
sharedstatedir='${prefix}/com'
stage1_cflags='-g'
stage1_checking='--enable-checking=yes,types'
stage1_languages=',c,'
stage1_ldflags='-static-libstdc++ -static-libgcc'
stage1_libs=''
stage2_werror_flag=''
sysconfdir='${prefix}/etc'
target='mipsel-openwrt-linux-uclibc'
target_alias='mipsel-openwrt-linux-uclibc'
target_configargs='--cache-file=./config.cache --enable-multilib --with-cross-host=x86_64-linux-gnu   '\''--prefix=/home/dogi/openwrt/trunk/staging_dir/toolchain-mipsel_24kec+dsp_gcc-4.6-linaro_uClibc-0.9.33.2'\'' '\''--disable-werror'\'' '\''--disable-nls'\'' '\''--without-uiout'\'' '\''--disable-tui'\'' '\''--disable-gdbtk'\'' '\''--without-x'\'' '\''--without-included-gettext'\'' '\''--enable-threads'\'' --program-transform-name='\''s&^&mipsel-openwrt-linux-uclibc-&'\'' --disable-option-checking'
target_configdirs=''
target_cpu='mipsel'
target_noncanonical='mipsel-openwrt-linux-uclibc'
target_os='linux-uclibc'
target_subdir='mipsel-openwrt-linux-uclibc'
target_vendor='openwrt'
tooldir='${exec_prefix}/mipsel-openwrt-linux-uclibc'

## ------------------- ##
## File substitutions. ##
## ------------------- ##

alphaieee_frag='/dev/null'
host_makefile_frag='/dev/null'
ospace_frag='/dev/null'
serialization_dependencies='serdep.tmp'
target_makefile_frag='./config/mt-mips-gnu'

## ----------- ##
## confdefs.h. ##
## ----------- ##

/* confdefs.h */
#define PACKAGE_NAME ""
#define PACKAGE_TARNAME ""
#define PACKAGE_VERSION ""
#define PACKAGE_STRING ""
#define PACKAGE_BUGREPORT ""
#define PACKAGE_URL ""
#define LT_OBJDIR ".libs/"

configure: exit 0
