This file contains any messages produced by compilers while
running configure, to aid debugging if configure makes a mistake.

It was created by mpc configure 1.0.1, which was
generated by GNU Autoconf 2.69.  Invocation command line was

  $ ./configure CC=gcc CFLAGS=-O2 -I/home/dogi/openwrt/trunk/staging_dir/host/include CPPFLAGS=-I/home/dogi/openwrt/trunk/staging_dir/host/include LDFLAGS=-L/home/dogi/openwrt/trunk/staging_dir/host/lib SHELL=/bin/bash --target=x86_64-linux-gnu --host=x86_64-linux-gnu --build=x86_64-linux-gnu --program-prefix= --program-suffix= --prefix=/home/dogi/openwrt/trunk/staging_dir/host --exec-prefix=/home/dogi/openwrt/trunk/staging_dir/host --sysconfdir=/home/dogi/openwrt/trunk/staging_dir/host/etc --localstatedir=/home/dogi/openwrt/trunk/staging_dir/host/var --sbindir=/home/dogi/openwrt/trunk/staging_dir/host/bin --enable-static --disable-shared --with-mpfr=/home/dogi/openwrt/trunk/staging_dir/host --with-gmp=/home/dogi/openwrt/trunk/staging_dir/host

## --------- ##
## Platform. ##
## --------- ##

hostname = Thinkbrett2
uname -m = x86_64
uname -r = 3.13.0-45-generic
uname -s = Linux
uname -v = #74-Ubuntu SMP Tue Jan 13 19:36:28 UTC 2015

/usr/bin/uname -p = unknown
/bin/uname -X     = unknown

/bin/arch              = unknown
/usr/bin/arch -k       = unknown
/usr/convex/getsysinfo = unknown
/usr/bin/hostinfo      = unknown
/bin/machine           = unknown
/usr/bin/oslevel       = unknown
/bin/universe          = unknown

PATH: /home/dogi/openwrt/trunk/staging_dir/toolchain-mipsel_24kec+dsp_gcc-4.6-linaro_uClibc-0.9.33.2/bin
PATH: /home/dogi/openwrt/trunk/staging_dir/host/bin
PATH: /home/dogi/openwrt/trunk/staging_dir/toolchain-mipsel_24kec+dsp_gcc-4.6-linaro_uClibc-0.9.33.2/bin
PATH: /home/dogi/openwrt/trunk/staging_dir/host/bin
PATH: /home/dogi/openwrt/trunk/staging_dir/toolchain-mipsel_24kec+dsp_gcc-4.6-linaro_uClibc-0.9.33.2/bin
PATH: /home/dogi/openwrt/trunk/staging_dir/host/bin
PATH: /usr/local/sbin
PATH: /usr/local/bin
PATH: /usr/sbin
PATH: /usr/bin
PATH: /sbin
PATH: /bin
PATH: /usr/games
PATH: /usr/local/games


## ----------- ##
## Core tests. ##
## ----------- ##

configure:2329: checking for a BSD-compatible install
configure:2397: result: /usr/bin/install -c
configure:2408: checking whether build environment is sane
configure:2458: result: yes
configure:2599: checking for a thread-safe mkdir -p
configure:2638: result: /bin/mkdir -p
configure:2651: checking for gawk
configure:2667: found /usr/bin/gawk
configure:2678: result: gawk
configure:2689: checking whether make sets $(MAKE)
configure:2711: result: yes
configure:2792: checking whether to enable maintainer-specific portions of Makefiles
configure:2801: result: no
configure:2822: checking build system type
configure:2836: result: x86_64-pc-linux-gnu
configure:2856: checking host system type
configure:2869: result: x86_64-pc-linux-gnu
configure:3050: checking for grep that handles long lines and -e
configure:3108: result: /home/dogi/openwrt/trunk/staging_dir/host/bin/grep
configure:3113: checking for egrep
configure:3175: result: /home/dogi/openwrt/trunk/staging_dir/host/bin/grep -E
configure:3180: checking for a sed that does not truncate output
configure:3244: result: /home/dogi/openwrt/trunk/staging_dir/host/bin/sed
configure:3310: checking for x86_64-linux-gnu-gcc
configure:3337: result: gcc
configure:3606: checking for C compiler version
configure:3615: gcc --version >&5
gcc (Ubuntu 4.8.2-19ubuntu1) 4.8.2
Copyright (C) 2013 Free Software Foundation, Inc.
This is free software; see the source for copying conditions.  There is NO
warranty; not even for MERCHANTABILITY or FITNESS FOR A PARTICULAR PURPOSE.

configure:3626: $? = 0
configure:3615: gcc -v >&5
Using built-in specs.
COLLECT_GCC=gcc
COLLECT_LTO_WRAPPER=/usr/lib/gcc/x86_64-linux-gnu/4.8/lto-wrapper
Target: x86_64-linux-gnu
Configured with: ../src/configure -v --with-pkgversion='Ubuntu 4.8.2-19ubuntu1' --with-bugurl=file:///usr/share/doc/gcc-4.8/README.Bugs --enable-languages=c,c++,java,go,d,fortran,objc,obj-c++ --prefix=/usr --program-suffix=-4.8 --enable-shared --enable-linker-build-id --libexecdir=/usr/lib --without-included-gettext --enable-threads=posix --with-gxx-include-dir=/usr/include/c++/4.8 --libdir=/usr/lib --enable-nls --with-sysroot=/ --enable-clocale=gnu --enable-libstdcxx-debug --enable-libstdcxx-time=yes --enable-gnu-unique-object --disable-libmudflap --enable-plugin --with-system-zlib --disable-browser-plugin --enable-java-awt=gtk --enable-gtk-cairo --with-java-home=/usr/lib/jvm/java-1.5.0-gcj-4.8-amd64/jre --enable-java-home --with-jvm-root-dir=/usr/lib/jvm/java-1.5.0-gcj-4.8-amd64 --with-jvm-jar-dir=/usr/lib/jvm-exports/java-1.5.0-gcj-4.8-amd64 --with-arch-directory=amd64 --with-ecj-jar=/usr/share/java/eclipse-ecj.jar --enable-objc-gc --enable-multiarch --disable-werror --with-arch-32=i686 --with-abi=m64 --with-multilib-list=m32,m64,mx32 --with-tune=generic --enable-checking=release --build=x86_64-linux-gnu --host=x86_64-linux-gnu --target=x86_64-linux-gnu
Thread model: posix
gcc version 4.8.2 (Ubuntu 4.8.2-19ubuntu1) 
configure:3626: $? = 0
configure:3615: gcc -V >&5
gcc: error: unrecognized command line option '-V'
gcc: fatal error: no input files
compilation terminated.
configure:3626: $? = 4
configure:3615: gcc -qversion >&5
gcc: error: unrecognized command line option '-qversion'
gcc: fatal error: no input files
compilation terminated.
configure:3626: $? = 4
configure:3646: checking whether the C compiler works
configure:3668: gcc -O2 -I/home/dogi/openwrt/trunk/staging_dir/host/include -I/home/dogi/openwrt/trunk/staging_dir/host/include -I/home/dogi/openwrt/trunk/staging_dir/host/include -I/home/dogi/openwrt/trunk/staging_dir/host/include -L/home/dogi/openwrt/trunk/staging_dir/host/lib -L/home/dogi/openwrt/trunk/staging_dir/host/lib -L/home/dogi/openwrt/trunk/staging_dir/host/lib conftest.c  >&5
configure:3672: $? = 0
configure:3720: result: yes
configure:3723: checking for C compiler default output file name
configure:3725: result: a.out
configure:3731: checking for suffix of executables
configure:3738: gcc -o conftest -O2 -I/home/dogi/openwrt/trunk/staging_dir/host/include -I/home/dogi/openwrt/trunk/staging_dir/host/include -I/home/dogi/openwrt/trunk/staging_dir/host/include -I/home/dogi/openwrt/trunk/staging_dir/host/include -L/home/dogi/openwrt/trunk/staging_dir/host/lib -L/home/dogi/openwrt/trunk/staging_dir/host/lib -L/home/dogi/openwrt/trunk/staging_dir/host/lib conftest.c  >&5
configure:3742: $? = 0
configure:3764: result: 
configure:3786: checking whether we are cross compiling
configure:3794: gcc -o conftest -O2 -I/home/dogi/openwrt/trunk/staging_dir/host/include -I/home/dogi/openwrt/trunk/staging_dir/host/include -I/home/dogi/openwrt/trunk/staging_dir/host/include -I/home/dogi/openwrt/trunk/staging_dir/host/include -L/home/dogi/openwrt/trunk/staging_dir/host/lib -L/home/dogi/openwrt/trunk/staging_dir/host/lib -L/home/dogi/openwrt/trunk/staging_dir/host/lib conftest.c  >&5
configure:3798: $? = 0
configure:3805: ./conftest
configure:3809: $? = 0
configure:3824: result: no
configure:3829: checking for suffix of object files
configure:3851: gcc -c -O2 -I/home/dogi/openwrt/trunk/staging_dir/host/include -I/home/dogi/openwrt/trunk/staging_dir/host/include -I/home/dogi/openwrt/trunk/staging_dir/host/include -I/home/dogi/openwrt/trunk/staging_dir/host/include conftest.c >&5
configure:3855: $? = 0
configure:3876: result: o
configure:3880: checking whether we are using the GNU C compiler
configure:3899: gcc -c -O2 -I/home/dogi/openwrt/trunk/staging_dir/host/include -I/home/dogi/openwrt/trunk/staging_dir/host/include -I/home/dogi/openwrt/trunk/staging_dir/host/include -I/home/dogi/openwrt/trunk/staging_dir/host/include conftest.c >&5
configure:3899: $? = 0
configure:3908: result: yes
configure:3917: checking whether gcc accepts -g
configure:3937: gcc -c -g -I/home/dogi/openwrt/trunk/staging_dir/host/include -I/home/dogi/openwrt/trunk/staging_dir/host/include -I/home/dogi/openwrt/trunk/staging_dir/host/include conftest.c >&5
configure:3937: $? = 0
configure:3978: result: yes
configure:3995: checking for gcc option to accept ISO C89
configure:4058: gcc  -c -O2 -I/home/dogi/openwrt/trunk/staging_dir/host/include -I/home/dogi/openwrt/trunk/staging_dir/host/include -I/home/dogi/openwrt/trunk/staging_dir/host/include -I/home/dogi/openwrt/trunk/staging_dir/host/include conftest.c >&5
configure:4058: $? = 0
configure:4071: result: none needed
configure:4102: checking for style of include used by make
configure:4130: result: GNU
configure:4156: checking dependency style of gcc
configure:4267: result: gcc3
configure:4296: checking for x86_64-linux-gnu-ar
configure:4312: found /usr/bin/x86_64-linux-gnu-ar
configure:4323: result: x86_64-linux-gnu-ar
configure:4393: checking the archiver (x86_64-linux-gnu-ar) interface
configure:4403: gcc -c -O2 -I/home/dogi/openwrt/trunk/staging_dir/host/include -I/home/dogi/openwrt/trunk/staging_dir/host/include -I/home/dogi/openwrt/trunk/staging_dir/host/include -I/home/dogi/openwrt/trunk/staging_dir/host/include conftest.c >&5
configure:4403: $? = 0
configure:4405: x86_64-linux-gnu-ar cru libconftest.a conftest.o >&5
configure:4408: $? = 0
configure:4431: result: ar
configure:4499: checking how to print strings
configure:4526: result: printf
configure:4547: checking for a sed that does not truncate output
configure:4611: result: /home/dogi/openwrt/trunk/staging_dir/host/bin/sed
configure:4629: checking for fgrep
configure:4691: result: /home/dogi/openwrt/trunk/staging_dir/host/bin/grep -F
configure:4726: checking for ld used by gcc
configure:4793: result: /usr/bin/ld
configure:4800: checking if the linker (/usr/bin/ld) is GNU ld
configure:4815: result: yes
configure:4827: checking for BSD- or MS-compatible name lister (nm)
configure:4876: result: /usr/bin/nm -B
configure:5006: checking the name lister (/usr/bin/nm -B) interface
configure:5013: gcc -c -O2 -I/home/dogi/openwrt/trunk/staging_dir/host/include -I/home/dogi/openwrt/trunk/staging_dir/host/include -I/home/dogi/openwrt/trunk/staging_dir/host/include -I/home/dogi/openwrt/trunk/staging_dir/host/include conftest.c >&5
configure:5016: /usr/bin/nm -B "conftest.o"
configure:5019: output
0000000000000000 B some_variable
configure:5026: result: BSD nm
configure:5029: checking whether ln -s works
configure:5033: result: yes
configure:5041: checking the maximum length of command line arguments
configure:5166: result: 3458764513820540925
configure:5183: checking whether the shell understands some XSI constructs
configure:5193: result: yes
configure:5197: checking whether the shell understands "+="
configure:5203: result: yes
configure:5238: checking how to convert x86_64-pc-linux-gnu file names to x86_64-pc-linux-gnu format
configure:5278: result: func_convert_file_noop
configure:5285: checking how to convert x86_64-pc-linux-gnu file names to toolchain format
configure:5305: result: func_convert_file_noop
configure:5312: checking for /usr/bin/ld option to reload object files
configure:5319: result: -r
configure:5353: checking for x86_64-linux-gnu-objdump
configure:5369: found /usr/bin/x86_64-linux-gnu-objdump
configure:5380: result: x86_64-linux-gnu-objdump
configure:5452: checking how to recognize dependent libraries
configure:5654: result: pass_all
configure:5699: checking for x86_64-linux-gnu-dlltool
configure:5729: result: no
configure:5739: checking for dlltool
configure:5769: result: no
configure:5799: checking how to associate runtime and link libraries
configure:5826: result: printf %s\n
configure:5842: checking for x86_64-linux-gnu-ar
configure:5869: result: x86_64-linux-gnu-ar
configure:5950: checking for archiver @FILE support
configure:5967: gcc -c -O2 -I/home/dogi/openwrt/trunk/staging_dir/host/include -I/home/dogi/openwrt/trunk/staging_dir/host/include -I/home/dogi/openwrt/trunk/staging_dir/host/include -I/home/dogi/openwrt/trunk/staging_dir/host/include conftest.c >&5
configure:5967: $? = 0
configure:5970: x86_64-linux-gnu-ar cru libconftest.a @conftest.lst >&5
configure:5973: $? = 0
configure:5978: x86_64-linux-gnu-ar cru libconftest.a @conftest.lst >&5
x86_64-linux-gnu-ar: conftest.o: No such file or directory
configure:5981: $? = 1
configure:5993: result: @
configure:6011: checking for x86_64-linux-gnu-strip
configure:6027: found /usr/bin/x86_64-linux-gnu-strip
configure:6038: result: x86_64-linux-gnu-strip
configure:6110: checking for x86_64-linux-gnu-ranlib
configure:6126: found /usr/bin/x86_64-linux-gnu-ranlib
configure:6137: result: x86_64-linux-gnu-ranlib
configure:6279: checking command to parse /usr/bin/nm -B output from gcc object
configure:6398: gcc -c -O2 -I/home/dogi/openwrt/trunk/staging_dir/host/include -I/home/dogi/openwrt/trunk/staging_dir/host/include -I/home/dogi/openwrt/trunk/staging_dir/host/include -I/home/dogi/openwrt/trunk/staging_dir/host/include conftest.c >&5
configure:6401: $? = 0
configure:6405: /usr/bin/nm -B conftest.o \| sed -n -e 's/^.*[ ]\([ABCDGIRSTW][ABCDGIRSTW]*\)[ ][ ]*\([_A-Za-z][_A-Za-z0-9]*\)$/\1 \2 \2/p' | sed '/ __gnu_lto/d' \> conftest.nm
configure:6408: $? = 0
configure:6474: gcc -o conftest -O2 -I/home/dogi/openwrt/trunk/staging_dir/host/include -I/home/dogi/openwrt/trunk/staging_dir/host/include -I/home/dogi/openwrt/trunk/staging_dir/host/include -I/home/dogi/openwrt/trunk/staging_dir/host/include -L/home/dogi/openwrt/trunk/staging_dir/host/lib -L/home/dogi/openwrt/trunk/staging_dir/host/lib -L/home/dogi/openwrt/trunk/staging_dir/host/lib conftest.c conftstm.o >&5
configure:6477: $? = 0
configure:6515: result: ok
configure:6552: checking for sysroot
configure:6582: result: no
configure:6659: gcc -c -O2 -I/home/dogi/openwrt/trunk/staging_dir/host/include -I/home/dogi/openwrt/trunk/staging_dir/host/include -I/home/dogi/openwrt/trunk/staging_dir/host/include -I/home/dogi/openwrt/trunk/staging_dir/host/include conftest.c >&5
configure:6662: $? = 0
configure:6785: checking for x86_64-linux-gnu-mt
configure:6815: result: no
configure:6825: checking for mt
configure:6841: found /bin/mt
configure:6852: result: mt
configure:6875: checking if mt is a manifest tool
configure:6881: mt '-?'
configure:6889: result: no
configure:7521: checking how to run the C preprocessor
configure:7552: gcc -E -I/home/dogi/openwrt/trunk/staging_dir/host/include -I/home/dogi/openwrt/trunk/staging_dir/host/include -I/home/dogi/openwrt/trunk/staging_dir/host/include conftest.c
configure:7552: $? = 0
configure:7566: gcc -E -I/home/dogi/openwrt/trunk/staging_dir/host/include -I/home/dogi/openwrt/trunk/staging_dir/host/include -I/home/dogi/openwrt/trunk/staging_dir/host/include conftest.c
conftest.c:11:28: fatal error: ac_nonexistent.h: No such file or directory
 #include <ac_nonexistent.h>
                            ^
compilation terminated.
configure:7566: $? = 1
configure: failed program was:
| /* confdefs.h */
| #define PACKAGE_NAME "mpc"
| #define PACKAGE_TARNAME "mpc"
| #define PACKAGE_VERSION "1.0.1"
| #define PACKAGE_STRING "mpc 1.0.1"
| #define PACKAGE_BUGREPORT "mpc-discuss@lists.gforge.inria.fr"
| #define PACKAGE_URL ""
| #define PACKAGE "mpc"
| #define VERSION "1.0.1"
| /* end confdefs.h.  */
| #include <ac_nonexistent.h>
configure:7591: result: gcc -E
configure:7611: gcc -E -I/home/dogi/openwrt/trunk/staging_dir/host/include -I/home/dogi/openwrt/trunk/staging_dir/host/include -I/home/dogi/openwrt/trunk/staging_dir/host/include conftest.c
configure:7611: $? = 0
configure:7625: gcc -E -I/home/dogi/openwrt/trunk/staging_dir/host/include -I/home/dogi/openwrt/trunk/staging_dir/host/include -I/home/dogi/openwrt/trunk/staging_dir/host/include conftest.c
conftest.c:11:28: fatal error: ac_nonexistent.h: No such file or directory
 #include <ac_nonexistent.h>
                            ^
compilation terminated.
configure:7625: $? = 1
configure: failed program was:
| /* confdefs.h */
| #define PACKAGE_NAME "mpc"
| #define PACKAGE_TARNAME "mpc"
| #define PACKAGE_VERSION "1.0.1"
| #define PACKAGE_STRING "mpc 1.0.1"
| #define PACKAGE_BUGREPORT "mpc-discuss@lists.gforge.inria.fr"
| #define PACKAGE_URL ""
| #define PACKAGE "mpc"
| #define VERSION "1.0.1"
| /* end confdefs.h.  */
| #include <ac_nonexistent.h>
configure:7654: checking for ANSI C header files
configure:7674: gcc -c -O2 -I/home/dogi/openwrt/trunk/staging_dir/host/include -I/home/dogi/openwrt/trunk/staging_dir/host/include -I/home/dogi/openwrt/trunk/staging_dir/host/include -I/home/dogi/openwrt/trunk/staging_dir/host/include conftest.c >&5
configure:7674: $? = 0
configure:7747: gcc -o conftest -O2 -I/home/dogi/openwrt/trunk/staging_dir/host/include -I/home/dogi/openwrt/trunk/staging_dir/host/include -I/home/dogi/openwrt/trunk/staging_dir/host/include -I/home/dogi/openwrt/trunk/staging_dir/host/include -L/home/dogi/openwrt/trunk/staging_dir/host/lib -L/home/dogi/openwrt/trunk/staging_dir/host/lib -L/home/dogi/openwrt/trunk/staging_dir/host/lib conftest.c  >&5
configure:7747: $? = 0
configure:7747: ./conftest
configure:7747: $? = 0
configure:7758: result: yes
configure:7771: checking for sys/types.h
configure:7771: gcc -c -O2 -I/home/dogi/openwrt/trunk/staging_dir/host/include -I/home/dogi/openwrt/trunk/staging_dir/host/include -I/home/dogi/openwrt/trunk/staging_dir/host/include -I/home/dogi/openwrt/trunk/staging_dir/host/include conftest.c >&5
configure:7771: $? = 0
configure:7771: result: yes
configure:7771: checking for sys/stat.h
configure:7771: gcc -c -O2 -I/home/dogi/openwrt/trunk/staging_dir/host/include -I/home/dogi/openwrt/trunk/staging_dir/host/include -I/home/dogi/openwrt/trunk/staging_dir/host/include -I/home/dogi/openwrt/trunk/staging_dir/host/include conftest.c >&5
configure:7771: $? = 0
configure:7771: result: yes
configure:7771: checking for stdlib.h
configure:7771: gcc -c -O2 -I/home/dogi/openwrt/trunk/staging_dir/host/include -I/home/dogi/openwrt/trunk/staging_dir/host/include -I/home/dogi/openwrt/trunk/staging_dir/host/include -I/home/dogi/openwrt/trunk/staging_dir/host/include conftest.c >&5
configure:7771: $? = 0
configure:7771: result: yes
configure:7771: checking for string.h
configure:7771: gcc -c -O2 -I/home/dogi/openwrt/trunk/staging_dir/host/include -I/home/dogi/openwrt/trunk/staging_dir/host/include -I/home/dogi/openwrt/trunk/staging_dir/host/include -I/home/dogi/openwrt/trunk/staging_dir/host/include conftest.c >&5
configure:7771: $? = 0
configure:7771: result: yes
configure:7771: checking for memory.h
configure:7771: gcc -c -O2 -I/home/dogi/openwrt/trunk/staging_dir/host/include -I/home/dogi/openwrt/trunk/staging_dir/host/include -I/home/dogi/openwrt/trunk/staging_dir/host/include -I/home/dogi/openwrt/trunk/staging_dir/host/include conftest.c >&5
configure:7771: $? = 0
configure:7771: result: yes
configure:7771: checking for strings.h
configure:7771: gcc -c -O2 -I/home/dogi/openwrt/trunk/staging_dir/host/include -I/home/dogi/openwrt/trunk/staging_dir/host/include -I/home/dogi/openwrt/trunk/staging_dir/host/include -I/home/dogi/openwrt/trunk/staging_dir/host/include conftest.c >&5
configure:7771: $? = 0
configure:7771: result: yes
configure:7771: checking for inttypes.h
configure:7771: gcc -c -O2 -I/home/dogi/openwrt/trunk/staging_dir/host/include -I/home/dogi/openwrt/trunk/staging_dir/host/include -I/home/dogi/openwrt/trunk/staging_dir/host/include -I/home/dogi/openwrt/trunk/staging_dir/host/include conftest.c >&5
configure:7771: $? = 0
configure:7771: result: yes
configure:7771: checking for stdint.h
configure:7771: gcc -c -O2 -I/home/dogi/openwrt/trunk/staging_dir/host/include -I/home/dogi/openwrt/trunk/staging_dir/host/include -I/home/dogi/openwrt/trunk/staging_dir/host/include -I/home/dogi/openwrt/trunk/staging_dir/host/include conftest.c >&5
configure:7771: $? = 0
configure:7771: result: yes
configure:7771: checking for unistd.h
configure:7771: gcc -c -O2 -I/home/dogi/openwrt/trunk/staging_dir/host/include -I/home/dogi/openwrt/trunk/staging_dir/host/include -I/home/dogi/openwrt/trunk/staging_dir/host/include -I/home/dogi/openwrt/trunk/staging_dir/host/include conftest.c >&5
configure:7771: $? = 0
configure:7771: result: yes
configure:7785: checking for dlfcn.h
configure:7785: gcc -c -O2 -I/home/dogi/openwrt/trunk/staging_dir/host/include -I/home/dogi/openwrt/trunk/staging_dir/host/include -I/home/dogi/openwrt/trunk/staging_dir/host/include -I/home/dogi/openwrt/trunk/staging_dir/host/include conftest.c >&5
configure:7785: $? = 0
configure:7785: result: yes
configure:7972: checking for objdir
configure:7987: result: .libs
configure:8258: checking if gcc supports -fno-rtti -fno-exceptions
configure:8276: gcc -c -O2 -I/home/dogi/openwrt/trunk/staging_dir/host/include -I/home/dogi/openwrt/trunk/staging_dir/host/include -I/home/dogi/openwrt/trunk/staging_dir/host/include -I/home/dogi/openwrt/trunk/staging_dir/host/include -fno-rtti -fno-exceptions conftest.c >&5
cc1: warning: command line option '-fno-rtti' is valid for C++/ObjC++ but not for C [enabled by default]
configure:8280: $? = 0
configure:8293: result: no
configure:8603: checking for gcc option to produce PIC
configure:8610: result: -fPIC -DPIC
configure:8618: checking if gcc PIC flag -fPIC -DPIC works
configure:8636: gcc -c -O2 -I/home/dogi/openwrt/trunk/staging_dir/host/include -I/home/dogi/openwrt/trunk/staging_dir/host/include -I/home/dogi/openwrt/trunk/staging_dir/host/include -I/home/dogi/openwrt/trunk/staging_dir/host/include -fPIC -DPIC -DPIC conftest.c >&5
configure:8640: $? = 0
configure:8653: result: yes
configure:8682: checking if gcc static flag -static works
configure:8710: result: yes
configure:8725: checking if gcc supports -c -o file.o
configure:8746: gcc -c -O2 -I/home/dogi/openwrt/trunk/staging_dir/host/include -I/home/dogi/openwrt/trunk/staging_dir/host/include -I/home/dogi/openwrt/trunk/staging_dir/host/include -I/home/dogi/openwrt/trunk/staging_dir/host/include -o out/conftest2.o conftest.c >&5
configure:8750: $? = 0
configure:8772: result: yes
configure:8780: checking if gcc supports -c -o file.o
configure:8827: result: yes
configure:8860: checking whether the gcc linker (/usr/bin/ld -m elf_x86_64) supports shared libraries
configure:10022: result: yes
configure:10267: checking dynamic linker characteristics
configure:10782: gcc -o conftest -O2 -I/home/dogi/openwrt/trunk/staging_dir/host/include -I/home/dogi/openwrt/trunk/staging_dir/host/include -I/home/dogi/openwrt/trunk/staging_dir/host/include -I/home/dogi/openwrt/trunk/staging_dir/host/include -L/home/dogi/openwrt/trunk/staging_dir/host/lib -L/home/dogi/openwrt/trunk/staging_dir/host/lib -L/home/dogi/openwrt/trunk/staging_dir/host/lib -Wl,-rpath -Wl,/foo conftest.c  >&5
configure:10782: $? = 0
configure:11016: result: GNU/Linux ld.so
configure:11123: checking how to hardcode library paths into programs
configure:11148: result: immediate
configure:11688: checking whether stripping libraries is possible
configure:11693: result: yes
configure:11728: checking if libtool supports shared libraries
configure:11730: result: yes
configure:11733: checking whether to build shared libraries
configure:11754: result: no
configure:11757: checking whether to build static libraries
configure:11761: result: yes
configure:11798: checking for gmp.h
configure:11806: gcc -c -O2 -I/home/dogi/openwrt/trunk/staging_dir/host/include -I/home/dogi/openwrt/trunk/staging_dir/host/include -I/home/dogi/openwrt/trunk/staging_dir/host/include -I/home/dogi/openwrt/trunk/staging_dir/host/include conftest.c >&5
configure:11806: $? = 0
configure:11807: result: yes
configure:12826: checking for ANSI C header files
configure:12930: result: yes
configure:12941: checking locale.h usability
configure:12941: gcc -c -O2 -I/home/dogi/openwrt/trunk/staging_dir/host/include -I/home/dogi/openwrt/trunk/staging_dir/host/include -I/home/dogi/openwrt/trunk/staging_dir/host/include -I/home/dogi/openwrt/trunk/staging_dir/host/include conftest.c >&5
configure:12941: $? = 0
configure:12941: result: yes
configure:12941: checking locale.h presence
configure:12941: gcc -E -I/home/dogi/openwrt/trunk/staging_dir/host/include -I/home/dogi/openwrt/trunk/staging_dir/host/include -I/home/dogi/openwrt/trunk/staging_dir/host/include conftest.c
configure:12941: $? = 0
configure:12941: result: yes
configure:12941: checking for locale.h
configure:12941: result: yes
configure:12941: checking for inttypes.h
configure:12941: result: yes
configure:12941: checking for stdint.h
configure:12941: result: yes
configure:12941: checking limits.h usability
configure:12941: gcc -c -O2 -I/home/dogi/openwrt/trunk/staging_dir/host/include -I/home/dogi/openwrt/trunk/staging_dir/host/include -I/home/dogi/openwrt/trunk/staging_dir/host/include -I/home/dogi/openwrt/trunk/staging_dir/host/include conftest.c >&5
configure:12941: $? = 0
configure:12941: result: yes
configure:12941: checking limits.h presence
configure:12941: gcc -E -I/home/dogi/openwrt/trunk/staging_dir/host/include -I/home/dogi/openwrt/trunk/staging_dir/host/include -I/home/dogi/openwrt/trunk/staging_dir/host/include conftest.c
configure:12941: $? = 0
configure:12941: result: yes
configure:12941: checking for limits.h
configure:12941: result: yes
configure:12941: checking for unistd.h
configure:12941: result: yes
configure:12941: checking sys/time.h usability
configure:12941: gcc -c -O2 -I/home/dogi/openwrt/trunk/staging_dir/host/include -I/home/dogi/openwrt/trunk/staging_dir/host/include -I/home/dogi/openwrt/trunk/staging_dir/host/include -I/home/dogi/openwrt/trunk/staging_dir/host/include conftest.c >&5
configure:12941: $? = 0
configure:12941: result: yes
configure:12941: checking sys/time.h presence
configure:12941: gcc -E -I/home/dogi/openwrt/trunk/staging_dir/host/include -I/home/dogi/openwrt/trunk/staging_dir/host/include -I/home/dogi/openwrt/trunk/staging_dir/host/include conftest.c
configure:12941: $? = 0
configure:12941: result: yes
configure:12941: checking for sys/time.h
configure:12941: result: yes
configure:12951: checking whether time.h and sys/time.h may both be included
configure:12971: gcc -c -O2 -I/home/dogi/openwrt/trunk/staging_dir/host/include -I/home/dogi/openwrt/trunk/staging_dir/host/include -I/home/dogi/openwrt/trunk/staging_dir/host/include -I/home/dogi/openwrt/trunk/staging_dir/host/include conftest.c >&5
configure:12971: $? = 0
configure:12978: result: yes
configure:12987: checking complex.h usability
configure:12987: gcc -c -O2 -I/home/dogi/openwrt/trunk/staging_dir/host/include -I/home/dogi/openwrt/trunk/staging_dir/host/include -I/home/dogi/openwrt/trunk/staging_dir/host/include -I/home/dogi/openwrt/trunk/staging_dir/host/include conftest.c >&5
configure:12987: $? = 0
configure:12987: result: yes
configure:12987: checking complex.h presence
configure:12987: gcc -E -I/home/dogi/openwrt/trunk/staging_dir/host/include -I/home/dogi/openwrt/trunk/staging_dir/host/include -I/home/dogi/openwrt/trunk/staging_dir/host/include conftest.c
configure:12987: $? = 0
configure:12987: result: yes
configure:12987: checking for complex.h
configure:12987: result: yes
configure:12992: checking for library containing creal
configure:13023: gcc -o conftest -O2 -I/home/dogi/openwrt/trunk/staging_dir/host/include -I/home/dogi/openwrt/trunk/staging_dir/host/include -I/home/dogi/openwrt/trunk/staging_dir/host/include -I/home/dogi/openwrt/trunk/staging_dir/host/include -L/home/dogi/openwrt/trunk/staging_dir/host/lib -L/home/dogi/openwrt/trunk/staging_dir/host/lib -L/home/dogi/openwrt/trunk/staging_dir/host/lib conftest.c  >&5
conftest.c:38:6: warning: conflicting types for built-in function 'creal' [enabled by default]
 char creal ();
      ^
/tmp/cc9Vka3O.o: In function `main':
conftest.c:(.text.startup+0x7): undefined reference to `creal'
collect2: error: ld returned 1 exit status
configure:13023: $? = 1
configure: failed program was:
| /* confdefs.h */
| #define PACKAGE_NAME "mpc"
| #define PACKAGE_TARNAME "mpc"
| #define PACKAGE_VERSION "1.0.1"
| #define PACKAGE_STRING "mpc 1.0.1"
| #define PACKAGE_BUGREPORT "mpc-discuss@lists.gforge.inria.fr"
| #define PACKAGE_URL ""
| #define PACKAGE "mpc"
| #define VERSION "1.0.1"
| #define STDC_HEADERS 1
| #define HAVE_SYS_TYPES_H 1
| #define HAVE_SYS_STAT_H 1
| #define HAVE_STDLIB_H 1
| #define HAVE_STRING_H 1
| #define HAVE_MEMORY_H 1
| #define HAVE_STRINGS_H 1
| #define HAVE_INTTYPES_H 1
| #define HAVE_STDINT_H 1
| #define HAVE_UNISTD_H 1
| #define HAVE_DLFCN_H 1
| #define LT_OBJDIR ".libs/"
| #define STDC_HEADERS 1
| #define HAVE_LOCALE_H 1
| #define HAVE_INTTYPES_H 1
| #define HAVE_STDINT_H 1
| #define HAVE_LIMITS_H 1
| #define HAVE_UNISTD_H 1
| #define HAVE_SYS_TIME_H 1
| #define TIME_WITH_SYS_TIME 1
| /* end confdefs.h.  */
| 
| /* Override any GCC internal prototype to avoid an error.
|    Use char because int might match the return type of a GCC
|    builtin and then its argument prototype would still apply.  */
| #ifdef __cplusplus
| extern "C"
| #endif
| char creal ();
| int
| main ()
| {
| return creal ();
|   ;
|   return 0;
| }
configure:13023: gcc -o conftest -O2 -I/home/dogi/openwrt/trunk/staging_dir/host/include -I/home/dogi/openwrt/trunk/staging_dir/host/include -I/home/dogi/openwrt/trunk/staging_dir/host/include -I/home/dogi/openwrt/trunk/staging_dir/host/include -L/home/dogi/openwrt/trunk/staging_dir/host/lib -L/home/dogi/openwrt/trunk/staging_dir/host/lib -L/home/dogi/openwrt/trunk/staging_dir/host/lib conftest.c -lm   >&5
conftest.c:38:6: warning: conflicting types for built-in function 'creal' [enabled by default]
 char creal ();
      ^
configure:13023: $? = 0
configure:13040: result: -lm
configure:13049: checking whether creal, cimag and I can be used
configure:13066: gcc -o conftest -O2 -I/home/dogi/openwrt/trunk/staging_dir/host/include -I/home/dogi/openwrt/trunk/staging_dir/host/include -I/home/dogi/openwrt/trunk/staging_dir/host/include -I/home/dogi/openwrt/trunk/staging_dir/host/include -L/home/dogi/openwrt/trunk/staging_dir/host/lib -L/home/dogi/openwrt/trunk/staging_dir/host/lib -L/home/dogi/openwrt/trunk/staging_dir/host/lib conftest.c -lm  >&5
configure:13066: $? = 0
configure:13068: result: yes
configure:13091: checking for an ANSI C-conforming const
configure:13157: gcc -c -O2 -I/home/dogi/openwrt/trunk/staging_dir/host/include -I/home/dogi/openwrt/trunk/staging_dir/host/include -I/home/dogi/openwrt/trunk/staging_dir/host/include -I/home/dogi/openwrt/trunk/staging_dir/host/include conftest.c >&5
configure:13157: $? = 0
configure:13164: result: yes
configure:13172: checking for size_t
configure:13172: gcc -c -O2 -I/home/dogi/openwrt/trunk/staging_dir/host/include -I/home/dogi/openwrt/trunk/staging_dir/host/include -I/home/dogi/openwrt/trunk/staging_dir/host/include -I/home/dogi/openwrt/trunk/staging_dir/host/include conftest.c >&5
configure:13172: $? = 0
configure:13172: gcc -c -O2 -I/home/dogi/openwrt/trunk/staging_dir/host/include -I/home/dogi/openwrt/trunk/staging_dir/host/include -I/home/dogi/openwrt/trunk/staging_dir/host/include -I/home/dogi/openwrt/trunk/staging_dir/host/include conftest.c >&5
conftest.c: In function 'main':
conftest.c:68:21: error: expected expression before ')' token
 if (sizeof ((size_t)))
                     ^
configure:13172: $? = 1
configure: failed program was:
| /* confdefs.h */
| #define PACKAGE_NAME "mpc"
| #define PACKAGE_TARNAME "mpc"
| #define PACKAGE_VERSION "1.0.1"
| #define PACKAGE_STRING "mpc 1.0.1"
| #define PACKAGE_BUGREPORT "mpc-discuss@lists.gforge.inria.fr"
| #define PACKAGE_URL ""
| #define PACKAGE "mpc"
| #define VERSION "1.0.1"
| #define STDC_HEADERS 1
| #define HAVE_SYS_TYPES_H 1
| #define HAVE_SYS_STAT_H 1
| #define HAVE_STDLIB_H 1
| #define HAVE_STRING_H 1
| #define HAVE_MEMORY_H 1
| #define HAVE_STRINGS_H 1
| #define HAVE_INTTYPES_H 1
| #define HAVE_STDINT_H 1
| #define HAVE_UNISTD_H 1
| #define HAVE_DLFCN_H 1
| #define LT_OBJDIR ".libs/"
| #define STDC_HEADERS 1
| #define HAVE_LOCALE_H 1
| #define HAVE_INTTYPES_H 1
| #define HAVE_STDINT_H 1
| #define HAVE_LIMITS_H 1
| #define HAVE_UNISTD_H 1
| #define HAVE_SYS_TIME_H 1
| #define TIME_WITH_SYS_TIME 1
| #define HAVE_COMPLEX_H 1
| /* end confdefs.h.  */
| #include <stdio.h>
| #ifdef HAVE_SYS_TYPES_H
| # include <sys/types.h>
| #endif
| #ifdef HAVE_SYS_STAT_H
| # include <sys/stat.h>
| #endif
| #ifdef STDC_HEADERS
| # include <stdlib.h>
| # include <stddef.h>
| #else
| # ifdef HAVE_STDLIB_H
| #  include <stdlib.h>
| # endif
| #endif
| #ifdef HAVE_STRING_H
| # if !defined STDC_HEADERS && defined HAVE_MEMORY_H
| #  include <memory.h>
| # endif
| # include <string.h>
| #endif
| #ifdef HAVE_STRINGS_H
| # include <strings.h>
| #endif
| #ifdef HAVE_INTTYPES_H
| # include <inttypes.h>
| #endif
| #ifdef HAVE_STDINT_H
| # include <stdint.h>
| #endif
| #ifdef HAVE_UNISTD_H
| # include <unistd.h>
| #endif
| int
| main ()
| {
| if (sizeof ((size_t)))
| 	    return 0;
|   ;
|   return 0;
| }
configure:13172: result: yes
configure:13188: checking for gettimeofday
configure:13188: gcc -o conftest -O2 -I/home/dogi/openwrt/trunk/staging_dir/host/include -I/home/dogi/openwrt/trunk/staging_dir/host/include -I/home/dogi/openwrt/trunk/staging_dir/host/include -I/home/dogi/openwrt/trunk/staging_dir/host/include -L/home/dogi/openwrt/trunk/staging_dir/host/lib -L/home/dogi/openwrt/trunk/staging_dir/host/lib -L/home/dogi/openwrt/trunk/staging_dir/host/lib conftest.c -lm  >&5
configure:13188: $? = 0
configure:13188: result: yes
configure:13188: checking for localeconv
configure:13188: gcc -o conftest -O2 -I/home/dogi/openwrt/trunk/staging_dir/host/include -I/home/dogi/openwrt/trunk/staging_dir/host/include -I/home/dogi/openwrt/trunk/staging_dir/host/include -I/home/dogi/openwrt/trunk/staging_dir/host/include -L/home/dogi/openwrt/trunk/staging_dir/host/lib -L/home/dogi/openwrt/trunk/staging_dir/host/lib -L/home/dogi/openwrt/trunk/staging_dir/host/lib conftest.c -lm  >&5
configure:13188: $? = 0
configure:13188: result: yes
configure:13188: checking for setlocale
configure:13188: gcc -o conftest -O2 -I/home/dogi/openwrt/trunk/staging_dir/host/include -I/home/dogi/openwrt/trunk/staging_dir/host/include -I/home/dogi/openwrt/trunk/staging_dir/host/include -I/home/dogi/openwrt/trunk/staging_dir/host/include -L/home/dogi/openwrt/trunk/staging_dir/host/lib -L/home/dogi/openwrt/trunk/staging_dir/host/lib -L/home/dogi/openwrt/trunk/staging_dir/host/lib conftest.c -lm  >&5
configure:13188: $? = 0
configure:13188: result: yes
configure:13200: checking for dup
configure:13200: gcc -o conftest -O2 -I/home/dogi/openwrt/trunk/staging_dir/host/include -I/home/dogi/openwrt/trunk/staging_dir/host/include -I/home/dogi/openwrt/trunk/staging_dir/host/include -I/home/dogi/openwrt/trunk/staging_dir/host/include -L/home/dogi/openwrt/trunk/staging_dir/host/lib -L/home/dogi/openwrt/trunk/staging_dir/host/lib -L/home/dogi/openwrt/trunk/staging_dir/host/lib conftest.c -lm  >&5
configure:13200: $? = 0
configure:13200: result: yes
configure:13200: checking for dup2
configure:13200: gcc -o conftest -O2 -I/home/dogi/openwrt/trunk/staging_dir/host/include -I/home/dogi/openwrt/trunk/staging_dir/host/include -I/home/dogi/openwrt/trunk/staging_dir/host/include -I/home/dogi/openwrt/trunk/staging_dir/host/include -L/home/dogi/openwrt/trunk/staging_dir/host/lib -L/home/dogi/openwrt/trunk/staging_dir/host/lib -L/home/dogi/openwrt/trunk/staging_dir/host/lib conftest.c -lm  >&5
configure:13200: $? = 0
configure:13200: result: yes
configure:13214: checking for __gmpz_init in -lgmp
configure:13239: gcc -o conftest -O2 -I/home/dogi/openwrt/trunk/staging_dir/host/include -I/home/dogi/openwrt/trunk/staging_dir/host/include -I/home/dogi/openwrt/trunk/staging_dir/host/include -I/home/dogi/openwrt/trunk/staging_dir/host/include -L/home/dogi/openwrt/trunk/staging_dir/host/lib -L/home/dogi/openwrt/trunk/staging_dir/host/lib -L/home/dogi/openwrt/trunk/staging_dir/host/lib conftest.c -lgmp  -lm  >&5
configure:13239: $? = 0
configure:13248: result: yes
configure:13257: checking for MPFR
configure:13272: gcc -o conftest -O2 -I/home/dogi/openwrt/trunk/staging_dir/host/include -I/home/dogi/openwrt/trunk/staging_dir/host/include -I/home/dogi/openwrt/trunk/staging_dir/host/include -I/home/dogi/openwrt/trunk/staging_dir/host/include -L/home/dogi/openwrt/trunk/staging_dir/host/lib -L/home/dogi/openwrt/trunk/staging_dir/host/lib -L/home/dogi/openwrt/trunk/staging_dir/host/lib conftest.c -lmpfr -lgmp -lm  >&5
configure:13272: $? = 0
configure:13273: result: yes
configure:13291: checking for recent GMP
configure:13303: gcc -c -O2 -I/home/dogi/openwrt/trunk/staging_dir/host/include -I/home/dogi/openwrt/trunk/staging_dir/host/include -I/home/dogi/openwrt/trunk/staging_dir/host/include -I/home/dogi/openwrt/trunk/staging_dir/host/include conftest.c >&5
configure:13303: $? = 0
configure:13304: result: yes
configure:13318: checking for recent MPFR
configure:13330: gcc -c -O2 -I/home/dogi/openwrt/trunk/staging_dir/host/include -I/home/dogi/openwrt/trunk/staging_dir/host/include -I/home/dogi/openwrt/trunk/staging_dir/host/include -I/home/dogi/openwrt/trunk/staging_dir/host/include conftest.c >&5
configure:13330: $? = 0
configure:13331: result: yes
configure:13852: checking if gcc accepts -dumpversion option
configure:13877: cat conftest.c 1>&5
int main()
{
	return 0;
}
configure:13880: $? = 0
configure:13884: gcc  -dumpversion -c conftest.c 1>&5
4.8
configure:13887: $? = 0
configure:13890: result: yes
configure:13917: checking gcc version
configure:13931: result: 4.8
configure:14146: creating ./config.status

## ---------------------- ##
## Running config.status. ##
## ---------------------- ##

This file was extended by mpc config.status 1.0.1, which was
generated by GNU Autoconf 2.69.  Invocation command line was

  CONFIG_FILES    = 
  CONFIG_HEADERS  = 
  CONFIG_LINKS    = 
  CONFIG_COMMANDS = 
  $ ./config.status 

on Thinkbrett2

config.status:1108: creating Makefile
config.status:1108: creating src/Makefile
config.status:1108: creating tests/Makefile
config.status:1108: creating doc/Makefile
config.status:1108: creating config.h
config.status:1337: executing depfiles commands
config.status:1337: executing libtool commands

## ---------------- ##
## Cache variables. ##
## ---------------- ##

ac_cv_build=x86_64-pc-linux-gnu
ac_cv_c_compiler_gnu=yes
ac_cv_c_const=yes
ac_cv_env_CC_set=set
ac_cv_env_CC_value=gcc
ac_cv_env_CFLAGS_set=set
ac_cv_env_CFLAGS_value='-O2 -I/home/dogi/openwrt/trunk/staging_dir/host/include'
ac_cv_env_CPPFLAGS_set=set
ac_cv_env_CPPFLAGS_value=-I/home/dogi/openwrt/trunk/staging_dir/host/include
ac_cv_env_CPP_set=
ac_cv_env_CPP_value=
ac_cv_env_LDFLAGS_set=set
ac_cv_env_LDFLAGS_value=-L/home/dogi/openwrt/trunk/staging_dir/host/lib
ac_cv_env_LIBS_set=
ac_cv_env_LIBS_value=
ac_cv_env_build_alias_set=set
ac_cv_env_build_alias_value=x86_64-linux-gnu
ac_cv_env_host_alias_set=set
ac_cv_env_host_alias_value=x86_64-linux-gnu
ac_cv_env_target_alias_set=set
ac_cv_env_target_alias_value=x86_64-linux-gnu
ac_cv_func_dup2=yes
ac_cv_func_dup=yes
ac_cv_func_gettimeofday=yes
ac_cv_func_localeconv=yes
ac_cv_func_setlocale=yes
ac_cv_header_complex_h=yes
ac_cv_header_dlfcn_h=yes
ac_cv_header_inttypes_h=yes
ac_cv_header_limits_h=yes
ac_cv_header_locale_h=yes
ac_cv_header_memory_h=yes
ac_cv_header_stdc=yes
ac_cv_header_stdint_h=yes
ac_cv_header_stdlib_h=yes
ac_cv_header_string_h=yes
ac_cv_header_strings_h=yes
ac_cv_header_sys_stat_h=yes
ac_cv_header_sys_time_h=yes
ac_cv_header_sys_types_h=yes
ac_cv_header_time=yes
ac_cv_header_unistd_h=yes
ac_cv_host=x86_64-pc-linux-gnu
ac_cv_lib_gmp___gmpz_init=yes
ac_cv_objext=o
ac_cv_path_EGREP='/home/dogi/openwrt/trunk/staging_dir/host/bin/grep -E'
ac_cv_path_FGREP='/home/dogi/openwrt/trunk/staging_dir/host/bin/grep -F'
ac_cv_path_GREP=/home/dogi/openwrt/trunk/staging_dir/host/bin/grep
ac_cv_path_SED=/home/dogi/openwrt/trunk/staging_dir/host/bin/sed
ac_cv_path_install='/usr/bin/install -c'
ac_cv_path_mkdir=/bin/mkdir
ac_cv_prog_AR=x86_64-linux-gnu-ar
ac_cv_prog_AWK=gawk
ac_cv_prog_CC=gcc
ac_cv_prog_CPP='gcc -E'
ac_cv_prog_OBJDUMP=x86_64-linux-gnu-objdump
ac_cv_prog_RANLIB=x86_64-linux-gnu-ranlib
ac_cv_prog_STRIP=x86_64-linux-gnu-strip
ac_cv_prog_ac_ct_MANIFEST_TOOL=mt
ac_cv_prog_cc_c89=
ac_cv_prog_cc_g=yes
ac_cv_prog_make_make_set=yes
ac_cv_search_creal=-lm
ac_cv_type_size_t=yes
am_cv_CC_dependencies_compiler_type=gcc3
am_cv_ar_interface=ar
ax_cv_gcc_version=4.8
lt_cv_ar_at_file=@
lt_cv_deplibs_check_method=pass_all
lt_cv_file_magic_cmd='$MAGIC_CMD'
lt_cv_file_magic_test_file=
lt_cv_ld_reload_flag=-r
lt_cv_nm_interface='BSD nm'
lt_cv_objdir=.libs
lt_cv_path_LD=/usr/bin/ld
lt_cv_path_NM='/usr/bin/nm -B'
lt_cv_path_mainfest_tool=no
lt_cv_prog_compiler_c_o=yes
lt_cv_prog_compiler_pic='-fPIC -DPIC'
lt_cv_prog_compiler_pic_works=yes
lt_cv_prog_compiler_rtti_exceptions=no
lt_cv_prog_compiler_static_works=yes
lt_cv_prog_gnu_ld=yes
lt_cv_sharedlib_from_linklib_cmd='printf %s\n'
lt_cv_shlibpath_overrides_runpath=no
lt_cv_sys_global_symbol_pipe='sed -n -e '\''s/^.*[	 ]\([ABCDGIRSTW][ABCDGIRSTW]*\)[	 ][	 ]*\([_A-Za-z][_A-Za-z0-9]*\)$/\1 \2 \2/p'\'' | sed '\''/ __gnu_lto/d'\'''
lt_cv_sys_global_symbol_to_c_name_address='sed -n -e '\''s/^: \([^ ]*\)[ ]*$/  {\"\1\", (void *) 0},/p'\'' -e '\''s/^[ABCDGIRSTW]* \([^ ]*\) \([^ ]*\)$/  {"\2", (void *) \&\2},/p'\'''
lt_cv_sys_global_symbol_to_c_name_address_lib_prefix='sed -n -e '\''s/^: \([^ ]*\)[ ]*$/  {\"\1\", (void *) 0},/p'\'' -e '\''s/^[ABCDGIRSTW]* \([^ ]*\) \(lib[^ ]*\)$/  {"\2", (void *) \&\2},/p'\'' -e '\''s/^[ABCDGIRSTW]* \([^ ]*\) \([^ ]*\)$/  {"lib\2", (void *) \&\2},/p'\'''
lt_cv_sys_global_symbol_to_cdecl='sed -n -e '\''s/^T .* \(.*\)$/extern int \1();/p'\'' -e '\''s/^[ABCDGIRSTW]* .* \(.*\)$/extern char \1;/p'\'''
lt_cv_sys_max_cmd_len=3458764513820540925
lt_cv_to_host_file_cmd=func_convert_file_noop
lt_cv_to_tool_file_cmd=func_convert_file_noop

## ----------------- ##
## Output variables. ##
## ----------------- ##

ACLOCAL='${SHELL} /home/dogi/openwrt/trunk/build_dir/host/mpc-1.0.1/missing --run aclocal-1.11'
AMDEPBACKSLASH='\'
AMDEP_FALSE='#'
AMDEP_TRUE=''
AMTAR='$${TAR-tar}'
AR='x86_64-linux-gnu-ar'
AS='as'
AUTOCONF='${SHELL} /home/dogi/openwrt/trunk/build_dir/host/mpc-1.0.1/missing --run autoconf'
AUTOHEADER='${SHELL} /home/dogi/openwrt/trunk/build_dir/host/mpc-1.0.1/missing --run autoheader'
AUTOMAKE='${SHELL} /home/dogi/openwrt/trunk/build_dir/host/mpc-1.0.1/missing --run automake-1.11'
AWK='gawk'
CC='gcc'
CCDEPMODE='depmode=gcc3'
CFLAGS='-O2 -I/home/dogi/openwrt/trunk/staging_dir/host/include'
CPP='gcc -E'
CPPFLAGS='-I/home/dogi/openwrt/trunk/staging_dir/host/include -I/home/dogi/openwrt/trunk/staging_dir/host/include -I/home/dogi/openwrt/trunk/staging_dir/host/include'
CYGPATH_W='echo'
DEFS='-DHAVE_CONFIG_H'
DEPDIR='.deps'
DLLTOOL='false'
DSYMUTIL=''
DUMPBIN=''
ECHO_C=''
ECHO_N='-n'
ECHO_T=''
EGREP='/home/dogi/openwrt/trunk/staging_dir/host/bin/grep -E'
EXEEXT=''
FGREP='/home/dogi/openwrt/trunk/staging_dir/host/bin/grep -F'
GCC_VERSION='4.8'
GREP='/home/dogi/openwrt/trunk/staging_dir/host/bin/grep'
HASSVNVERSION=''
INSTALL_DATA='${INSTALL} -m 644'
INSTALL_PROGRAM='${INSTALL}'
INSTALL_SCRIPT='${INSTALL}'
INSTALL_STRIP_PROGRAM='$(install_sh) -c -s'
LD='/usr/bin/ld -m elf_x86_64'
LDFLAGS='-L/home/dogi/openwrt/trunk/staging_dir/host/lib -L/home/dogi/openwrt/trunk/staging_dir/host/lib -L/home/dogi/openwrt/trunk/staging_dir/host/lib'
LIBOBJS=''
LIBS='-lmpfr -lgmp -lm '
LIBTOOL='$(SHELL) $(top_builddir)/libtool'
LIPO=''
LN_S='ln -s'
LTLIBOBJS=''
MAINT='#'
MAINTAINER_MODE_FALSE=''
MAINTAINER_MODE_TRUE='#'
MAKEINFO='${SHELL} /home/dogi/openwrt/trunk/build_dir/host/mpc-1.0.1/missing --run makeinfo'
MANIFEST_TOOL=':'
MKDIR_P='/bin/mkdir -p'
MPC_LDFLAGS=''
MPC_LOG_H=''
NM='/usr/bin/nm -B'
NMEDIT=''
OBJDUMP='x86_64-linux-gnu-objdump'
OBJEXT='o'
OTOOL64=''
OTOOL=''
PACKAGE='mpc'
PACKAGE_BUGREPORT='mpc-discuss@lists.gforge.inria.fr'
PACKAGE_NAME='mpc'
PACKAGE_STRING='mpc 1.0.1'
PACKAGE_TARNAME='mpc'
PACKAGE_URL=''
PACKAGE_VERSION='1.0.1'
PATH_SEPARATOR=':'
RANLIB='x86_64-linux-gnu-ranlib'
SED='/home/dogi/openwrt/trunk/staging_dir/host/bin/sed'
SET_MAKE=''
SHELL='/bin/bash'
STRIP='x86_64-linux-gnu-strip'
SVNVERSION=''
VALGRIND=''
VERSION='1.0.1'
ac_ct_AR=''
ac_ct_CC=''
ac_ct_DUMPBIN=''
am__EXEEXT_FALSE=''
am__EXEEXT_TRUE='#'
am__fastdepCC_FALSE='#'
am__fastdepCC_TRUE=''
am__include='include'
am__isrc=''
am__leading_dot='.'
am__nodep='_no'
am__quote=''
am__tar='$${TAR-tar} chof - "$$tardir"'
am__untar='$${TAR-tar} xf -'
bindir='${exec_prefix}/bin'
build='x86_64-pc-linux-gnu'
build_alias='x86_64-linux-gnu'
build_cpu='x86_64'
build_os='linux-gnu'
build_vendor='pc'
datadir='${datarootdir}'
datarootdir='${prefix}/share'
docdir='${datarootdir}/doc/${PACKAGE_TARNAME}'
dvidir='${docdir}'
exec_prefix='/home/dogi/openwrt/trunk/staging_dir/host'
host='x86_64-pc-linux-gnu'
host_alias='x86_64-linux-gnu'
host_cpu='x86_64'
host_os='linux-gnu'
host_vendor='pc'
htmldir='${docdir}'
includedir='${prefix}/include'
infodir='${datarootdir}/info'
install_sh='${SHELL} /home/dogi/openwrt/trunk/build_dir/host/mpc-1.0.1/install-sh'
libdir='${exec_prefix}/lib'
libexecdir='${exec_prefix}/libexec'
localedir='${datarootdir}/locale'
localstatedir='/home/dogi/openwrt/trunk/staging_dir/host/var'
mandir='${datarootdir}/man'
mkdir_p='/bin/mkdir -p'
oldincludedir='/usr/include'
pdfdir='${docdir}'
prefix='/home/dogi/openwrt/trunk/staging_dir/host'
program_transform_name='s&$$&&;s&^&&'
psdir='${docdir}'
sbindir='/home/dogi/openwrt/trunk/staging_dir/host/bin'
sharedstatedir='${prefix}/com'
sysconfdir='/home/dogi/openwrt/trunk/staging_dir/host/etc'
target_alias='x86_64-linux-gnu'

## ----------- ##
## confdefs.h. ##
## ----------- ##

/* confdefs.h */
#define PACKAGE_NAME "mpc"
#define PACKAGE_TARNAME "mpc"
#define PACKAGE_VERSION "1.0.1"
#define PACKAGE_STRING "mpc 1.0.1"
#define PACKAGE_BUGREPORT "mpc-discuss@lists.gforge.inria.fr"
#define PACKAGE_URL ""
#define PACKAGE "mpc"
#define VERSION "1.0.1"
#define STDC_HEADERS 1
#define HAVE_SYS_TYPES_H 1
#define HAVE_SYS_STAT_H 1
#define HAVE_STDLIB_H 1
#define HAVE_STRING_H 1
#define HAVE_MEMORY_H 1
#define HAVE_STRINGS_H 1
#define HAVE_INTTYPES_H 1
#define HAVE_STDINT_H 1
#define HAVE_UNISTD_H 1
#define HAVE_DLFCN_H 1
#define LT_OBJDIR ".libs/"
#define STDC_HEADERS 1
#define HAVE_LOCALE_H 1
#define HAVE_INTTYPES_H 1
#define HAVE_STDINT_H 1
#define HAVE_LIMITS_H 1
#define HAVE_UNISTD_H 1
#define HAVE_SYS_TIME_H 1
#define TIME_WITH_SYS_TIME 1
#define HAVE_COMPLEX_H 1
#define HAVE_GETTIMEOFDAY 1
#define HAVE_LOCALECONV 1
#define HAVE_SETLOCALE 1
#define HAVE_DUP 1
#define HAVE_DUP2 1
#define MPC_GCC "yes"
#define MPC_CC "gcc"
#define MPC_GCC_VERSION "4.8"

configure: exit 0
