This file contains any messages produced by compilers while
running configure, to aid debugging if configure makes a mistake.

It was created by configure, which was
generated by GNU Autoconf 2.64.  Invocation command line was

  $ ./configure --disable-option-checking --prefix=/home/dogi/openwrt/trunk/staging_dir/toolchain-mipsel_24kec+dsp_gcc-4.6-linaro_uClibc-0.9.33.2 --with-system-zlib --disable-werror --disable-nls --without-uiout --disable-tui --disable-gdbtk --without-x --without-included-gettext --enable-threads --program-transform-name=s&^&mipsel-openwrt-linux-uclibc-& --build=x86_64-linux-gnu --host=x86_64-linux-gnu --target=mipsel-openwrt-linux-uclibc build_alias=x86_64-linux-gnu host_alias=x86_64-linux-gnu target_alias=mipsel-openwrt-linux-uclibc CC=x86_64-linux-gnu-gcc CFLAGS=-O2 LDFLAGS=-static-libstdc++ -static-libgcc  --cache-file=.././config.cache --srcdir=.

## --------- ##
## Platform. ##
## --------- ##

hostname = Thinkbrett2
uname -m = x86_64
uname -r = 3.13.0-45-generic
uname -s = Linux
uname -v = #74-Ubuntu SMP Tue Jan 13 19:36:28 UTC 2015

/usr/bin/uname -p = unknown
/bin/uname -X     = unknown

/bin/arch              = unknown
/usr/bin/arch -k       = unknown
/usr/convex/getsysinfo = unknown
/usr/bin/hostinfo      = unknown
/bin/machine           = unknown
/usr/bin/oslevel       = unknown
/bin/universe          = unknown

PATH: /home/dogi/openwrt/trunk/staging_dir/toolchain-mipsel_24kec+dsp_gcc-4.6-linaro_uClibc-0.9.33.2/bin
PATH: /home/dogi/openwrt/trunk/staging_dir/host/bin
PATH: /home/dogi/openwrt/trunk/staging_dir/toolchain-mipsel_24kec+dsp_gcc-4.6-linaro_uClibc-0.9.33.2/bin
PATH: /home/dogi/openwrt/trunk/staging_dir/host/bin
PATH: /home/dogi/openwrt/trunk/staging_dir/toolchain-mipsel_24kec+dsp_gcc-4.6-linaro_uClibc-0.9.33.2/bin
PATH: /home/dogi/openwrt/trunk/staging_dir/host/bin
PATH: /usr/local/sbin
PATH: /usr/local/bin
PATH: /usr/sbin
PATH: /usr/bin
PATH: /sbin
PATH: /bin
PATH: /usr/games
PATH: /usr/local/games


## ----------- ##
## Core tests. ##
## ----------- ##

configure:2231: loading cache .././config.cache
configure:2324: checking for x86_64-linux-gnu-gcc
configure:2351: result: x86_64-linux-gnu-gcc
configure:2620: checking for C compiler version
configure:2629: x86_64-linux-gnu-gcc --version >&5
x86_64-linux-gnu-gcc (Ubuntu 4.8.2-19ubuntu1) 4.8.2
Copyright (C) 2013 Free Software Foundation, Inc.
This is free software; see the source for copying conditions.  There is NO
warranty; not even for MERCHANTABILITY or FITNESS FOR A PARTICULAR PURPOSE.

configure:2640: $? = 0
configure:2629: x86_64-linux-gnu-gcc -v >&5
Using built-in specs.
COLLECT_GCC=x86_64-linux-gnu-gcc
COLLECT_LTO_WRAPPER=/usr/lib/gcc/x86_64-linux-gnu/4.8/lto-wrapper
Target: x86_64-linux-gnu
Configured with: ../src/configure -v --with-pkgversion='Ubuntu 4.8.2-19ubuntu1' --with-bugurl=file:///usr/share/doc/gcc-4.8/README.Bugs --enable-languages=c,c++,java,go,d,fortran,objc,obj-c++ --prefix=/usr --program-suffix=-4.8 --enable-shared --enable-linker-build-id --libexecdir=/usr/lib --without-included-gettext --enable-threads=posix --with-gxx-include-dir=/usr/include/c++/4.8 --libdir=/usr/lib --enable-nls --with-sysroot=/ --enable-clocale=gnu --enable-libstdcxx-debug --enable-libstdcxx-time=yes --enable-gnu-unique-object --disable-libmudflap --enable-plugin --with-system-zlib --disable-browser-plugin --enable-java-awt=gtk --enable-gtk-cairo --with-java-home=/usr/lib/jvm/java-1.5.0-gcj-4.8-amd64/jre --enable-java-home --with-jvm-root-dir=/usr/lib/jvm/java-1.5.0-gcj-4.8-amd64 --with-jvm-jar-dir=/usr/lib/jvm-exports/java-1.5.0-gcj-4.8-amd64 --with-arch-directory=amd64 --with-ecj-jar=/usr/share/java/eclipse-ecj.jar --enable-objc-gc --enable-multiarch --disable-werror --with-arch-32=i686 --with-abi=m64 --with-multilib-list=m32,m64,mx32 --with-tune=generic --enable-checking=release --build=x86_64-linux-gnu --host=x86_64-linux-gnu --target=x86_64-linux-gnu
Thread model: posix
gcc version 4.8.2 (Ubuntu 4.8.2-19ubuntu1) 
configure:2640: $? = 0
configure:2629: x86_64-linux-gnu-gcc -V >&5
x86_64-linux-gnu-gcc: error: unrecognized command line option '-V'
x86_64-linux-gnu-gcc: fatal error: no input files
compilation terminated.
configure:2640: $? = 4
configure:2629: x86_64-linux-gnu-gcc -qversion >&5
x86_64-linux-gnu-gcc: error: unrecognized command line option '-qversion'
x86_64-linux-gnu-gcc: fatal error: no input files
compilation terminated.
configure:2640: $? = 4
configure:2660: checking for C compiler default output file name
configure:2682: x86_64-linux-gnu-gcc -O2  -static-libstdc++ -static-libgcc  conftest.c  >&5
configure:2686: $? = 0
configure:2723: result: a.out
configure:2739: checking whether the C compiler works
configure:2748: ./a.out
configure:2752: $? = 0
configure:2767: result: yes
configure:2774: checking whether we are cross compiling
configure:2776: result: no
configure:2779: checking for suffix of executables
configure:2786: x86_64-linux-gnu-gcc -o conftest -O2  -static-libstdc++ -static-libgcc  conftest.c  >&5
configure:2790: $? = 0
configure:2812: result: 
configure:2818: checking for suffix of object files
configure:2865: result: o
configure:2869: checking whether we are using the GNU C compiler
configure:2897: result: yes
configure:2906: checking whether x86_64-linux-gnu-gcc accepts -g
configure:2967: result: yes
configure:2984: checking for x86_64-linux-gnu-gcc option to accept ISO C89
configure:3061: result: none needed
configure:3108: checking build system type
configure:3122: result: x86_64-pc-linux-gnu
configure:3142: checking host system type
configure:3155: result: x86_64-pc-linux-gnu
configure:3175: checking target system type
configure:3188: result: mipsel-openwrt-linux-uclibc
configure:3220: checking how to run the C preprocessor
configure:3290: result: x86_64-linux-gnu-gcc -E
configure:3310: x86_64-linux-gnu-gcc -E  conftest.c
configure:3310: $? = 0
configure:3324: x86_64-linux-gnu-gcc -E  conftest.c
conftest.c:9:28: fatal error: ac_nonexistent.h: No such file or directory
 #include <ac_nonexistent.h>
                            ^
compilation terminated.
configure:3324: $? = 1
configure: failed program was:
| /* confdefs.h */
| #define PACKAGE_NAME ""
| #define PACKAGE_TARNAME ""
| #define PACKAGE_VERSION ""
| #define PACKAGE_STRING ""
| #define PACKAGE_BUGREPORT ""
| #define PACKAGE_URL ""
| /* end confdefs.h.  */
| #include <ac_nonexistent.h>
configure:3353: checking for grep that handles long lines and -e
configure:3411: result: /home/dogi/openwrt/trunk/staging_dir/host/bin/grep
configure:3416: checking for egrep
configure:3478: result: /home/dogi/openwrt/trunk/staging_dir/host/bin/grep -E
configure:3483: checking for ANSI C header files
configure:3587: result: yes
configure:3600: checking for sys/types.h
configure:3600: result: yes
configure:3600: checking for sys/stat.h
configure:3600: result: yes
configure:3600: checking for stdlib.h
configure:3600: result: yes
configure:3600: checking for string.h
configure:3600: result: yes
configure:3600: checking for memory.h
configure:3600: result: yes
configure:3600: checking for strings.h
configure:3600: result: yes
configure:3600: checking for inttypes.h
configure:3600: result: yes
configure:3600: checking for stdint.h
configure:3600: result: yes
configure:3600: checking for unistd.h
configure:3600: result: yes
configure:3614: checking for minix/config.h
configure:3614: result: no
configure:3635: checking whether it is safe to define __EXTENSIONS__
configure:3660: result: yes
configure:3698: checking for a BSD-compatible install
configure:3766: result: /usr/bin/install -c
configure:3834: checking how to print strings
configure:3861: result: printf
configure:3882: checking for a sed that does not truncate output
configure:3946: result: /home/dogi/openwrt/trunk/staging_dir/host/bin/sed
configure:3964: checking for fgrep
configure:4026: result: /home/dogi/openwrt/trunk/staging_dir/host/bin/grep -F
configure:4061: checking for ld used by x86_64-linux-gnu-gcc
configure:4128: result: x86_64-linux-gnu-ld
configure:4135: checking if the linker (x86_64-linux-gnu-ld) is GNU ld
configure:4150: result: yes
configure:4162: checking for BSD- or MS-compatible name lister (nm)
configure:4211: result: x86_64-linux-gnu-nm
configure:4341: checking the name lister (x86_64-linux-gnu-nm) interface
configure:4361: result: BSD nm
configure:4364: checking whether ln -s works
configure:4368: result: yes
configure:4376: checking the maximum length of command line arguments
configure:4501: result: 3458764513820540925
configure:4518: checking whether the shell understands some XSI constructs
configure:4528: result: yes
configure:4532: checking whether the shell understands "+="
configure:4538: result: yes
configure:4573: checking for x86_64-linux-gnu-ld option to reload object files
configure:4580: result: -r
configure:4609: checking for x86_64-linux-gnu-objdump
configure:4636: result: x86_64-linux-gnu-objdump
configure:4708: checking how to recognize dependent libraries
configure:4909: result: pass_all
configure:4929: checking for x86_64-linux-gnu-ar
configure:4956: result: x86_64-linux-gnu-ar
configure:5034: checking for x86_64-linux-gnu-strip
configure:5061: result: x86_64-linux-gnu-strip
configure:5133: checking for x86_64-linux-gnu-ranlib
configure:5160: result: x86_64-linux-gnu-ranlib
configure:5277: checking for gawk
configure:5304: result: gawk
configure:5344: checking command to parse x86_64-linux-gnu-nm output from x86_64-linux-gnu-gcc object
configure:5567: result: ok
configure:5662: x86_64-linux-gnu-gcc -c -O2  conftest.c >&5
configure:5665: $? = 0
configure:6409: checking for dlfcn.h
configure:6409: result: yes
configure:6445: checking for x86_64-linux-gnu-ranlib
configure:6472: result: x86_64-linux-gnu-ranlib
configure:6553: checking dependency style of x86_64-linux-gnu-gcc
configure:6638: result: gcc3
configure:6652: checking for make
configure:6679: result: make
configure:6719: checking whether NLS is requested
configure:6722: result: no
configure:6783: checking for stdlib.h
configure:6783: result: yes
configure:6783: checking for string.h
configure:6783: result: yes
configure:6783: checking for strings.h
configure:6783: result: yes
configure:6783: checking for unistd.h
configure:6783: result: yes
configure:6783: checking for time.h
configure:6783: result: yes
configure:6797: checking for sys/time.h
configure:6797: result: yes
configure:6797: checking for sys/resource.h
configure:6797: result: yes
configure:6811: checking for fcntl.h
configure:6811: result: yes
configure:6811: checking for fpu_control.h
configure:6811: result: yes
configure:6825: checking for dlfcn.h
configure:6825: result: yes
configure:6825: checking for errno.h
configure:6825: result: yes
configure:6825: checking for sys/stat.h
configure:6825: result: yes
configure:6839: checking for getrusage
configure:6839: result: yes
configure:6839: checking for time
configure:6839: result: yes
configure:6839: checking for sigaction
configure:6839: result: yes
configure:6839: checking for __setfpucw
configure:6839: result: no
configure:6851: checking for bind in -lsocket
configure:6885: result: no
configure:6896: checking for gethostbyname in -lnsl
configure:6930: result: yes
configure:6956: checking for library containing zlibVersion
configure:7004: result: -lz
configure:7011: checking for zlib.h
configure:7011: result: yes
configure:7226: checking for objdir
configure:7241: result: .libs
configure:7512: checking if x86_64-linux-gnu-gcc supports -fno-rtti -fno-exceptions
configure:7547: result: no
configure:7567: checking for x86_64-linux-gnu-gcc option to produce PIC
configure:7853: result: -fPIC -DPIC
configure:7865: checking if x86_64-linux-gnu-gcc PIC flag -fPIC -DPIC works
configure:7900: result: yes
configure:7924: checking if x86_64-linux-gnu-gcc static flag -static works
configure:7952: result: yes
configure:7967: checking if x86_64-linux-gnu-gcc supports -c -o file.o
configure:8014: result: yes
configure:8022: checking if x86_64-linux-gnu-gcc supports -c -o file.o
configure:8069: result: yes
configure:8102: checking whether the x86_64-linux-gnu-gcc linker (x86_64-linux-gnu-ld -m elf_x86_64) supports shared libraries
configure:9173: result: yes
configure:9210: checking whether -lc should be explicitly linked in
configure:9253: result: no
configure:9418: checking dynamic linker characteristics
configure:10091: result: GNU/Linux ld.so
configure:10198: checking how to hardcode library paths into programs
configure:10223: result: immediate
configure:10317: checking for shl_load
configure:10317: result: no
configure:10321: checking for shl_load in -ldld
configure:10355: result: no
configure:10360: checking for dlopen
configure:10360: result: no
configure:10364: checking for dlopen in -ldl
configure:10398: result: yes
configure:10517: checking whether a program can dlopen itself
configure:10618: result: yes
configure:10623: checking whether a statically linked program can dlopen itself
configure:10724: result: no
configure:10763: checking whether stripping libraries is possible
configure:10768: result: yes
configure:10803: checking if libtool supports shared libraries
configure:10805: result: yes
configure:10808: checking whether to build shared libraries
configure:10829: result: yes
configure:10832: checking whether to build static libraries
configure:10836: result: yes
configure:11068: checking return type of signal handlers
configure:11093: result: void
configure:11156: checking for stdlib.h
configure:11156: result: yes
configure:11156: checking for string.h
configure:11156: result: yes
configure:11156: checking for strings.h
configure:11156: result: yes
configure:11156: checking for time.h
configure:11156: result: yes
configure:11156: checking sys/times.h usability
configure:11156: x86_64-linux-gnu-gcc -c -O2  conftest.c >&5
configure:11156: $? = 0
configure:11156: result: yes
configure:11156: checking sys/times.h presence
configure:11156: x86_64-linux-gnu-gcc -E  conftest.c
configure:11156: $? = 0
configure:11156: result: yes
configure:11156: checking for sys/times.h
configure:11156: result: yes
configure:11156: checking for sys/stat.h
configure:11156: result: yes
configure:11156: checking sys/mman.h usability
configure:11156: x86_64-linux-gnu-gcc -c -O2  conftest.c >&5
configure:11156: $? = 0
configure:11156: result: yes
configure:11156: checking sys/mman.h presence
configure:11156: x86_64-linux-gnu-gcc -E  conftest.c
configure:11156: $? = 0
configure:11156: result: yes
configure:11156: checking for sys/mman.h
configure:11156: result: yes
configure:11170: checking for mmap
configure:11170: x86_64-linux-gnu-gcc -o conftest -O2  -static-libstdc++ -static-libgcc  conftest.c -lz -lnsl  >&5
configure:11170: $? = 0
configure:11170: result: yes
configure:11170: checking for munmap
configure:11170: x86_64-linux-gnu-gcc -o conftest -O2  -static-libstdc++ -static-libgcc  conftest.c -lz -lnsl  >&5
configure:11170: $? = 0
configure:11170: result: yes
configure:11170: checking for lstat
configure:11170: x86_64-linux-gnu-gcc -o conftest -O2  -static-libstdc++ -static-libgcc  conftest.c -lz -lnsl  >&5
configure:11170: $? = 0
configure:11170: result: yes
configure:11170: checking for truncate
configure:11170: x86_64-linux-gnu-gcc -o conftest -O2  -static-libstdc++ -static-libgcc  conftest.c -lz -lnsl  >&5
configure:11170: $? = 0
configure:11170: result: yes
configure:11170: checking for ftruncate
configure:11170: x86_64-linux-gnu-gcc -o conftest -O2  -static-libstdc++ -static-libgcc  conftest.c -lz -lnsl  >&5
configure:11170: $? = 0
configure:11170: result: yes
configure:11170: checking for posix_fallocate
configure:11170: x86_64-linux-gnu-gcc -o conftest -O2  -static-libstdc++ -static-libgcc  conftest.c -lz -lnsl  >&5
configure:11170: $? = 0
configure:11170: result: yes
configure:11180: checking for struct stat.st_dev
configure:11180: x86_64-linux-gnu-gcc -c -O2  conftest.c >&5
configure:11180: $? = 0
configure:11180: result: yes
configure:11195: checking for struct stat.st_ino
configure:11195: x86_64-linux-gnu-gcc -c -O2  conftest.c >&5
configure:11195: $? = 0
configure:11195: result: yes
configure:11210: checking for struct stat.st_mode
configure:11210: x86_64-linux-gnu-gcc -c -O2  conftest.c >&5
configure:11210: $? = 0
configure:11210: result: yes
configure:11225: checking for struct stat.st_nlink
configure:11225: x86_64-linux-gnu-gcc -c -O2  conftest.c >&5
configure:11225: $? = 0
configure:11225: result: yes
configure:11240: checking for struct stat.st_uid
configure:11240: x86_64-linux-gnu-gcc -c -O2  conftest.c >&5
configure:11240: $? = 0
configure:11240: result: yes
configure:11255: checking for struct stat.st_gid
configure:11255: x86_64-linux-gnu-gcc -c -O2  conftest.c >&5
configure:11255: $? = 0
configure:11255: result: yes
configure:11270: checking for struct stat.st_rdev
configure:11270: x86_64-linux-gnu-gcc -c -O2  conftest.c >&5
configure:11270: $? = 0
configure:11270: result: yes
configure:11285: checking for struct stat.st_size
configure:11285: x86_64-linux-gnu-gcc -c -O2  conftest.c >&5
configure:11285: $? = 0
configure:11285: result: yes
configure:11300: checking for struct stat.st_blksize
configure:11300: x86_64-linux-gnu-gcc -c -O2  conftest.c >&5
configure:11300: $? = 0
configure:11300: result: yes
configure:11315: checking for struct stat.st_blocks
configure:11315: x86_64-linux-gnu-gcc -c -O2  conftest.c >&5
configure:11315: $? = 0
configure:11315: result: yes
configure:11330: checking for struct stat.st_atime
configure:11330: x86_64-linux-gnu-gcc -c -O2  conftest.c >&5
configure:11330: $? = 0
configure:11330: result: yes
configure:11345: checking for struct stat.st_mtime
configure:11345: x86_64-linux-gnu-gcc -c -O2  conftest.c >&5
configure:11345: $? = 0
configure:11345: result: yes
configure:11360: checking for struct stat.st_ctime
configure:11360: x86_64-linux-gnu-gcc -c -O2  conftest.c >&5
configure:11360: $? = 0
configure:11360: result: yes
configure:11376: checking for socklen_t
configure:11376: x86_64-linux-gnu-gcc -c -O2  conftest.c >&5
configure:11376: $? = 0
configure:11376: x86_64-linux-gnu-gcc -c -O2  conftest.c >&5
conftest.c: In function 'main':
conftest.c:80:24: error: expected expression before ')' token
 if (sizeof ((socklen_t)))
                        ^
configure:11376: $? = 1
configure: failed program was:
| /* confdefs.h */
| #define PACKAGE_NAME ""
| #define PACKAGE_TARNAME ""
| #define PACKAGE_VERSION ""
| #define PACKAGE_STRING ""
| #define PACKAGE_BUGREPORT ""
| #define PACKAGE_URL ""
| #define STDC_HEADERS 1
| #define HAVE_SYS_TYPES_H 1
| #define HAVE_SYS_STAT_H 1
| #define HAVE_STDLIB_H 1
| #define HAVE_STRING_H 1
| #define HAVE_MEMORY_H 1
| #define HAVE_STRINGS_H 1
| #define HAVE_INTTYPES_H 1
| #define HAVE_STDINT_H 1
| #define HAVE_UNISTD_H 1
| #define __EXTENSIONS__ 1
| #define _ALL_SOURCE 1
| #define _GNU_SOURCE 1
| #define _POSIX_PTHREAD_SEMANTICS 1
| #define _TANDEM_SOURCE 1
| #define HAVE_DLFCN_H 1
| #define PACKAGE "sim"
| #define HAVE_STDLIB_H 1
| #define HAVE_STRING_H 1
| #define HAVE_STRINGS_H 1
| #define HAVE_UNISTD_H 1
| #define HAVE_TIME_H 1
| #define HAVE_SYS_TIME_H 1
| #define HAVE_SYS_RESOURCE_H 1
| #define HAVE_FCNTL_H 1
| #define HAVE_FPU_CONTROL_H 1
| #define HAVE_DLFCN_H 1
| #define HAVE_ERRNO_H 1
| #define HAVE_SYS_STAT_H 1
| #define HAVE_GETRUSAGE 1
| #define HAVE_TIME 1
| #define HAVE_SIGACTION 1
| #define HAVE_LIBNSL 1
| #define HAVE_ZLIB_H 1
| #define LT_OBJDIR ".libs/"
| #define PKGVERSION "(GDB) "
| #define REPORT_BUGS_TO "<http://www.gnu.org/software/gdb/bugs/>"
| #define RETSIGTYPE void
| #define HAVE_STDLIB_H 1
| #define HAVE_STRING_H 1
| #define HAVE_STRINGS_H 1
| #define HAVE_TIME_H 1
| #define HAVE_SYS_TIMES_H 1
| #define HAVE_SYS_STAT_H 1
| #define HAVE_SYS_MMAN_H 1
| #define HAVE_MMAP 1
| #define HAVE_MUNMAP 1
| #define HAVE_LSTAT 1
| #define HAVE_TRUNCATE 1
| #define HAVE_FTRUNCATE 1
| #define HAVE_POSIX_FALLOCATE 1
| #define HAVE_STRUCT_STAT_ST_DEV 1
| #define HAVE_STRUCT_STAT_ST_INO 1
| #define HAVE_STRUCT_STAT_ST_MODE 1
| #define HAVE_STRUCT_STAT_ST_NLINK 1
| #define HAVE_STRUCT_STAT_ST_UID 1
| #define HAVE_STRUCT_STAT_ST_GID 1
| #define HAVE_STRUCT_STAT_ST_RDEV 1
| #define HAVE_STRUCT_STAT_ST_SIZE 1
| #define HAVE_STRUCT_STAT_ST_BLKSIZE 1
| #define HAVE_STRUCT_STAT_ST_BLOCKS 1
| #define HAVE_STRUCT_STAT_ST_ATIME 1
| #define HAVE_STRUCT_STAT_ST_MTIME 1
| #define HAVE_STRUCT_STAT_ST_CTIME 1
| /* end confdefs.h.  */
| #include <sys/types.h>
| #include <sys/socket.h>
| 
| 
| int
| main ()
| {
| if (sizeof ((socklen_t)))
| 	    return 0;
|   ;
|   return 0;
| }
configure:11376: result: yes
configure:11459: updating cache .././config.cache
configure:11504: creating ./config.status

## ---------------------- ##
## Running config.status. ##
## ---------------------- ##

This file was extended by config.status, which was
generated by GNU Autoconf 2.64.  Invocation command line was

  CONFIG_FILES    = 
  CONFIG_HEADERS  = 
  CONFIG_LINKS    = 
  CONFIG_COMMANDS = 
  $ ./config.status 

on Thinkbrett2

config.status:1147: creating Makefile
config.status:1147: creating cconfig.h
config.status:1327: executing depdir commands
config.status:1327: executing libtool commands
config.status:1327: executing default commands

## ---------------- ##
## Cache variables. ##
## ---------------- ##

ac_cv_build=x86_64-pc-linux-gnu
ac_cv_c_bigendian=no
ac_cv_c_compiler_gnu=yes
ac_cv_env_CC_set=set
ac_cv_env_CC_value=x86_64-linux-gnu-gcc
ac_cv_env_CFLAGS_set=set
ac_cv_env_CFLAGS_value=-O2
ac_cv_env_CPPFLAGS_set=
ac_cv_env_CPPFLAGS_value=
ac_cv_env_CPP_set=
ac_cv_env_CPP_value=
ac_cv_env_LDFLAGS_set=set
ac_cv_env_LDFLAGS_value='-static-libstdc++ -static-libgcc '
ac_cv_env_LIBS_set=
ac_cv_env_LIBS_value=
ac_cv_env_XMKMF_set=
ac_cv_env_XMKMF_value=
ac_cv_env_build_alias_set=set
ac_cv_env_build_alias_value=x86_64-linux-gnu
ac_cv_env_host_alias_set=set
ac_cv_env_host_alias_value=x86_64-linux-gnu
ac_cv_env_target_alias_set=set
ac_cv_env_target_alias_value=mipsel-openwrt-linux-uclibc
ac_cv_func___setfpucw=no
ac_cv_func_aint=no
ac_cv_func_anint=no
ac_cv_func_dlopen=no
ac_cv_func_ftruncate=yes
ac_cv_func_getrusage=yes
ac_cv_func_lstat=yes
ac_cv_func_mmap=yes
ac_cv_func_munmap=yes
ac_cv_func_posix_fallocate=yes
ac_cv_func_shl_load=no
ac_cv_func_sigaction=yes
ac_cv_func_sqrt=yes
ac_cv_func_time=yes
ac_cv_func_truncate=yes
ac_cv_header_dlfcn_h=yes
ac_cv_header_errno_h=yes
ac_cv_header_fcntl_h=yes
ac_cv_header_fpu_control_h=yes
ac_cv_header_inttypes_h=yes
ac_cv_header_memory_h=yes
ac_cv_header_minix_config_h=no
ac_cv_header_stdc=yes
ac_cv_header_stdint_h=yes
ac_cv_header_stdlib_h=yes
ac_cv_header_string_h=yes
ac_cv_header_strings_h=yes
ac_cv_header_sys_mman_h=yes
ac_cv_header_sys_resource_h=yes
ac_cv_header_sys_stat_h=yes
ac_cv_header_sys_time_h=yes
ac_cv_header_sys_times_h=yes
ac_cv_header_sys_types_h=yes
ac_cv_header_time_h=yes
ac_cv_header_unistd_h=yes
ac_cv_header_zlib_h=yes
ac_cv_host=x86_64-pc-linux-gnu
ac_cv_lib_dl_dlopen=yes
ac_cv_lib_dld_shl_load=no
ac_cv_lib_m_fabs=yes
ac_cv_lib_nsl_gethostbyname=yes
ac_cv_lib_socket_bind=no
ac_cv_member_struct_stat_st_atime=yes
ac_cv_member_struct_stat_st_blksize=yes
ac_cv_member_struct_stat_st_blocks=yes
ac_cv_member_struct_stat_st_ctime=yes
ac_cv_member_struct_stat_st_dev=yes
ac_cv_member_struct_stat_st_gid=yes
ac_cv_member_struct_stat_st_ino=yes
ac_cv_member_struct_stat_st_mode=yes
ac_cv_member_struct_stat_st_mtime=yes
ac_cv_member_struct_stat_st_nlink=yes
ac_cv_member_struct_stat_st_rdev=yes
ac_cv_member_struct_stat_st_size=yes
ac_cv_member_struct_stat_st_uid=yes
ac_cv_objext=o
ac_cv_path_EGREP='/home/dogi/openwrt/trunk/staging_dir/host/bin/grep -E'
ac_cv_path_FGREP='/home/dogi/openwrt/trunk/staging_dir/host/bin/grep -F'
ac_cv_path_GREP=/home/dogi/openwrt/trunk/staging_dir/host/bin/grep
ac_cv_path_SED=/home/dogi/openwrt/trunk/staging_dir/host/bin/sed
ac_cv_prog_AR=x86_64-linux-gnu-ar
ac_cv_prog_AWK=gawk
ac_cv_prog_CC=x86_64-linux-gnu-gcc
ac_cv_prog_CPP='x86_64-linux-gnu-gcc -E'
ac_cv_prog_MAKE=make
ac_cv_prog_OBJDUMP=x86_64-linux-gnu-objdump
ac_cv_prog_RANLIB=x86_64-linux-gnu-ranlib
ac_cv_prog_STRIP=x86_64-linux-gnu-strip
ac_cv_prog_cc_c89=
ac_cv_prog_cc_g=yes
ac_cv_safe_to_define___extensions__=yes
ac_cv_search_zlibVersion=-lz
ac_cv_target=mipsel-openwrt-linux-uclibc
ac_cv_type_signal=void
ac_cv_type_socklen_t=yes
am_cv_CC_dependencies_compiler_type=gcc3
lt_cv_archive_cmds_need_lc=no
lt_cv_deplibs_check_method=pass_all
lt_cv_dlopen=dlopen
lt_cv_dlopen_libs=-ldl
lt_cv_dlopen_self=yes
lt_cv_dlopen_self_static=no
lt_cv_file_magic_cmd='$MAGIC_CMD'
lt_cv_file_magic_test_file=
lt_cv_ld_reload_flag=-r
lt_cv_nm_interface='BSD nm'
lt_cv_objdir=.libs
lt_cv_path_LD=x86_64-linux-gnu-ld
lt_cv_path_NM=x86_64-linux-gnu-nm
lt_cv_prog_compiler_c_o=yes
lt_cv_prog_compiler_pic_works=yes
lt_cv_prog_compiler_rtti_exceptions=no
lt_cv_prog_compiler_static_works=yes
lt_cv_prog_gnu_ld=yes
lt_cv_shlibpath_overrides_runpath=no
lt_cv_sys_global_symbol_pipe='sed -n -e '\''s/^.*[	 ]\([ABCDGIRSTW][ABCDGIRSTW]*\)[	 ][	 ]*\([_A-Za-z][_A-Za-z0-9]*\)$/\1 \2 \2/p'\'''
lt_cv_sys_global_symbol_to_c_name_address='sed -n -e '\''s/^: \([^ ]*\) $/  {\"\1\", (void *) 0},/p'\'' -e '\''s/^[ABCDGIRSTW]* \([^ ]*\) \([^ ]*\)$/  {"\2", (void *) \&\2},/p'\'''
lt_cv_sys_global_symbol_to_c_name_address_lib_prefix='sed -n -e '\''s/^: \([^ ]*\) $/  {\"\1\", (void *) 0},/p'\'' -e '\''s/^[ABCDGIRSTW]* \([^ ]*\) \(lib[^ ]*\)$/  {"\2", (void *) \&\2},/p'\'' -e '\''s/^[ABCDGIRSTW]* \([^ ]*\) \([^ ]*\)$/  {"lib\2", (void *) \&\2},/p'\'''
lt_cv_sys_global_symbol_to_cdecl='sed -n -e '\''s/^T .* \(.*\)$/extern int \1();/p'\'' -e '\''s/^[ABCDGIRSTW]* .* \(.*\)$/extern char \1;/p'\'''
lt_cv_sys_max_cmd_len=3458764513820540925

## ----------------- ##
## Output variables. ##
## ----------------- ##

AR='x86_64-linux-gnu-ar'
AWK='gawk'
CATALOGS=''
CATOBJEXT=''
CC='x86_64-linux-gnu-gcc'
CCDEPMODE='depmode=gcc3'
CC_FOR_BUILD='$(CC)'
CFLAGS='-O2'
CPP='x86_64-linux-gnu-gcc -E'
CPPFLAGS=''
CPP_FOR_TARGET='`   if test -f $${rootme}/../../gcc/Makefile ; then     if test -f $${rootme}/../../$(TARGET_SUBDIR)/newlib/Makefile ; then       echo $${rootme}/../../gcc/xgcc -B$${rootme}/../../gcc/ -idirafter $${rootme}/../../$(TARGET_SUBDIR)/newlib/targ-include -idirafter $(srcroot)/newlib/libc/include -nostdinc;     else       echo $${rootme}/../../gcc/xgcc -B$${rootme}/../../gcc/;     fi;   else     if test '\''$(host_canonical)'\'' = '\''$(target_canonical)'\'' ; then       echo $(CC);     else       t='\''$(program_transform_name)'\''; echo gcc | sed -e '\''s/x/x/'\'' $$t;     fi;   fi` -E'
DATADIRNAME=''
DEFS='-DHAVE_CONFIG_H'
DEPDIR='.deps'
DSYMUTIL=''
DUMPBIN=''
ECHO_C=''
ECHO_N='-n'
ECHO_T=''
EGREP='/home/dogi/openwrt/trunk/staging_dir/host/bin/grep -E'
EXEEXT=''
FGREP='/home/dogi/openwrt/trunk/staging_dir/host/bin/grep -F'
GENCAT=''
GMAKE_FALSE='#'
GMAKE_TRUE=''
GMSGFMT='/usr/bin/msgfmt'
GREP='/home/dogi/openwrt/trunk/staging_dir/host/bin/grep'
HDEFINES=''
INCINTL=''
INSTALL_DATA='/usr/bin/install -c -m 644'
INSTALL_PROGRAM='/usr/bin/install -c'
INSTALL_SCRIPT='/usr/bin/install -c'
INSTOBJEXT=''
LD='x86_64-linux-gnu-ld -m elf_x86_64'
LDFLAGS='-static-libstdc++ -static-libgcc '
LIBINTL=''
LIBINTL_DEP=''
LIBOBJS=''
LIBS='-lz -lnsl '
LIBTOOL='$(SHELL) $(top_builddir)/libtool'
LIPO=''
LN_S='ln -s'
LTLIBOBJS=''
MAINT='#'
MAKE='make'
NM='x86_64-linux-gnu-nm'
NMEDIT=''
OBJDUMP='x86_64-linux-gnu-objdump'
OBJEXT='o'
OTOOL64=''
OTOOL=''
PACKAGE='sim'
PACKAGE_BUGREPORT=''
PACKAGE_NAME=''
PACKAGE_STRING=''
PACKAGE_TARNAME=''
PACKAGE_URL=''
PACKAGE_VERSION=''
PATH_SEPARATOR=':'
PKGVERSION='(GDB) '
PLUGINS_FALSE=''
PLUGINS_TRUE='#'
POSUB=''
RANLIB='x86_64-linux-gnu-ranlib'
REPORT_BUGS_TEXI='@uref{http://www.gnu.org/software/gdb/bugs/}'
REPORT_BUGS_TO='<http://www.gnu.org/software/gdb/bugs/>'
SED='/home/dogi/openwrt/trunk/staging_dir/host/bin/sed'
SHELL='/bin/bash'
STRIP='x86_64-linux-gnu-strip'
TARGET_SUBDIR='mipsel-openwrt-linux-uclibc'
USE_NLS='no'
WARN_CFLAGS=''
WERROR_CFLAGS=''
XGETTEXT='/usr/bin/xgettext'
ac_ct_CC=''
ac_ct_DUMPBIN=''
am__leading_dot='.'
bindir='${exec_prefix}/bin'
build='x86_64-pc-linux-gnu'
build_alias='x86_64-linux-gnu'
build_cpu='x86_64'
build_os='linux-gnu'
build_vendor='pc'
datadir='${datarootdir}'
datarootdir='${prefix}/share'
docdir='${datarootdir}/doc/${PACKAGE}'
dvidir='${docdir}'
exec_prefix='${prefix}'
host='x86_64-pc-linux-gnu'
host_alias='x86_64-linux-gnu'
host_cpu='x86_64'
host_os='linux-gnu'
host_vendor='pc'
htmldir='${docdir}'
includedir='${prefix}/include'
infodir='${datarootdir}/info'
libdir='${exec_prefix}/lib'
libexecdir='${exec_prefix}/libexec'
localedir='${datarootdir}/locale'
localstatedir='${prefix}/var'
lt_cv_dlopen_libs='-ldl'
mandir='${datarootdir}/man'
oldincludedir='/usr/include'
pdfdir='${docdir}'
prefix='/home/dogi/openwrt/trunk/staging_dir/toolchain-mipsel_24kec+dsp_gcc-4.6-linaro_uClibc-0.9.33.2'
program_transform_name='s&^&mipsel-openwrt-linux-uclibc-&'
psdir='${docdir}'
sbindir='${exec_prefix}/sbin'
sharedstatedir='${prefix}/com'
sim_alignment=''
sim_assert=''
sim_bitsize=''
sim_bswap=''
sim_cflags=''
sim_debug=''
sim_default_model=''
sim_endian=''
sim_environment=''
sim_float=''
sim_hostendian=''
sim_hw=''
sim_hw_cflags=''
sim_hw_objs=''
sim_inline=''
sim_packages=''
sim_profile='-DPROFILE=1 -DWITH_PROFILE=-1'
sim_regparm=''
sim_reserved_bits=''
sim_scache=''
sim_smp=''
sim_stdcall=''
sim_stdio=''
sim_trace=''
sim_xor_endian=''
sysconfdir='${prefix}/etc'
target='mipsel-openwrt-linux-uclibc'
target_alias='mipsel-openwrt-linux-uclibc'
target_cpu='mipsel'
target_os='linux-uclibc'
target_vendor='openwrt'

## ----------- ##
## confdefs.h. ##
## ----------- ##

/* confdefs.h */
#define PACKAGE_NAME ""
#define PACKAGE_TARNAME ""
#define PACKAGE_VERSION ""
#define PACKAGE_STRING ""
#define PACKAGE_BUGREPORT ""
#define PACKAGE_URL ""
#define STDC_HEADERS 1
#define HAVE_SYS_TYPES_H 1
#define HAVE_SYS_STAT_H 1
#define HAVE_STDLIB_H 1
#define HAVE_STRING_H 1
#define HAVE_MEMORY_H 1
#define HAVE_STRINGS_H 1
#define HAVE_INTTYPES_H 1
#define HAVE_STDINT_H 1
#define HAVE_UNISTD_H 1
#define __EXTENSIONS__ 1
#define _ALL_SOURCE 1
#define _GNU_SOURCE 1
#define _POSIX_PTHREAD_SEMANTICS 1
#define _TANDEM_SOURCE 1
#define HAVE_DLFCN_H 1
#define PACKAGE "sim"
#define HAVE_STDLIB_H 1
#define HAVE_STRING_H 1
#define HAVE_STRINGS_H 1
#define HAVE_UNISTD_H 1
#define HAVE_TIME_H 1
#define HAVE_SYS_TIME_H 1
#define HAVE_SYS_RESOURCE_H 1
#define HAVE_FCNTL_H 1
#define HAVE_FPU_CONTROL_H 1
#define HAVE_DLFCN_H 1
#define HAVE_ERRNO_H 1
#define HAVE_SYS_STAT_H 1
#define HAVE_GETRUSAGE 1
#define HAVE_TIME 1
#define HAVE_SIGACTION 1
#define HAVE_LIBNSL 1
#define HAVE_ZLIB_H 1
#define LT_OBJDIR ".libs/"
#define PKGVERSION "(GDB) "
#define REPORT_BUGS_TO "<http://www.gnu.org/software/gdb/bugs/>"
#define RETSIGTYPE void
#define HAVE_STDLIB_H 1
#define HAVE_STRING_H 1
#define HAVE_STRINGS_H 1
#define HAVE_TIME_H 1
#define HAVE_SYS_TIMES_H 1
#define HAVE_SYS_STAT_H 1
#define HAVE_SYS_MMAN_H 1
#define HAVE_MMAP 1
#define HAVE_MUNMAP 1
#define HAVE_LSTAT 1
#define HAVE_TRUNCATE 1
#define HAVE_FTRUNCATE 1
#define HAVE_POSIX_FALLOCATE 1
#define HAVE_STRUCT_STAT_ST_DEV 1
#define HAVE_STRUCT_STAT_ST_INO 1
#define HAVE_STRUCT_STAT_ST_MODE 1
#define HAVE_STRUCT_STAT_ST_NLINK 1
#define HAVE_STRUCT_STAT_ST_UID 1
#define HAVE_STRUCT_STAT_ST_GID 1
#define HAVE_STRUCT_STAT_ST_RDEV 1
#define HAVE_STRUCT_STAT_ST_SIZE 1
#define HAVE_STRUCT_STAT_ST_BLKSIZE 1
#define HAVE_STRUCT_STAT_ST_BLOCKS 1
#define HAVE_STRUCT_STAT_ST_ATIME 1
#define HAVE_STRUCT_STAT_ST_MTIME 1
#define HAVE_STRUCT_STAT_ST_CTIME 1
#define HAVE_SOCKLEN_T 1

configure: exit 0
