This file contains any messages produced by compilers while
running configure, to aid debugging if configure makes a mistake.

It was created by configure, which was
generated by GNU Autoconf 2.64.  Invocation command line was

  $ ./configure --disable-option-checking --prefix=/home/dogi/openwrt/trunk/staging_dir/toolchain-mipsel_24kec+dsp_gcc-4.6-linaro_uClibc-0.9.33.2 --with-system-zlib --disable-werror --disable-nls --without-uiout --disable-tui --disable-gdbtk --without-x --without-included-gettext --enable-threads --program-transform-name=s&^&mipsel-openwrt-linux-uclibc-& --build=x86_64-linux-gnu --host=x86_64-linux-gnu --target=mipsel-openwrt-linux-uclibc build_alias=x86_64-linux-gnu host_alias=x86_64-linux-gnu target_alias=mipsel-openwrt-linux-uclibc CC=x86_64-linux-gnu-gcc CFLAGS=-O2 LDFLAGS=-static-libstdc++ -static-libgcc  --cache-file=.././config.cache --srcdir=.

## --------- ##
## Platform. ##
## --------- ##

hostname = Thinkbrett2
uname -m = x86_64
uname -r = 3.13.0-45-generic
uname -s = Linux
uname -v = #74-Ubuntu SMP Tue Jan 13 19:36:28 UTC 2015

/usr/bin/uname -p = unknown
/bin/uname -X     = unknown

/bin/arch              = unknown
/usr/bin/arch -k       = unknown
/usr/convex/getsysinfo = unknown
/usr/bin/hostinfo      = unknown
/bin/machine           = unknown
/usr/bin/oslevel       = unknown
/bin/universe          = unknown

PATH: /home/dogi/openwrt/trunk/staging_dir/toolchain-mipsel_24kec+dsp_gcc-4.6-linaro_uClibc-0.9.33.2/bin
PATH: /home/dogi/openwrt/trunk/staging_dir/host/bin
PATH: /home/dogi/openwrt/trunk/staging_dir/toolchain-mipsel_24kec+dsp_gcc-4.6-linaro_uClibc-0.9.33.2/bin
PATH: /home/dogi/openwrt/trunk/staging_dir/host/bin
PATH: /home/dogi/openwrt/trunk/staging_dir/toolchain-mipsel_24kec+dsp_gcc-4.6-linaro_uClibc-0.9.33.2/bin
PATH: /home/dogi/openwrt/trunk/staging_dir/host/bin
PATH: /usr/local/sbin
PATH: /usr/local/bin
PATH: /usr/sbin
PATH: /usr/bin
PATH: /sbin
PATH: /bin
PATH: /usr/games
PATH: /usr/local/games


## ----------- ##
## Core tests. ##
## ----------- ##

configure:1965: loading cache .././config.cache
configure:3928: checking for a BSD-compatible install
configure:3996: result: /usr/bin/install -c
configure:4015: checking for x86_64-linux-gnu-gcc
configure:4042: result: x86_64-linux-gnu-gcc
configure:4311: checking for C compiler version
configure:4320: x86_64-linux-gnu-gcc --version >&5
x86_64-linux-gnu-gcc (Ubuntu 4.8.2-19ubuntu1) 4.8.2
Copyright (C) 2013 Free Software Foundation, Inc.
This is free software; see the source for copying conditions.  There is NO
warranty; not even for MERCHANTABILITY or FITNESS FOR A PARTICULAR PURPOSE.

configure:4331: $? = 0
configure:4320: x86_64-linux-gnu-gcc -v >&5
Using built-in specs.
COLLECT_GCC=x86_64-linux-gnu-gcc
COLLECT_LTO_WRAPPER=/usr/lib/gcc/x86_64-linux-gnu/4.8/lto-wrapper
Target: x86_64-linux-gnu
Configured with: ../src/configure -v --with-pkgversion='Ubuntu 4.8.2-19ubuntu1' --with-bugurl=file:///usr/share/doc/gcc-4.8/README.Bugs --enable-languages=c,c++,java,go,d,fortran,objc,obj-c++ --prefix=/usr --program-suffix=-4.8 --enable-shared --enable-linker-build-id --libexecdir=/usr/lib --without-included-gettext --enable-threads=posix --with-gxx-include-dir=/usr/include/c++/4.8 --libdir=/usr/lib --enable-nls --with-sysroot=/ --enable-clocale=gnu --enable-libstdcxx-debug --enable-libstdcxx-time=yes --enable-gnu-unique-object --disable-libmudflap --enable-plugin --with-system-zlib --disable-browser-plugin --enable-java-awt=gtk --enable-gtk-cairo --with-java-home=/usr/lib/jvm/java-1.5.0-gcj-4.8-amd64/jre --enable-java-home --with-jvm-root-dir=/usr/lib/jvm/java-1.5.0-gcj-4.8-amd64 --with-jvm-jar-dir=/usr/lib/jvm-exports/java-1.5.0-gcj-4.8-amd64 --with-arch-directory=amd64 --with-ecj-jar=/usr/share/java/eclipse-ecj.jar --enable-objc-gc --enable-multiarch --disable-werror --with-arch-32=i686 --with-abi=m64 --with-multilib-list=m32,m64,mx32 --with-tune=generic --enable-checking=release --build=x86_64-linux-gnu --host=x86_64-linux-gnu --target=x86_64-linux-gnu
Thread model: posix
gcc version 4.8.2 (Ubuntu 4.8.2-19ubuntu1) 
configure:4331: $? = 0
configure:4320: x86_64-linux-gnu-gcc -V >&5
x86_64-linux-gnu-gcc: error: unrecognized command line option '-V'
x86_64-linux-gnu-gcc: fatal error: no input files
compilation terminated.
configure:4331: $? = 4
configure:4320: x86_64-linux-gnu-gcc -qversion >&5
x86_64-linux-gnu-gcc: error: unrecognized command line option '-qversion'
x86_64-linux-gnu-gcc: fatal error: no input files
compilation terminated.
configure:4331: $? = 4
configure:4351: checking for C compiler default output file name
configure:4373: x86_64-linux-gnu-gcc -O2  -static-libstdc++ -static-libgcc  conftest.c  >&5
configure:4377: $? = 0
configure:4414: result: a.out
configure:4430: checking whether the C compiler works
configure:4439: ./a.out
configure:4443: $? = 0
configure:4458: result: yes
configure:4465: checking whether we are cross compiling
configure:4467: result: no
configure:4470: checking for suffix of executables
configure:4477: x86_64-linux-gnu-gcc -o conftest -O2  -static-libstdc++ -static-libgcc  conftest.c  >&5
configure:4481: $? = 0
configure:4503: result: 
configure:4509: checking for suffix of object files
configure:4556: result: o
configure:4560: checking whether we are using the GNU C compiler
configure:4588: result: yes
configure:4597: checking whether x86_64-linux-gnu-gcc accepts -g
configure:4658: result: yes
configure:4675: checking for x86_64-linux-gnu-gcc option to accept ISO C89
configure:4752: result: none needed
configure:4846: checking compiler warning flags
configure:4867: x86_64-linux-gnu-gcc -c -O2 -Wall  conftest.c >&5
configure:4867: $? = 0
configure:4867: x86_64-linux-gnu-gcc -c -O2 -Wdeclaration-after-statement  conftest.c >&5
configure:4867: $? = 0
configure:4867: x86_64-linux-gnu-gcc -c -O2 -Wpointer-arith  conftest.c >&5
configure:4867: $? = 0
configure:4867: x86_64-linux-gnu-gcc -c -O2 -Wformat-nonliteral  conftest.c >&5
configure:4867: $? = 0
configure:4867: x86_64-linux-gnu-gcc -c -O2 -Wno-pointer-sign  conftest.c >&5
configure:4867: $? = 0
configure:4867: x86_64-linux-gnu-gcc -c -O2 -Wno-unused  conftest.c >&5
configure:4867: $? = 0
configure:4867: x86_64-linux-gnu-gcc -c -O2 -Wunused-value  conftest.c >&5
configure:4867: $? = 0
configure:4867: x86_64-linux-gnu-gcc -c -O2 -Wunused-function  conftest.c >&5
configure:4867: $? = 0
configure:4867: x86_64-linux-gnu-gcc -c -O2 -Wno-switch  conftest.c >&5
configure:4867: $? = 0
configure:4867: x86_64-linux-gnu-gcc -c -O2 -Wno-char-subscripts  conftest.c >&5
configure:4867: $? = 0
configure:4867: x86_64-linux-gnu-gcc -c -O2 -Wmissing-prototypes  conftest.c >&5
configure:4867: $? = 0
configure:4874: result:  -Wall -Wdeclaration-after-statement -Wpointer-arith -Wformat-nonliteral -Wno-pointer-sign -Wno-unused -Wunused-value -Wunused-function -Wno-switch -Wno-char-subscripts -Wmissing-prototypes 
configure:4901: checking build system type
configure:4915: result: x86_64-pc-linux-gnu
configure:4935: checking host system type
configure:4948: result: x86_64-pc-linux-gnu
configure:4968: checking target system type
configure:4981: result: mipsel-openwrt-linux-uclibc
configure:5029: checking how to run the C preprocessor
configure:5099: result: x86_64-linux-gnu-gcc -E
configure:5119: x86_64-linux-gnu-gcc -E  conftest.c
configure:5119: $? = 0
configure:5133: x86_64-linux-gnu-gcc -E  conftest.c
conftest.c:9:28: fatal error: ac_nonexistent.h: No such file or directory
 #include <ac_nonexistent.h>
                            ^
compilation terminated.
configure:5133: $? = 1
configure: failed program was:
| /* confdefs.h */
| #define PACKAGE_NAME ""
| #define PACKAGE_TARNAME ""
| #define PACKAGE_VERSION ""
| #define PACKAGE_STRING ""
| #define PACKAGE_BUGREPORT ""
| #define PACKAGE_URL ""
| /* end confdefs.h.  */
| #include <ac_nonexistent.h>
configure:5162: checking for grep that handles long lines and -e
configure:5220: result: /home/dogi/openwrt/trunk/staging_dir/host/bin/grep
configure:5225: checking for egrep
configure:5287: result: /home/dogi/openwrt/trunk/staging_dir/host/bin/grep -E
configure:5292: checking for ANSI C header files
configure:5396: result: yes
configure:5409: checking for sys/types.h
configure:5409: result: yes
configure:5409: checking for sys/stat.h
configure:5409: result: yes
configure:5409: checking for stdlib.h
configure:5409: result: yes
configure:5409: checking for string.h
configure:5409: result: yes
configure:5409: checking for memory.h
configure:5409: result: yes
configure:5409: checking for strings.h
configure:5409: result: yes
configure:5409: checking for inttypes.h
configure:5409: result: yes
configure:5409: checking for stdint.h
configure:5409: result: yes
configure:5409: checking for unistd.h
configure:5409: result: yes
configure:5425: checking for stdlib.h
configure:5425: result: yes
configure:5425: checking for string.h
configure:5425: result: yes
configure:5425: checking for strings.h
configure:5425: result: yes
configure:5425: checking for sys/stat.h
configure:5425: result: yes
configure:5425: checking for sys/types.h
configure:5425: result: yes
configure:5425: checking for unistd.h
configure:5425: result: yes
configure:5439: checking for dirent.h that defines DIR
configure:5458: x86_64-linux-gnu-gcc -c -O2  conftest.c >&5
configure:5458: $? = 0
configure:5466: result: yes
configure:5480: checking for library containing opendir
configure:5511: x86_64-linux-gnu-gcc -o conftest -O2  -static-libstdc++ -static-libgcc  conftest.c  >&5
configure:5511: $? = 0
configure:5528: result: none required
configure:5608: checking for x86_64-linux-gnu-ranlib
configure:5635: result: x86_64-linux-gnu-ranlib
configure:5767: updating cache .././config.cache
configure:5804: creating ./config.status

## ---------------------- ##
## Running config.status. ##
## ---------------------- ##

This file was extended by config.status, which was
generated by GNU Autoconf 2.64.  Invocation command line was

  CONFIG_FILES    = 
  CONFIG_HEADERS  = 
  CONFIG_LINKS    = 
  CONFIG_COMMANDS = 
  $ ./config.status 

on Thinkbrett2

config.status:855: creating Makefile
config.status:855: creating config.h
config.status:1035: executing default commands

## ---------------- ##
## Cache variables. ##
## ---------------- ##

ac_cv_build=x86_64-pc-linux-gnu
ac_cv_c_bigendian=no
ac_cv_c_compiler_gnu=yes
ac_cv_env_CC_set=set
ac_cv_env_CC_value=x86_64-linux-gnu-gcc
ac_cv_env_CFLAGS_set=set
ac_cv_env_CFLAGS_value=-O2
ac_cv_env_CPPFLAGS_set=
ac_cv_env_CPPFLAGS_value=
ac_cv_env_CPP_set=
ac_cv_env_CPP_value=
ac_cv_env_LDFLAGS_set=set
ac_cv_env_LDFLAGS_value='-static-libstdc++ -static-libgcc '
ac_cv_env_LIBS_set=
ac_cv_env_LIBS_value=
ac_cv_env_XMKMF_set=
ac_cv_env_XMKMF_value=
ac_cv_env_build_alias_set=set
ac_cv_env_build_alias_value=x86_64-linux-gnu
ac_cv_env_host_alias_set=set
ac_cv_env_host_alias_value=x86_64-linux-gnu
ac_cv_env_target_alias_set=set
ac_cv_env_target_alias_value=mipsel-openwrt-linux-uclibc
ac_cv_func___setfpucw=no
ac_cv_func_aint=no
ac_cv_func_anint=no
ac_cv_func_dlopen=no
ac_cv_func_ftruncate=yes
ac_cv_func_getrusage=yes
ac_cv_func_lstat=yes
ac_cv_func_mmap=yes
ac_cv_func_munmap=yes
ac_cv_func_posix_fallocate=yes
ac_cv_func_shl_load=no
ac_cv_func_sigaction=yes
ac_cv_func_sqrt=yes
ac_cv_func_time=yes
ac_cv_func_truncate=yes
ac_cv_header_dirent_dirent_h=yes
ac_cv_header_dlfcn_h=yes
ac_cv_header_errno_h=yes
ac_cv_header_fcntl_h=yes
ac_cv_header_fpu_control_h=yes
ac_cv_header_inttypes_h=yes
ac_cv_header_memory_h=yes
ac_cv_header_minix_config_h=no
ac_cv_header_stdc=yes
ac_cv_header_stdint_h=yes
ac_cv_header_stdlib_h=yes
ac_cv_header_string_h=yes
ac_cv_header_strings_h=yes
ac_cv_header_sys_mman_h=yes
ac_cv_header_sys_resource_h=yes
ac_cv_header_sys_stat_h=yes
ac_cv_header_sys_time_h=yes
ac_cv_header_sys_times_h=yes
ac_cv_header_sys_types_h=yes
ac_cv_header_time_h=yes
ac_cv_header_unistd_h=yes
ac_cv_header_zlib_h=yes
ac_cv_host=x86_64-pc-linux-gnu
ac_cv_lib_dl_dlopen=yes
ac_cv_lib_dld_shl_load=no
ac_cv_lib_m_fabs=yes
ac_cv_lib_nsl_gethostbyname=yes
ac_cv_lib_socket_bind=no
ac_cv_member_struct_stat_st_atime=yes
ac_cv_member_struct_stat_st_blksize=yes
ac_cv_member_struct_stat_st_blocks=yes
ac_cv_member_struct_stat_st_ctime=yes
ac_cv_member_struct_stat_st_dev=yes
ac_cv_member_struct_stat_st_gid=yes
ac_cv_member_struct_stat_st_ino=yes
ac_cv_member_struct_stat_st_mode=yes
ac_cv_member_struct_stat_st_mtime=yes
ac_cv_member_struct_stat_st_nlink=yes
ac_cv_member_struct_stat_st_rdev=yes
ac_cv_member_struct_stat_st_size=yes
ac_cv_member_struct_stat_st_uid=yes
ac_cv_objext=o
ac_cv_path_EGREP='/home/dogi/openwrt/trunk/staging_dir/host/bin/grep -E'
ac_cv_path_FGREP='/home/dogi/openwrt/trunk/staging_dir/host/bin/grep -F'
ac_cv_path_GREP=/home/dogi/openwrt/trunk/staging_dir/host/bin/grep
ac_cv_path_SED=/home/dogi/openwrt/trunk/staging_dir/host/bin/sed
ac_cv_prog_AR=x86_64-linux-gnu-ar
ac_cv_prog_AWK=gawk
ac_cv_prog_CC=x86_64-linux-gnu-gcc
ac_cv_prog_CPP='x86_64-linux-gnu-gcc -E'
ac_cv_prog_MAKE=make
ac_cv_prog_OBJDUMP=x86_64-linux-gnu-objdump
ac_cv_prog_RANLIB=x86_64-linux-gnu-ranlib
ac_cv_prog_STRIP=x86_64-linux-gnu-strip
ac_cv_prog_cc_c89=
ac_cv_prog_cc_g=yes
ac_cv_safe_to_define___extensions__=yes
ac_cv_search_opendir='none required'
ac_cv_search_zlibVersion=-lz
ac_cv_target=mipsel-openwrt-linux-uclibc
ac_cv_type_signal=void
ac_cv_type_socklen_t=yes
am_cv_CC_dependencies_compiler_type=gcc3
lt_cv_archive_cmds_need_lc=no
lt_cv_deplibs_check_method=pass_all
lt_cv_dlopen=dlopen
lt_cv_dlopen_libs=-ldl
lt_cv_dlopen_self=yes
lt_cv_dlopen_self_static=no
lt_cv_file_magic_cmd='$MAGIC_CMD'
lt_cv_file_magic_test_file=
lt_cv_ld_reload_flag=-r
lt_cv_nm_interface='BSD nm'
lt_cv_objdir=.libs
lt_cv_path_LD=x86_64-linux-gnu-ld
lt_cv_path_NM=x86_64-linux-gnu-nm
lt_cv_prog_compiler_c_o=yes
lt_cv_prog_compiler_pic_works=yes
lt_cv_prog_compiler_rtti_exceptions=no
lt_cv_prog_compiler_static_works=yes
lt_cv_prog_gnu_ld=yes
lt_cv_shlibpath_overrides_runpath=no
lt_cv_sys_global_symbol_pipe='sed -n -e '\''s/^.*[	 ]\([ABCDGIRSTW][ABCDGIRSTW]*\)[	 ][	 ]*\([_A-Za-z][_A-Za-z0-9]*\)$/\1 \2 \2/p'\'''
lt_cv_sys_global_symbol_to_c_name_address='sed -n -e '\''s/^: \([^ ]*\) $/  {\"\1\", (void *) 0},/p'\'' -e '\''s/^[ABCDGIRSTW]* \([^ ]*\) \([^ ]*\)$/  {"\2", (void *) \&\2},/p'\'''
lt_cv_sys_global_symbol_to_c_name_address_lib_prefix='sed -n -e '\''s/^: \([^ ]*\) $/  {\"\1\", (void *) 0},/p'\'' -e '\''s/^[ABCDGIRSTW]* \([^ ]*\) \(lib[^ ]*\)$/  {"\2", (void *) \&\2},/p'\'' -e '\''s/^[ABCDGIRSTW]* \([^ ]*\) \([^ ]*\)$/  {"lib\2", (void *) \&\2},/p'\'''
lt_cv_sys_global_symbol_to_cdecl='sed -n -e '\''s/^T .* \(.*\)$/extern int \1();/p'\'' -e '\''s/^[ABCDGIRSTW]* .* \(.*\)$/extern char \1;/p'\'''
lt_cv_sys_max_cmd_len=3458764513820540925

## ----------------- ##
## Output variables. ##
## ----------------- ##

AR='x86_64-linux-gnu-ar'
AR_FLAGS_FOR_BUILD='$(AR_FLAGS)'
AR_FOR_BUILD='$(AR)'
CC='x86_64-linux-gnu-gcc'
CC_FOR_BUILD='$(CC)'
CFLAGS='-O2'
CFLAGS_FOR_BUILD='$(CFLAGS)'
CPP='x86_64-linux-gnu-gcc -E'
CPPFLAGS=''
DEFS='-DHAVE_CONFIG_H'
ECHO_C=''
ECHO_N='-n'
ECHO_T=''
EGREP='/home/dogi/openwrt/trunk/staging_dir/host/bin/grep -E'
EXEEXT=''
GREP='/home/dogi/openwrt/trunk/staging_dir/host/bin/grep'
INSTALL_DATA='/usr/bin/install -c -m 644'
INSTALL_PROGRAM='/usr/bin/install -c'
INSTALL_SCRIPT='/usr/bin/install -c'
LDFLAGS='-static-libstdc++ -static-libgcc '
LIBIBERTY_LIB='../../libiberty/libiberty.a'
LIBOBJS=''
LIBS=''
LTLIBOBJS=''
OBJEXT='o'
PACKAGE_BUGREPORT=''
PACKAGE_NAME=''
PACKAGE_STRING=''
PACKAGE_TARNAME=''
PACKAGE_URL=''
PACKAGE_VERSION=''
PATH_SEPARATOR=':'
RANLIB='x86_64-linux-gnu-ranlib'
RANLIB_FOR_BUILD='$(RANLIB)'
SHELL='/bin/bash'
WARN_CFLAGS=' -Wall -Wdeclaration-after-statement -Wpointer-arith -Wformat-nonliteral -Wno-pointer-sign -Wno-unused -Wunused-value -Wunused-function -Wno-switch -Wno-char-subscripts -Wmissing-prototypes'
WERROR_CFLAGS=''
ac_ct_CC=''
bindir='${exec_prefix}/bin'
build='x86_64-pc-linux-gnu'
build_alias='x86_64-linux-gnu'
build_cpu='x86_64'
build_os='linux-gnu'
build_vendor='pc'
datadir='${datarootdir}'
datarootdir='${prefix}/share'
docdir='${datarootdir}/doc/${PACKAGE}'
dvidir='${docdir}'
exec_prefix='${prefix}'
host='x86_64-pc-linux-gnu'
host_alias='x86_64-linux-gnu'
host_cpu='x86_64'
host_os='linux-gnu'
host_vendor='pc'
htmldir='${docdir}'
includedir='${prefix}/include'
infodir='${datarootdir}/info'
libdir='${exec_prefix}/lib'
libexecdir='${exec_prefix}/libexec'
localedir='${datarootdir}/locale'
localstatedir='${prefix}/var'
mandir='${datarootdir}/man'
oldincludedir='/usr/include'
pdfdir='${docdir}'
prefix='/home/dogi/openwrt/trunk/staging_dir/toolchain-mipsel_24kec+dsp_gcc-4.6-linaro_uClibc-0.9.33.2'
program_transform_name='s&^&mipsel-openwrt-linux-uclibc-&'
psdir='${docdir}'
sbindir='${exec_prefix}/sbin'
sharedstatedir='${prefix}/com'
sim_alignment=''
sim_assert=''
sim_bitsize=''
sim_default_model=''
sim_endian=''
sim_environment=''
sim_float=''
sim_hostendian=''
sim_hw=''
sim_hw_cflags=''
sim_hw_objs=''
sim_inline='-DDEFAULT_INLINE=0'
sim_packages=''
sim_regparm=''
sim_reserved_bits=''
sim_scache=''
sim_smp=''
sim_stdcall=''
sim_xor_endian=''
sysconfdir='${prefix}/etc'
target='mipsel-openwrt-linux-uclibc'
target_alias='mipsel-openwrt-linux-uclibc'
target_cpu='mipsel'
target_os='linux-uclibc'
target_vendor='openwrt'

## ----------- ##
## confdefs.h. ##
## ----------- ##

/* confdefs.h */
#define PACKAGE_NAME ""
#define PACKAGE_TARNAME ""
#define PACKAGE_VERSION ""
#define PACKAGE_STRING ""
#define PACKAGE_BUGREPORT ""
#define PACKAGE_URL ""
#define STDC_HEADERS 1
#define HAVE_SYS_TYPES_H 1
#define HAVE_SYS_STAT_H 1
#define HAVE_STDLIB_H 1
#define HAVE_STRING_H 1
#define HAVE_MEMORY_H 1
#define HAVE_STRINGS_H 1
#define HAVE_INTTYPES_H 1
#define HAVE_STDINT_H 1
#define HAVE_UNISTD_H 1
#define HAVE_STDLIB_H 1
#define HAVE_STRING_H 1
#define HAVE_STRINGS_H 1
#define HAVE_SYS_STAT_H 1
#define HAVE_SYS_TYPES_H 1
#define HAVE_UNISTD_H 1
#define HAVE_DIRENT_H 1

configure: exit 0
