This file contains any messages produced by compilers while
running configure, to aid debugging if configure makes a mistake.

It was created by LTO plugin for ld configure 0.1, which was
generated by GNU Autoconf 2.64.  Invocation command line was

  $ /home/dogi/openwrt/trunk/build_dir/toolchain-mipsel_24kec+dsp_gcc-4.6-linaro_uClibc-0.9.33.2/gcc-linaro-4.6-2013.05/lto-plugin/configure --cache-file=./config.cache --with-stabs --with-bugurl=https://dev.openwrt.org/ --with-pkgversion=OpenWrt/Linaro GCC 4.6-2013.05 r38333 --prefix=/home/dogi/openwrt/trunk/staging_dir/toolchain-mipsel_24kec+dsp_gcc-4.6-linaro_uClibc-0.9.33.2 --with-gnu-ld --enable-target-optspace --disable-libgomp --disable-libmudflap --disable-multilib --disable-nls --with-host-libstdcxx=-lstdc++ --with-float=soft --with-gmp=/home/dogi/openwrt/trunk/staging_dir/host --with-mpfr=/home/dogi/openwrt/trunk/staging_dir/host --disable-decimal-float --with-mips-plt --with-mpc=/home/dogi/openwrt/trunk/staging_dir/host --disable-__cxa_atexit --with-newlib --without-headers --disable-libssp --disable-shared --disable-threads --enable-languages=c,lto --program-transform-name=s&^&mipsel-openwrt-linux-uclibc-& --disable-option-checking --build=x86_64-linux-gnu --host=x86_64-linux-gnu --target=mipsel-openwrt-linux-uclibc --srcdir=/home/dogi/openwrt/trunk/build_dir/toolchain-mipsel_24kec+dsp_gcc-4.6-linaro_uClibc-0.9.33.2/gcc-linaro-4.6-2013.05/lto-plugin --enable-shared

## --------- ##
## Platform. ##
## --------- ##

hostname = Thinkbrett2
uname -m = x86_64
uname -r = 3.13.0-45-generic
uname -s = Linux
uname -v = #74-Ubuntu SMP Tue Jan 13 19:36:28 UTC 2015

/usr/bin/uname -p = unknown
/bin/uname -X     = unknown

/bin/arch              = unknown
/usr/bin/arch -k       = unknown
/usr/convex/getsysinfo = unknown
/usr/bin/hostinfo      = unknown
/bin/machine           = unknown
/usr/bin/oslevel       = unknown
/bin/universe          = unknown

PATH: /home/dogi/openwrt/trunk/staging_dir/toolchain-mipsel_24kec+dsp_gcc-4.6-linaro_uClibc-0.9.33.2/bin
PATH: /home/dogi/openwrt/trunk/staging_dir/host/bin
PATH: /home/dogi/openwrt/trunk/staging_dir/toolchain-mipsel_24kec+dsp_gcc-4.6-linaro_uClibc-0.9.33.2/bin
PATH: /home/dogi/openwrt/trunk/staging_dir/host/bin
PATH: /home/dogi/openwrt/trunk/staging_dir/toolchain-mipsel_24kec+dsp_gcc-4.6-linaro_uClibc-0.9.33.2/bin
PATH: /home/dogi/openwrt/trunk/staging_dir/host/bin
PATH: /usr/local/sbin
PATH: /usr/local/bin
PATH: /usr/sbin
PATH: /usr/bin
PATH: /sbin
PATH: /bin
PATH: /usr/games
PATH: /usr/local/games


## ----------- ##
## Core tests. ##
## ----------- ##

configure:2135: creating cache ./config.cache
configure:2238: checking build system type
configure:2252: result: x86_64-pc-linux-gnu
configure:2272: checking host system type
configure:2285: result: x86_64-pc-linux-gnu
configure:2305: checking target system type
configure:2318: result: mipsel-openwrt-linux-uclibc
configure:2406: checking for a BSD-compatible install
configure:2474: result: /usr/bin/install -c
configure:2485: checking whether build environment is sane
configure:2535: result: yes
configure:2676: checking for a thread-safe mkdir -p
configure:2715: result: /bin/mkdir -p
configure:2728: checking for gawk
configure:2755: result: gawk
configure:2766: checking whether make sets $(MAKE)
configure:2788: result: yes
configure:2869: checking whether to enable maintainer-specific portions of Makefiles
configure:2878: result: no
configure:2899: checking for x86_64-linux-gnu-gcc
configure:2926: result: x86_64-linux-gnu-gcc
configure:3195: checking for C compiler version
configure:3204: x86_64-linux-gnu-gcc --version >&5
x86_64-linux-gnu-gcc (Ubuntu 4.8.2-19ubuntu1) 4.8.2
Copyright (C) 2013 Free Software Foundation, Inc.
This is free software; see the source for copying conditions.  There is NO
warranty; not even for MERCHANTABILITY or FITNESS FOR A PARTICULAR PURPOSE.

configure:3215: $? = 0
configure:3204: x86_64-linux-gnu-gcc -v >&5
Using built-in specs.
COLLECT_GCC=x86_64-linux-gnu-gcc
COLLECT_LTO_WRAPPER=/usr/lib/gcc/x86_64-linux-gnu/4.8/lto-wrapper
Target: x86_64-linux-gnu
Configured with: ../src/configure -v --with-pkgversion='Ubuntu 4.8.2-19ubuntu1' --with-bugurl=file:///usr/share/doc/gcc-4.8/README.Bugs --enable-languages=c,c++,java,go,d,fortran,objc,obj-c++ --prefix=/usr --program-suffix=-4.8 --enable-shared --enable-linker-build-id --libexecdir=/usr/lib --without-included-gettext --enable-threads=posix --with-gxx-include-dir=/usr/include/c++/4.8 --libdir=/usr/lib --enable-nls --with-sysroot=/ --enable-clocale=gnu --enable-libstdcxx-debug --enable-libstdcxx-time=yes --enable-gnu-unique-object --disable-libmudflap --enable-plugin --with-system-zlib --disable-browser-plugin --enable-java-awt=gtk --enable-gtk-cairo --with-java-home=/usr/lib/jvm/java-1.5.0-gcj-4.8-amd64/jre --enable-java-home --with-jvm-root-dir=/usr/lib/jvm/java-1.5.0-gcj-4.8-amd64 --with-jvm-jar-dir=/usr/lib/jvm-exports/java-1.5.0-gcj-4.8-amd64 --with-arch-directory=amd64 --with-ecj-jar=/usr/share/java/eclipse-ecj.jar --enable-objc-gc --enable-multiarch --disable-werror --with-arch-32=i686 --with-abi=m64 --with-multilib-list=m32,m64,mx32 --with-tune=generic --enable-checking=release --build=x86_64-linux-gnu --host=x86_64-linux-gnu --target=x86_64-linux-gnu
Thread model: posix
gcc version 4.8.2 (Ubuntu 4.8.2-19ubuntu1) 
configure:3215: $? = 0
configure:3204: x86_64-linux-gnu-gcc -V >&5
x86_64-linux-gnu-gcc: error: unrecognized command line option '-V'
x86_64-linux-gnu-gcc: fatal error: no input files
compilation terminated.
configure:3215: $? = 4
configure:3204: x86_64-linux-gnu-gcc -qversion >&5
x86_64-linux-gnu-gcc: error: unrecognized command line option '-qversion'
x86_64-linux-gnu-gcc: fatal error: no input files
compilation terminated.
configure:3215: $? = 4
configure:3235: checking for C compiler default output file name
configure:3257: x86_64-linux-gnu-gcc -O2 -I/home/dogi/openwrt/trunk/staging_dir/host/include    conftest.c  >&5
configure:3261: $? = 0
configure:3298: result: a.out
configure:3314: checking whether the C compiler works
configure:3323: ./a.out
configure:3327: $? = 0
configure:3342: result: yes
configure:3349: checking whether we are cross compiling
configure:3351: result: no
configure:3354: checking for suffix of executables
configure:3361: x86_64-linux-gnu-gcc -o conftest -O2 -I/home/dogi/openwrt/trunk/staging_dir/host/include    conftest.c  >&5
configure:3365: $? = 0
configure:3387: result: 
configure:3393: checking for suffix of object files
configure:3415: x86_64-linux-gnu-gcc -c -O2 -I/home/dogi/openwrt/trunk/staging_dir/host/include  conftest.c >&5
configure:3419: $? = 0
configure:3440: result: o
configure:3444: checking whether we are using the GNU C compiler
configure:3463: x86_64-linux-gnu-gcc -c -O2 -I/home/dogi/openwrt/trunk/staging_dir/host/include  conftest.c >&5
configure:3463: $? = 0
configure:3472: result: yes
configure:3481: checking whether x86_64-linux-gnu-gcc accepts -g
configure:3501: x86_64-linux-gnu-gcc -c -g  conftest.c >&5
configure:3501: $? = 0
configure:3542: result: yes
configure:3559: checking for x86_64-linux-gnu-gcc option to accept ISO C89
configure:3623: x86_64-linux-gnu-gcc  -c -O2 -I/home/dogi/openwrt/trunk/staging_dir/host/include  conftest.c >&5
configure:3623: $? = 0
configure:3636: result: none needed
configure:3667: checking for style of include used by make
configure:3695: result: GNU
configure:3720: checking dependency style of x86_64-linux-gnu-gcc
configure:3830: result: gcc3
configure:3853: checking for special C compiler options needed for large files
configure:3898: result: no
configure:3904: checking for _FILE_OFFSET_BITS value needed for large files
configure:3929: x86_64-linux-gnu-gcc -c -O2 -I/home/dogi/openwrt/trunk/staging_dir/host/include  conftest.c >&5
configure:3929: $? = 0
configure:3961: result: no
configure:4049: checking whether x86_64-linux-gnu-gcc supports -Wall
configure:4066: x86_64-linux-gnu-gcc -c -Wall  conftest.c >&5
configure:4066: $? = 0
configure:4075: result: yes
configure:4129: checking how to print strings
configure:4156: result: printf
configure:4177: checking for a sed that does not truncate output
configure:4241: result: /home/dogi/openwrt/trunk/staging_dir/host/bin/sed
configure:4259: checking for grep that handles long lines and -e
configure:4317: result: /home/dogi/openwrt/trunk/staging_dir/host/bin/grep
configure:4322: checking for egrep
configure:4384: result: /home/dogi/openwrt/trunk/staging_dir/host/bin/grep -E
configure:4389: checking for fgrep
configure:4451: result: /home/dogi/openwrt/trunk/staging_dir/host/bin/grep -F
configure:4486: checking for ld used by x86_64-linux-gnu-gcc
configure:4553: result: x86_64-linux-gnu-ld
configure:4560: checking if the linker (x86_64-linux-gnu-ld) is GNU ld
configure:4575: result: yes
configure:4587: checking for BSD- or MS-compatible name lister (nm)
configure:4636: result: x86_64-linux-gnu-nm
configure:4766: checking the name lister (x86_64-linux-gnu-nm) interface
configure:4773: x86_64-linux-gnu-gcc -c -O2 -I/home/dogi/openwrt/trunk/staging_dir/host/include  conftest.c >&5
configure:4776: x86_64-linux-gnu-nm "conftest.o"
configure:4779: output
0000000000000000 B some_variable
configure:4786: result: BSD nm
configure:4789: checking whether ln -s works
configure:4793: result: yes
configure:4801: checking the maximum length of command line arguments
configure:4926: result: 3458764513820540925
configure:4943: checking whether the shell understands some XSI constructs
configure:4953: result: yes
configure:4957: checking whether the shell understands "+="
configure:4963: result: yes
configure:4998: checking for x86_64-linux-gnu-ld option to reload object files
configure:5005: result: -r
configure:5034: checking for x86_64-linux-gnu-objdump
configure:5061: result: x86_64-linux-gnu-objdump
configure:5133: checking how to recognize dependent libraries
configure:5334: result: pass_all
configure:5354: checking for x86_64-linux-gnu-ar
configure:5381: result: x86_64-linux-gnu-ar
configure:5459: checking for x86_64-linux-gnu-strip
configure:5475: found /usr/bin/x86_64-linux-gnu-strip
configure:5486: result: x86_64-linux-gnu-strip
configure:5558: checking for x86_64-linux-gnu-ranlib
configure:5585: result: x86_64-linux-gnu-ranlib
configure:5727: checking command to parse x86_64-linux-gnu-nm output from x86_64-linux-gnu-gcc object
configure:5845: x86_64-linux-gnu-gcc -c -O2 -I/home/dogi/openwrt/trunk/staging_dir/host/include  conftest.c >&5
configure:5848: $? = 0
configure:5852: x86_64-linux-gnu-nm conftest.o \| sed -n -e 's/^.*[ ]\([ABCDGIRSTW][ABCDGIRSTW]*\)[ ][ ]*\([_A-Za-z][_A-Za-z0-9]*\)$/\1 \2 \2/p' \> conftest.nm
configure:5855: $? = 0
configure:5909: x86_64-linux-gnu-gcc -o conftest -O2 -I/home/dogi/openwrt/trunk/staging_dir/host/include    conftest.c conftstm.o >&5
configure:5912: $? = 0
configure:5950: result: ok
configure:6045: x86_64-linux-gnu-gcc -c -O2 -I/home/dogi/openwrt/trunk/staging_dir/host/include  conftest.c >&5
configure:6048: $? = 0
configure:6788: checking how to run the C preprocessor
configure:6819: x86_64-linux-gnu-gcc -E  conftest.c
configure:6819: $? = 0
configure:6833: x86_64-linux-gnu-gcc -E  conftest.c
conftest.c:11:28: fatal error: ac_nonexistent.h: No such file or directory
 #include <ac_nonexistent.h>
                            ^
compilation terminated.
configure:6833: $? = 1
configure: failed program was:
| /* confdefs.h */
| #define PACKAGE_NAME "LTO plugin for ld"
| #define PACKAGE_TARNAME "lto-plugin"
| #define PACKAGE_VERSION "0.1"
| #define PACKAGE_STRING "LTO plugin for ld 0.1"
| #define PACKAGE_BUGREPORT ""
| #define PACKAGE_URL ""
| #define PACKAGE "lto-plugin"
| #define VERSION "0.1"
| /* end confdefs.h.  */
| #include <ac_nonexistent.h>
configure:6858: result: x86_64-linux-gnu-gcc -E
configure:6878: x86_64-linux-gnu-gcc -E  conftest.c
configure:6878: $? = 0
configure:6892: x86_64-linux-gnu-gcc -E  conftest.c
conftest.c:11:28: fatal error: ac_nonexistent.h: No such file or directory
 #include <ac_nonexistent.h>
                            ^
compilation terminated.
configure:6892: $? = 1
configure: failed program was:
| /* confdefs.h */
| #define PACKAGE_NAME "LTO plugin for ld"
| #define PACKAGE_TARNAME "lto-plugin"
| #define PACKAGE_VERSION "0.1"
| #define PACKAGE_STRING "LTO plugin for ld 0.1"
| #define PACKAGE_BUGREPORT ""
| #define PACKAGE_URL ""
| #define PACKAGE "lto-plugin"
| #define VERSION "0.1"
| /* end confdefs.h.  */
| #include <ac_nonexistent.h>
configure:6921: checking for ANSI C header files
configure:6941: x86_64-linux-gnu-gcc -c -O2 -I/home/dogi/openwrt/trunk/staging_dir/host/include  conftest.c >&5
configure:6941: $? = 0
configure:7014: x86_64-linux-gnu-gcc -o conftest -O2 -I/home/dogi/openwrt/trunk/staging_dir/host/include    conftest.c  >&5
configure:7014: $? = 0
configure:7014: ./conftest
configure:7014: $? = 0
configure:7025: result: yes
configure:7038: checking for sys/types.h
configure:7038: x86_64-linux-gnu-gcc -c -O2 -I/home/dogi/openwrt/trunk/staging_dir/host/include  conftest.c >&5
configure:7038: $? = 0
configure:7038: result: yes
configure:7038: checking for sys/stat.h
configure:7038: x86_64-linux-gnu-gcc -c -O2 -I/home/dogi/openwrt/trunk/staging_dir/host/include  conftest.c >&5
configure:7038: $? = 0
configure:7038: result: yes
configure:7038: checking for stdlib.h
configure:7038: x86_64-linux-gnu-gcc -c -O2 -I/home/dogi/openwrt/trunk/staging_dir/host/include  conftest.c >&5
configure:7038: $? = 0
configure:7038: result: yes
configure:7038: checking for string.h
configure:7038: x86_64-linux-gnu-gcc -c -O2 -I/home/dogi/openwrt/trunk/staging_dir/host/include  conftest.c >&5
configure:7038: $? = 0
configure:7038: result: yes
configure:7038: checking for memory.h
configure:7038: x86_64-linux-gnu-gcc -c -O2 -I/home/dogi/openwrt/trunk/staging_dir/host/include  conftest.c >&5
configure:7038: $? = 0
configure:7038: result: yes
configure:7038: checking for strings.h
configure:7038: x86_64-linux-gnu-gcc -c -O2 -I/home/dogi/openwrt/trunk/staging_dir/host/include  conftest.c >&5
configure:7038: $? = 0
configure:7038: result: yes
configure:7038: checking for inttypes.h
configure:7038: x86_64-linux-gnu-gcc -c -O2 -I/home/dogi/openwrt/trunk/staging_dir/host/include  conftest.c >&5
configure:7038: $? = 0
configure:7038: result: yes
configure:7038: checking for stdint.h
configure:7038: x86_64-linux-gnu-gcc -c -O2 -I/home/dogi/openwrt/trunk/staging_dir/host/include  conftest.c >&5
configure:7038: $? = 0
configure:7038: result: yes
configure:7038: checking for unistd.h
configure:7038: x86_64-linux-gnu-gcc -c -O2 -I/home/dogi/openwrt/trunk/staging_dir/host/include  conftest.c >&5
configure:7038: $? = 0
configure:7038: result: yes
configure:7053: checking for dlfcn.h
configure:7053: x86_64-linux-gnu-gcc -c -O2 -I/home/dogi/openwrt/trunk/staging_dir/host/include  conftest.c >&5
configure:7053: $? = 0
configure:7053: result: yes
configure:7240: checking for objdir
configure:7255: result: .libs
configure:7526: checking if x86_64-linux-gnu-gcc supports -fno-rtti -fno-exceptions
configure:7544: x86_64-linux-gnu-gcc -c -O2 -I/home/dogi/openwrt/trunk/staging_dir/host/include  -fno-rtti -fno-exceptions conftest.c >&5
cc1: warning: command line option '-fno-rtti' is valid for C++/ObjC++ but not for C [enabled by default]
configure:7548: $? = 0
configure:7561: result: no
configure:7581: checking for x86_64-linux-gnu-gcc option to produce PIC
configure:7866: result: -fPIC -DPIC
configure:7878: checking if x86_64-linux-gnu-gcc PIC flag -fPIC -DPIC works
configure:7896: x86_64-linux-gnu-gcc -c -O2 -I/home/dogi/openwrt/trunk/staging_dir/host/include  -fPIC -DPIC -DPIC conftest.c >&5
configure:7900: $? = 0
configure:7913: result: yes
configure:7937: checking if x86_64-linux-gnu-gcc static flag -static works
configure:7965: result: yes
configure:7980: checking if x86_64-linux-gnu-gcc supports -c -o file.o
configure:8001: x86_64-linux-gnu-gcc -c -O2 -I/home/dogi/openwrt/trunk/staging_dir/host/include  -o out/conftest2.o conftest.c >&5
configure:8005: $? = 0
configure:8027: result: yes
configure:8035: checking if x86_64-linux-gnu-gcc supports -c -o file.o
configure:8082: result: yes
configure:8115: checking whether the x86_64-linux-gnu-gcc linker (x86_64-linux-gnu-ld -m elf_x86_64) supports shared libraries
configure:9186: result: yes
configure:9223: checking whether -lc should be explicitly linked in
configure:9231: x86_64-linux-gnu-gcc -c -O2 -I/home/dogi/openwrt/trunk/staging_dir/host/include  conftest.c >&5
configure:9234: $? = 0
configure:9249: x86_64-linux-gnu-gcc -shared conftest.o  -v -Wl,-soname -Wl,conftest -o conftest 2\>\&1 \| /home/dogi/openwrt/trunk/staging_dir/host/bin/grep  -lc  \>/dev/null 2\>\&1
configure:9252: $? = 0
configure:9266: result: no
configure:9431: checking dynamic linker characteristics
configure:9882: x86_64-linux-gnu-gcc -o conftest -O2 -I/home/dogi/openwrt/trunk/staging_dir/host/include    -Wl,-rpath -Wl,/foo conftest.c  >&5
configure:9882: $? = 0
configure:10104: result: GNU/Linux ld.so
configure:10211: checking how to hardcode library paths into programs
configure:10236: result: immediate
configure:10776: checking whether stripping libraries is possible
configure:10781: result: yes
configure:10816: checking if libtool supports shared libraries
configure:10818: result: yes
configure:10821: checking whether to build shared libraries
configure:10842: result: yes
configure:10845: checking whether to build static libraries
configure:10849: result: yes
configure:10907: checking for int64_t
configure:10907: x86_64-linux-gnu-gcc -c -O2 -I/home/dogi/openwrt/trunk/staging_dir/host/include  conftest.c >&5
configure:10907: $? = 0
configure:10907: x86_64-linux-gnu-gcc -c -O2 -I/home/dogi/openwrt/trunk/staging_dir/host/include  conftest.c >&5
conftest.c: In function 'main':
conftest.c:60:53: warning: integer overflow in expression [-Woverflow]
    < (int64_t) ((((int64_t) 1 << (64 - 2)) - 1) * 2 + 2))];
                                                     ^
conftest.c:59:12: error: storage size of 'test_array' isn't constant
 static int test_array [1 - 2 * !((int64_t) ((((int64_t) 1 << (64 - 2)) - 1) * 2 + 1)
            ^
configure:10907: $? = 1
configure: failed program was:
| /* confdefs.h */
| #define PACKAGE_NAME "LTO plugin for ld"
| #define PACKAGE_TARNAME "lto-plugin"
| #define PACKAGE_VERSION "0.1"
| #define PACKAGE_STRING "LTO plugin for ld 0.1"
| #define PACKAGE_BUGREPORT ""
| #define PACKAGE_URL ""
| #define PACKAGE "lto-plugin"
| #define VERSION "0.1"
| #define STDC_HEADERS 1
| #define HAVE_SYS_TYPES_H 1
| #define HAVE_SYS_STAT_H 1
| #define HAVE_STDLIB_H 1
| #define HAVE_STRING_H 1
| #define HAVE_MEMORY_H 1
| #define HAVE_STRINGS_H 1
| #define HAVE_INTTYPES_H 1
| #define HAVE_STDINT_H 1
| #define HAVE_UNISTD_H 1
| #define HAVE_DLFCN_H 1
| #define LT_OBJDIR ".libs/"
| /* end confdefs.h.  */
| #include <stdio.h>
| #ifdef HAVE_SYS_TYPES_H
| # include <sys/types.h>
| #endif
| #ifdef HAVE_SYS_STAT_H
| # include <sys/stat.h>
| #endif
| #ifdef STDC_HEADERS
| # include <stdlib.h>
| # include <stddef.h>
| #else
| # ifdef HAVE_STDLIB_H
| #  include <stdlib.h>
| # endif
| #endif
| #ifdef HAVE_STRING_H
| # if !defined STDC_HEADERS && defined HAVE_MEMORY_H
| #  include <memory.h>
| # endif
| # include <string.h>
| #endif
| #ifdef HAVE_STRINGS_H
| # include <strings.h>
| #endif
| #ifdef HAVE_INTTYPES_H
| # include <inttypes.h>
| #endif
| #ifdef HAVE_STDINT_H
| # include <stdint.h>
| #endif
| #ifdef HAVE_UNISTD_H
| # include <unistd.h>
| #endif
| int
| main ()
| {
| static int test_array [1 - 2 * !((int64_t) ((((int64_t) 1 << (64 - 2)) - 1) * 2 + 1)
| 		 < (int64_t) ((((int64_t) 1 << (64 - 2)) - 1) * 2 + 2))];
| test_array [0] = 0
| 
|   ;
|   return 0;
| }
configure:10907: result: yes
configure:10918: checking for uint64_t
configure:10918: x86_64-linux-gnu-gcc -c -O2 -I/home/dogi/openwrt/trunk/staging_dir/host/include  conftest.c >&5
configure:10918: $? = 0
configure:10918: result: yes
configure:10932: checking for sys/wait.h that is POSIX.1 compatible
configure:10958: x86_64-linux-gnu-gcc -c -O2 -I/home/dogi/openwrt/trunk/staging_dir/host/include  conftest.c >&5
configure:10958: $? = 0
configure:10965: result: yes
configure:11042: updating cache ./config.cache
configure:11099: creating ./config.status

## ---------------------- ##
## Running config.status. ##
## ---------------------- ##

This file was extended by LTO plugin for ld config.status 0.1, which was
generated by GNU Autoconf 2.64.  Invocation command line was

  CONFIG_FILES    = 
  CONFIG_HEADERS  = 
  CONFIG_LINKS    = 
  CONFIG_COMMANDS = 
  $ ./config.status 

on Thinkbrett2

config.status:1079: creating Makefile
config.status:1079: creating config.h
config.status:1292: executing depfiles commands
config.status:1292: executing libtool commands

## ---------------- ##
## Cache variables. ##
## ---------------- ##

ac_cv_build=x86_64-pc-linux-gnu
ac_cv_c_compiler_gnu=yes
ac_cv_c_int64_t=yes
ac_cv_c_uint64_t=yes
ac_cv_env_CC_set=set
ac_cv_env_CC_value=x86_64-linux-gnu-gcc
ac_cv_env_CFLAGS_set=set
ac_cv_env_CFLAGS_value='-O2 -I/home/dogi/openwrt/trunk/staging_dir/host/include'
ac_cv_env_CPPFLAGS_set=
ac_cv_env_CPPFLAGS_value=
ac_cv_env_CPP_set=
ac_cv_env_CPP_value=
ac_cv_env_LDFLAGS_set=set
ac_cv_env_LDFLAGS_value=' '
ac_cv_env_LIBS_set=
ac_cv_env_LIBS_value=
ac_cv_env_build_alias_set=set
ac_cv_env_build_alias_value=x86_64-linux-gnu
ac_cv_env_host_alias_set=set
ac_cv_env_host_alias_value=x86_64-linux-gnu
ac_cv_env_target_alias_set=set
ac_cv_env_target_alias_value=mipsel-openwrt-linux-uclibc
ac_cv_header_dlfcn_h=yes
ac_cv_header_inttypes_h=yes
ac_cv_header_memory_h=yes
ac_cv_header_stdc=yes
ac_cv_header_stdint_h=yes
ac_cv_header_stdlib_h=yes
ac_cv_header_string_h=yes
ac_cv_header_strings_h=yes
ac_cv_header_sys_stat_h=yes
ac_cv_header_sys_types_h=yes
ac_cv_header_sys_wait_h=yes
ac_cv_header_unistd_h=yes
ac_cv_host=x86_64-pc-linux-gnu
ac_cv_objext=o
ac_cv_path_EGREP='/home/dogi/openwrt/trunk/staging_dir/host/bin/grep -E'
ac_cv_path_FGREP='/home/dogi/openwrt/trunk/staging_dir/host/bin/grep -F'
ac_cv_path_GREP=/home/dogi/openwrt/trunk/staging_dir/host/bin/grep
ac_cv_path_SED=/home/dogi/openwrt/trunk/staging_dir/host/bin/sed
ac_cv_path_install='/usr/bin/install -c'
ac_cv_path_mkdir=/bin/mkdir
ac_cv_prog_AR=x86_64-linux-gnu-ar
ac_cv_prog_AWK=gawk
ac_cv_prog_CC=x86_64-linux-gnu-gcc
ac_cv_prog_CPP='x86_64-linux-gnu-gcc -E'
ac_cv_prog_OBJDUMP=x86_64-linux-gnu-objdump
ac_cv_prog_RANLIB=x86_64-linux-gnu-ranlib
ac_cv_prog_STRIP=x86_64-linux-gnu-strip
ac_cv_prog_cc_c89=
ac_cv_prog_cc_g=yes
ac_cv_prog_make_make_set=yes
ac_cv_sys_file_offset_bits=no
ac_cv_sys_largefile_CC=no
ac_cv_target=mipsel-openwrt-linux-uclibc
acx_cv_prog_cc_warning__Wall=yes
am_cv_CC_dependencies_compiler_type=gcc3
glibcxx_cv_c99_math_tr1=no
libgcc_cv_fixed_point=no
lt_cv_archive_cmds_need_lc=no
lt_cv_deplibs_check_method=pass_all
lt_cv_file_magic_cmd='$MAGIC_CMD'
lt_cv_file_magic_test_file=
lt_cv_ld_reload_flag=-r
lt_cv_nm_interface='BSD nm'
lt_cv_objdir=.libs
lt_cv_path_LD=x86_64-linux-gnu-ld
lt_cv_path_NM=x86_64-linux-gnu-nm
lt_cv_prog_compiler_c_o=yes
lt_cv_prog_compiler_pic_works=yes
lt_cv_prog_compiler_rtti_exceptions=no
lt_cv_prog_compiler_static_works=yes
lt_cv_prog_gnu_ld=yes
lt_cv_shlibpath_overrides_runpath=no
lt_cv_sys_global_symbol_pipe='sed -n -e '\''s/^.*[	 ]\([ABCDGIRSTW][ABCDGIRSTW]*\)[	 ][	 ]*\([_A-Za-z][_A-Za-z0-9]*\)$/\1 \2 \2/p'\'''
lt_cv_sys_global_symbol_to_c_name_address='sed -n -e '\''s/^: \([^ ]*\) $/  {\"\1\", (void *) 0},/p'\'' -e '\''s/^[ABCDGIRSTW]* \([^ ]*\) \([^ ]*\)$/  {"\2", (void *) \&\2},/p'\'''
lt_cv_sys_global_symbol_to_c_name_address_lib_prefix='sed -n -e '\''s/^: \([^ ]*\) $/  {\"\1\", (void *) 0},/p'\'' -e '\''s/^[ABCDGIRSTW]* \([^ ]*\) \(lib[^ ]*\)$/  {"\2", (void *) \&\2},/p'\'' -e '\''s/^[ABCDGIRSTW]* \([^ ]*\) \([^ ]*\)$/  {"lib\2", (void *) \&\2},/p'\'''
lt_cv_sys_global_symbol_to_cdecl='sed -n -e '\''s/^T .* \(.*\)$/extern int \1();/p'\'' -e '\''s/^[ABCDGIRSTW]* .* \(.*\)$/extern char \1;/p'\'''
lt_cv_sys_max_cmd_len=3458764513820540925

## ----------------- ##
## Output variables. ##
## ----------------- ##

ACLOCAL='${SHELL} /home/dogi/openwrt/trunk/build_dir/toolchain-mipsel_24kec+dsp_gcc-4.6-linaro_uClibc-0.9.33.2/gcc-linaro-4.6-2013.05/missing --run aclocal-1.11'
AMDEPBACKSLASH='\'
AMDEP_FALSE='#'
AMDEP_TRUE=''
AMTAR='${SHELL} /home/dogi/openwrt/trunk/build_dir/toolchain-mipsel_24kec+dsp_gcc-4.6-linaro_uClibc-0.9.33.2/gcc-linaro-4.6-2013.05/missing --run tar'
AR='x86_64-linux-gnu-ar'
AUTOCONF='${SHELL} /home/dogi/openwrt/trunk/build_dir/toolchain-mipsel_24kec+dsp_gcc-4.6-linaro_uClibc-0.9.33.2/gcc-linaro-4.6-2013.05/missing --run autoconf'
AUTOHEADER='${SHELL} /home/dogi/openwrt/trunk/build_dir/toolchain-mipsel_24kec+dsp_gcc-4.6-linaro_uClibc-0.9.33.2/gcc-linaro-4.6-2013.05/missing --run autoheader'
AUTOMAKE='${SHELL} /home/dogi/openwrt/trunk/build_dir/toolchain-mipsel_24kec+dsp_gcc-4.6-linaro_uClibc-0.9.33.2/gcc-linaro-4.6-2013.05/missing --run automake-1.11'
AWK='gawk'
CC='x86_64-linux-gnu-gcc'
CCDEPMODE='depmode=gcc3'
CFLAGS='-O2 -I/home/dogi/openwrt/trunk/staging_dir/host/include'
CPP='x86_64-linux-gnu-gcc -E'
CPPFLAGS=''
CYGPATH_W='echo'
DEFS='-DHAVE_CONFIG_H'
DEPDIR='.deps'
DSYMUTIL=''
DUMPBIN=''
ECHO_C=''
ECHO_N='-n'
ECHO_T=''
EGREP='/home/dogi/openwrt/trunk/staging_dir/host/bin/grep -E'
EXEEXT=''
FGREP='/home/dogi/openwrt/trunk/staging_dir/host/bin/grep -F'
GREP='/home/dogi/openwrt/trunk/staging_dir/host/bin/grep'
INSTALL_DATA='${INSTALL} -m 644'
INSTALL_PROGRAM='${INSTALL}'
INSTALL_SCRIPT='${INSTALL}'
INSTALL_STRIP_PROGRAM='$(install_sh) -c -s'
LD='x86_64-linux-gnu-ld -m elf_x86_64'
LDFLAGS=' '
LIBOBJS=''
LIBS=''
LIBTOOL='$(SHELL) $(top_builddir)/libtool'
LIPO=''
LN_S='ln -s'
LTLIBOBJS=''
MAINT='#'
MAINTAINER_MODE_FALSE=''
MAINTAINER_MODE_TRUE='#'
MAKEINFO='makeinfo'
MKDIR_P='/bin/mkdir -p'
NM='x86_64-linux-gnu-nm'
NMEDIT=''
OBJDUMP='x86_64-linux-gnu-objdump'
OBJEXT='o'
OTOOL64=''
OTOOL=''
PACKAGE='lto-plugin'
PACKAGE_BUGREPORT=''
PACKAGE_NAME='LTO plugin for ld'
PACKAGE_STRING='LTO plugin for ld 0.1'
PACKAGE_TARNAME='lto-plugin'
PACKAGE_URL=''
PACKAGE_VERSION='0.1'
PATH_SEPARATOR=':'
RANLIB='x86_64-linux-gnu-ranlib'
SED='/home/dogi/openwrt/trunk/staging_dir/host/bin/sed'
SET_MAKE=''
SHELL='/bin/bash'
STRIP='x86_64-linux-gnu-strip'
VERSION='0.1'
ac_ct_CC=''
ac_ct_DUMPBIN=''
ac_lto_plugin_warn_cflags='-Wall'
am__EXEEXT_FALSE=''
am__EXEEXT_TRUE='#'
am__fastdepCC_FALSE='#'
am__fastdepCC_TRUE=''
am__include='include'
am__isrc=' -I$(srcdir)'
am__leading_dot='.'
am__quote=''
am__tar='${AMTAR} chof - "$$tardir"'
am__untar='${AMTAR} xf -'
bindir='${exec_prefix}/bin'
build='x86_64-pc-linux-gnu'
build_alias='x86_64-linux-gnu'
build_cpu='x86_64'
build_libsubdir='build-x86_64-linux-gnu'
build_os='linux-gnu'
build_subdir='build-x86_64-linux-gnu'
build_vendor='pc'
datadir='${datarootdir}'
datarootdir='${prefix}/share'
docdir='${datarootdir}/doc/${PACKAGE_TARNAME}'
dvidir='${docdir}'
exec_prefix='${prefix}'
host='x86_64-pc-linux-gnu'
host_alias='x86_64-linux-gnu'
host_cpu='x86_64'
host_os='linux-gnu'
host_subdir='.'
host_vendor='pc'
htmldir='${docdir}'
includedir='${prefix}/include'
infodir='${datarootdir}/info'
install_sh='${SHELL} /home/dogi/openwrt/trunk/build_dir/toolchain-mipsel_24kec+dsp_gcc-4.6-linaro_uClibc-0.9.33.2/gcc-linaro-4.6-2013.05/install-sh'
libdir='${exec_prefix}/lib'
libexecdir='${exec_prefix}/libexec'
localedir='${datarootdir}/locale'
localstatedir='${prefix}/var'
lt_host_flags=''
mandir='${datarootdir}/man'
mkdir_p='/bin/mkdir -p'
oldincludedir='/usr/include'
pdfdir='${docdir}'
prefix='/home/dogi/openwrt/trunk/staging_dir/toolchain-mipsel_24kec+dsp_gcc-4.6-linaro_uClibc-0.9.33.2'
program_transform_name='s&^&mipsel-openwrt-linux-uclibc-&'
psdir='${docdir}'
sbindir='${exec_prefix}/sbin'
sharedstatedir='${prefix}/com'
sysconfdir='${prefix}/etc'
target='mipsel-openwrt-linux-uclibc'
target_alias='mipsel-openwrt-linux-uclibc'
target_cpu='mipsel'
target_noncanonical='mipsel-openwrt-linux-uclibc'
target_os='linux-uclibc'
target_subdir='mipsel-openwrt-linux-uclibc'
target_vendor='openwrt'

## ----------- ##
## confdefs.h. ##
## ----------- ##

/* confdefs.h */
#define PACKAGE_NAME "LTO plugin for ld"
#define PACKAGE_TARNAME "lto-plugin"
#define PACKAGE_VERSION "0.1"
#define PACKAGE_STRING "LTO plugin for ld 0.1"
#define PACKAGE_BUGREPORT ""
#define PACKAGE_URL ""
#define PACKAGE "lto-plugin"
#define VERSION "0.1"
#define STDC_HEADERS 1
#define HAVE_SYS_TYPES_H 1
#define HAVE_SYS_STAT_H 1
#define HAVE_STDLIB_H 1
#define HAVE_STRING_H 1
#define HAVE_MEMORY_H 1
#define HAVE_STRINGS_H 1
#define HAVE_INTTYPES_H 1
#define HAVE_STDINT_H 1
#define HAVE_UNISTD_H 1
#define HAVE_DLFCN_H 1
#define LT_OBJDIR ".libs/"
#define HAVE_SYS_WAIT_H 1

configure: exit 0
